#
# A fatal error has been detected by the Java Runtime Environment:
#
#  SIGSEGV (0xb) at pc=0x000000012808a3fd, pid=2536, tid=775
#
# JRE version: Java(TM) SE Runtime Environment (8.0_31-b13) (build 1.8.0_31-b13)
# Java VM: Java HotSpot(TM) 64-Bit Server VM (25.31-b07 mixed mode bsd-amd64 compressed oops)
# Problematic frame:
# C  [libglass.dylib+0x163fd]  GlassScreenDidChangeScreenParameters+0x9d
#
# Failed to write core dump. Core dumps have been disabled. To enable core dumping, try "ulimit -c unlimited" before starting Java again
#
# If you would like to submit a bug report, please visit:
#   http://bugreport.java.com/bugreport/crash.jsp
#

---------------  T H R E A D  ---------------

Current thread is native thread

siginfo: si_signo: 11 (SIGSEGV), si_code: 1 (SEGV_MAPERR), si_addr: 0x0000000000000000

Registers:
RAX=0x00000001280bce40, RBX=0x0000000000000000, RCX=0x0000000000000103, RDX=0x00007ffdddc35060
RSP=0x00007fff51570b20, RBP=0x00007fff51570b30, RSI=0x00007ffddb70c068, RDI=0x0000000000000000
R8 =0x0000000000000040, R9 =0x00007fffcda64040, R10=0xffffffffffffffff, R11=0x0000000000012068
R12=0x0000000000000000, R13=0x00007ffddb75a3b0, R14=0x00007ffddb5071b0, R15=0x0000000000000000
RIP=0x000000012808a3fd, EFLAGS=0x0000000000010206, ERR=0x0000000000000004
  TRAPNO=0x000000000000000e

Top of Stack: (sp=0x00007fff51570b20)
0x00007fff51570b20:   00007ffddb75a3f0 00007ffddb5071b0
0x00007fff51570b30:   00007fff51570b40 00007fffaf42150c
0x00007fff51570b40:   00007fff51570bb0 00007fffaf42140b
0x00007fff51570b50:   000000010e6aaa00 00007fffcda5f060
0x00007fff51570b60:   00000000c2000000 00007fffaf421460
0x00007fff51570b70:   00007fffca2df680 00007ffddb75a3b0
0x00007fff51570b80:   00007ffddb5071b0 00007fff51571378
0x00007fff51570b90:   00007fffc427b040 00007fff51570c80
0x00007fff51570ba0:   00007ffddb75a3b0 00007fffadb26078
0x00007fff51570bb0:   00007fff51570bf0 00007fffaf421172
0x00007fff51570bc0:   00007fff515711c0 0000000000000000
0x00007fff51570bd0:   00007fffc427b040 00007fff51570c80
0x00007fff51570be0:   00007fff51571378 00007fffadb26078
0x00007fff51570bf0:   00007fff51571310 00007fffaf3de5a3
0x00007fff51570c00:   00007fff51570c20 00007fffaf3a08f0
0x00007fff51570c10:   00007ffddb736610 000000000000000d
0x00007fff51570c20:   00007ffddb407020 00007fffca2e0cb0
0x00007fff51570c30:   0000000000000000 00007ffddc12f048
0x00007fff51570c40:   00007ffddb407001 00007ffddb5516e0
0x00007fff51570c50:   00007fffca4130e0 0000000000000000
0x00007fff51570c60:   00007ffddb75a4a0 0000000000000000
0x00007fff51570c70:   0000000000000000 00007fffca31f900
0x00007fff51570c80:   00007fff515711c0 0000000000000001
0x00007fff51570c90:   0000000000000100 00007fffca320e00
0x00007fff51570ca0:   00007fff515710c0 0000000000000000
0x00007fff51570cb0:   0000000000000100 00007fffaf3d9200
0x00007fff51570cc0:   000000000000000d 00007ffddb736610
0x00007fff51570cd0:   00007ffddb736610 00007fffca320e80
0x00007fff51570ce0:   00007ffddb503630 0000000000000001
0x00007fff51570cf0:   00007fff51571380 00007fffaf3d8d69
0x00007fff51570d00:   00007fffca412da0 00007ffddb5b97e1
0x00007fff51570d10:   0000000000000001 0000000000000000 

Instructions: (pc=0x000000012808a3fd)
0x000000012808a3dd:   89 df 4c 89 f1 41 ff 90 68 04 00 00 48 8d 05 58
0x000000012808a3ed:   29 03 00 48 8b 30 48 8d 05 46 2a 03 00 48 8b 10
0x000000012808a3fd:   48 8b 0b 30 c0 48 89 df ff 91 68 04 00 00 48 8b
0x000000012808a40d:   03 48 89 df ff 50 78 48 85 c0 74 36 49 89 c6 48 

Register to memory mapping:

RAX=0x00000001280bce40: jScreenNotifySettingsChanged+0 in /Library/Java/JavaVirtualMachines/jdk1.8.0_31.jdk/Contents/Home/jre/lib/libglass.dylib at 0x0000000128074000
RBX=0x0000000000000000 is an unknown value
RCX=0x0000000000000103 is an unknown value
RDX=0x00007ffdddc35060 is an unknown value
RSP=0x00007fff51570b20 is an unknown value
RBP=0x00007fff51570b30 is an unknown value
RSI=0x00007ffddb70c068 is a global jni handle
RDI=0x0000000000000000 is an unknown value
R8 =0x0000000000000040 is an unknown value
R9 =0x00007fffcda64040: __sFX+0x1c0 in /usr/lib/system/libsystem_c.dylib at 0x00007fffc4ba3000
R10=0xffffffffffffffff is an unknown value
R11=0x0000000000012068 is an unknown value
R12=0x0000000000000000 is an unknown value
R13=0x00007ffddb75a3b0 is an unknown value
R14=0x00007ffddb5071b0 is an unknown value
R15=0x0000000000000000 is an unknown value


Stack: [0x00007fff50d74000,0x00007fff51574000],  sp=0x00007fff51570b20,  free space=8178k
Native frames: (J=compiled Java code, j=interpreted, Vv=VM code, C=native code)
C  [libglass.dylib+0x163fd]  GlassScreenDidChangeScreenParameters+0x9d
C  [CoreFoundation+0x9d50c]  __CFNOTIFICATIONCENTER_IS_CALLING_OUT_TO_AN_OBSERVER__+0xc
C  [CoreFoundation+0x9d40b]  _CFXRegistrationPost+0x1ab
C  [CoreFoundation+0x9d172]  ___CFXNotificationPost_block_invoke+0x32
C  [CoreFoundation+0x5a5a3]  -[_CFXNotificationRegistrar find:object:observer:enumerator:]+0x723
C  [CoreFoundation+0x595dc]  _CFXNotificationPost+0x25c
C  [Foundation+0x6997]  -[NSNotificationCenter postNotificationName:object:userInfo:]+0x42
C  [AppKit+0x3f0e8a]  -[NSApplication _reactToScreenInvalidationImmediately:]+0x18f
C  [AppKit+0x3f0cc7]  __44-[NSApplication _reactToScreenInvalidation:]_block_invoke+0x3b
C  [CoreFoundation+0xa721c]  __CFRUNLOOP_IS_CALLING_OUT_TO_A_BLOCK__+0xc
C  [CoreFoundation+0x88034]  __CFRunLoopDoBlocks+0x164
C  [CoreFoundation+0x87b76]  __CFRunLoopRun+0x756
C  [CoreFoundation+0x871c4]  CFRunLoopRunSpecific+0x1a4
C  [java+0x56cc]  CreateExecutionEnvironment+0x367
C  [java+0x165c]  JLI_Launch+0x7a0
C  [java+0x768a]  main+0x65
C  [java+0xeb4]  start+0x34


---------------  P R O C E S S  ---------------

VM state:at safepoint (normal execution)

VM Mutex/Monitor currently owned by a thread:  ([mutex/lock_event])
[0x00007ffddb609eb0] Threads_lock - owner thread: 0x00007ffddc826000
[0x00007ffddb60a3b0] Heap_lock - owner thread: 0x00007ffddb9a5000

Heap:
 PSYoungGen      total 38400K, used 7956K [0x0000000795580000, 0x0000000798000000, 0x00000007c0000000)
  eden space 33280K, 8% used [0x0000000795580000,0x00000007958473e0,0x0000000797600000)
  from space 5120K, 99% used [0x0000000797600000,0x0000000797afe010,0x0000000797b00000)
  to   space 5120K, 0% used [0x0000000797b00000,0x0000000797b00000,0x0000000798000000)
 ParOldGen       total 87552K, used 2550K [0x0000000740000000, 0x0000000745580000, 0x0000000795580000)
  object space 87552K, 2% used [0x0000000740000000,0x000000074027db70,0x0000000745580000)
 Metaspace       used 14228K, capacity 14822K, committed 15104K, reserved 1062912K
  class space    used 2114K, capacity 2252K, committed 2304K, reserved 1048576K

Card table byte_map: [0x00000001103c0000,0x00000001107c1000] byte_map_base: 0x000000010c9c0000

Marking Bits: (ParMarkBitMap*) 0x000000010efa6410
 Begin Bits: [0x0000000121e8d000, 0x0000000123e8d000)
 End Bits:   [0x0000000123e8d000, 0x0000000125e8d000)

Polling page: 0x000000010f669000

CodeCache: size=245760Kb used=3983Kb max_used=3983Kb free=241776Kb
 bounds [0x0000000112e8d000, 0x000000011327d000, 0x0000000121e8d000]
 total_blobs=1770 nmethods=1144 adapters=540
 compilation: enabled

Compilation events (10 events):
Event: 16.037 Thread 0x00007ffddc83e000 1144       3       java.util.WeakHashMap::<init> (133 bytes)
Event: 16.038 Thread 0x00007ffddc83e000 nmethod 1144 0x000000011326e450 code [0x000000011326e740, 0x000000011326fe48]
Event: 16.038 Thread 0x00007ffddc83e000 1145       3       java.lang.invoke.LambdaForm$Name::<init> (14 bytes)
Event: 16.038 Thread 0x00007ffddc83e000 nmethod 1145 0x00000001132709d0 code [0x0000000113270b60, 0x0000000113270f98]
Event: 16.039 Thread 0x00007ffddc83e000 1143       3       java.util.WeakHashMap::<init> (9 bytes)
Event: 16.039 Thread 0x00007ffddc83e000 nmethod 1143 0x0000000113271190 code [0x0000000113271320, 0x00000001132714c8]
Event: 16.039 Thread 0x00007ffddc83e000 1146       1       java.lang.invoke.MethodHandle::internalForm (5 bytes)
Event: 16.039 Thread 0x00007ffddc83e000 nmethod 1146 0x0000000113271550 code [0x00000001132716a0, 0x00000001132717b0]
Event: 16.041 Thread 0x00007ffddc83e000 1147       3       sun.misc.Unsafe::getAndAddInt (27 bytes)
Event: 16.041 Thread 0x00007ffddc83e000 nmethod 1147 0x0000000113271b90 code [0x0000000113271d00, 0x0000000113271f10]

GC Heap History (2 events):
Event: 2.389 GC heap before
{Heap before GC invocations=1 (full 0):
 PSYoungGen      total 38400K, used 33280K [0x0000000795580000, 0x0000000798000000, 0x00000007c0000000)
  eden space 33280K, 100% used [0x0000000795580000,0x0000000797600000,0x0000000797600000)
  from space 5120K, 0% used [0x0000000797b00000,0x0000000797b00000,0x0000000798000000)
  to   space 5120K, 0% used [0x0000000797600000,0x0000000797600000,0x0000000797b00000)
 ParOldGen       total 87552K, used 0K [0x0000000740000000, 0x0000000745580000, 0x0000000795580000)
  object space 87552K, 0% used [0x0000000740000000,0x0000000740000000,0x0000000745580000)
 Metaspace       used 13805K, capacity 14312K, committed 14592K, reserved 1060864K
  class space    used 2064K, capacity 2197K, committed 2304K, reserved 1048576K
Event: 2.399 GC heap after
Heap after GC invocations=1 (full 0):
 PSYoungGen      total 38400K, used 5112K [0x0000000795580000, 0x0000000798000000, 0x00000007c0000000)
  eden space 33280K, 0% used [0x0000000795580000,0x0000000795580000,0x0000000797600000)
  from space 5120K, 99% used [0x0000000797600000,0x0000000797afe010,0x0000000797b00000)
  to   space 5120K, 0% used [0x0000000797b00000,0x0000000797b00000,0x0000000798000000)
 ParOldGen       total 87552K, used 2550K [0x0000000740000000, 0x0000000745580000, 0x0000000795580000)
  object space 87552K, 2% used [0x0000000740000000,0x000000074027db70,0x0000000745580000)
 Metaspace       used 13805K, capacity 14312K, committed 14592K, reserved 1060864K
  class space    used 2064K, capacity 2197K, committed 2304K, reserved 1048576K
}

Deoptimization events (10 events):
Event: 1.218 Thread 0x00007ffddc134000 Uncommon trap: reason=unreached action=reinterpret pc=0x00000001130e01c4 method=java.util.HashMap.getNode(ILjava/lang/Object;)Ljava/util/HashMap$Node; @ 84
Event: 1.218 Thread 0x00007ffddc134000 Uncommon trap: reason=unreached action=reinterpret pc=0x00000001130dcaa4 method=java.util.HashMap.getNode(ILjava/lang/Object;)Ljava/util/HashMap$Node; @ 84
Event: 1.554 Thread 0x00007ffddc134000 Uncommon trap: reason=class_check action=maybe_recompile pc=0x00000001130f26d0 method=java.io.DataInputStream.readShort()S @ 4
Event: 1.554 Thread 0x00007ffddc134000 Uncommon trap: reason=class_check action=maybe_recompile pc=0x00000001130f26d0 method=java.io.DataInputStream.readShort()S @ 4
Event: 1.554 Thread 0x00007ffddc134000 Uncommon trap: reason=class_check action=maybe_recompile pc=0x00000001130f26d0 method=java.io.DataInputStream.readShort()S @ 4
Event: 1.554 Thread 0x00007ffddc134000 Uncommon trap: reason=class_check action=maybe_recompile pc=0x00000001130f26d0 method=java.io.DataInputStream.readShort()S @ 4
Event: 1.559 Thread 0x00007ffddc134000 Uncommon trap: reason=class_check action=maybe_recompile pc=0x0000000112fb19dc method=java.lang.String.equals(Ljava/lang/Object;)Z @ 8
Event: 1.559 Thread 0x00007ffddc134000 Uncommon trap: reason=class_check action=maybe_recompile pc=0x0000000112fb19dc method=java.lang.String.equals(Ljava/lang/Object;)Z @ 8
Event: 1.559 Thread 0x00007ffddc134000 Uncommon trap: reason=class_check action=maybe_recompile pc=0x0000000112fb19dc method=java.lang.String.equals(Ljava/lang/Object;)Z @ 8
Event: 1.562 Thread 0x00007ffddc134000 Uncommon trap: reason=class_check action=maybe_recompile pc=0x0000000112fb19dc method=java.lang.String.equals(Ljava/lang/Object;)Z @ 8

Internal exceptions (10 events):
Event: 0.198 Thread 0x00007ffddd03f800 Exception <a 'java/security/PrivilegedActionException'> (0x00000007958e9ff0) thrown at [/Users/java_re/workspace/8-2-build-macosx-x86_64/jdk8u31/2394/hotspot/src/share/vm/prims/jvm.cpp, line 1312]
Event: 0.198 Thread 0x00007ffddd03f800 Exception <a 'java/lang/NullPointerException'> (0x00000007958ea780) thrown at [/Users/java_re/workspace/8-2-build-macosx-x86_64/jdk8u31/2394/hotspot/src/share/vm/interpreter/linkResolver.cpp, line 1178]
Event: 0.542 Thread 0x00007ffddc134000 Exception <a 'java/lang/NullPointerException'> (0x00000007961d2598) thrown at [/Users/java_re/workspace/8-2-build-macosx-x86_64/jdk8u31/2394/hotspot/src/share/vm/interpreter/linkResolver.cpp, line 1178]
Event: 0.542 Thread 0x00007ffddc134000 Exception <a 'java/lang/NullPointerException'> (0x00000007961d2598) thrown at [/Users/java_re/workspace/8-2-build-macosx-x86_64/jdk8u31/2394/hotspot/src/share/vm/prims/jvm.cpp, line 1316]
Event: 1.440 Thread 0x00007ffddc134000 Exception <a 'java/security/PrivilegedActionException'> (0x0000000796b24ee0) thrown at [/Users/java_re/workspace/8-2-build-macosx-x86_64/jdk8u31/2394/hotspot/src/share/vm/prims/jvm.cpp, line 1312]
Event: 1.442 Thread 0x00007ffddc134000 Exception <a 'java/security/PrivilegedActionException'> (0x0000000796b3a438) thrown at [/Users/java_re/workspace/8-2-build-macosx-x86_64/jdk8u31/2394/hotspot/src/share/vm/prims/jvm.cpp, line 1312]
Event: 1.444 Thread 0x00007ffddc134000 Exception <a 'java/security/PrivilegedActionException'> (0x0000000796b59e78) thrown at [/Users/java_re/workspace/8-2-build-macosx-x86_64/jdk8u31/2394/hotspot/src/share/vm/prims/jvm.cpp, line 1312]
Event: 1.683 Thread 0x00007ffddc134000 Exception <a 'java/security/PrivilegedActionException'> (0x0000000796e925a0) thrown at [/Users/java_re/workspace/8-2-build-macosx-x86_64/jdk8u31/2394/hotspot/src/share/vm/prims/jvm.cpp, line 1312]
Event: 1.685 Thread 0x00007ffddc134000 Exception <a 'java/security/PrivilegedActionException'> (0x0000000796ea87f8) thrown at [/Users/java_re/workspace/8-2-build-macosx-x86_64/jdk8u31/2394/hotspot/src/share/vm/prims/jvm.cpp, line 1312]
Event: 1.690 Thread 0x00007ffddc134000 Exception <a 'java/security/PrivilegedActionException'> (0x0000000796ec2ec0) thrown at [/Users/java_re/workspace/8-2-build-macosx-x86_64/jdk8u31/2394/hotspot/src/share/vm/prims/jvm.cpp, line 1312]

Events (10 events):
Event: 16.041 loading class java/util/IdentityHashMap$KeySet done
Event: 16.041 loading class java/util/IdentityHashMap$KeyIterator
Event: 16.041 loading class java/util/IdentityHashMap$IdentityHashMapIterator
Event: 16.041 loading class java/util/IdentityHashMap$IdentityHashMapIterator done
Event: 16.041 loading class java/util/IdentityHashMap$KeyIterator done
Event: 16.041 Thread 0x00007ffddc134000 Thread added: 0x00007ffddc134000
Event: 16.042 loading class com/sun/javafx/font/PrismFontFile
Event: 16.042 loading class com/sun/javafx/font/PrismFontFile done
Event: 16.042 Thread 0x00007ffddc134000 Thread exited: 0x00007ffddc134000
Event: 16.042 Thread 0x00007ffddb9a5000 Thread exited: 0x00007ffddb9a5000


Dynamic libraries:
0x000000003a010000 	/System/Library/Frameworks/Cocoa.framework/Versions/A/Cocoa
0x000000003a010000 	/System/Library/Frameworks/Security.framework/Versions/A/Security
0x000000003a010000 	/System/Library/Frameworks/ApplicationServices.framework/Versions/A/ApplicationServices
0x000000003a010000 	/usr/lib/libz.1.dylib
0x000000003a010000 	/usr/lib/libSystem.B.dylib
0x000000003a010000 	/usr/lib/libobjc.A.dylib
0x000000003a010000 	/System/Library/Frameworks/CoreFoundation.framework/Versions/A/CoreFoundation
0x000000003a010000 	/System/Library/Frameworks/Foundation.framework/Versions/C/Foundation
0x000000003a010000 	/System/Library/Frameworks/AppKit.framework/Versions/C/AppKit
0x000000003a010000 	/System/Library/Frameworks/CoreData.framework/Versions/A/CoreData
0x000000003a010000 	/System/Library/PrivateFrameworks/RemoteViewServices.framework/Versions/A/RemoteViewServices
0x000000003a010000 	/System/Library/PrivateFrameworks/UIFoundation.framework/Versions/A/UIFoundation
0x000000003a010000 	/System/Library/PrivateFrameworks/DFRFoundation.framework/Versions/A/DFRFoundation
0x000000003a010000 	/usr/lib/libenergytrace.dylib
0x000000003a010000 	/System/Library/PrivateFrameworks/SkyLight.framework/Versions/A/SkyLight
0x000000003a010000 	/System/Library/Frameworks/CoreGraphics.framework/Versions/A/CoreGraphics
0x000000003a010000 	/usr/lib/libScreenReader.dylib
0x000000003a010000 	/System/Library/Frameworks/Accelerate.framework/Versions/A/Accelerate
0x000000003a010000 	/System/Library/Frameworks/IOSurface.framework/Versions/A/IOSurface
0x000000003a010000 	/System/Library/Frameworks/AudioToolbox.framework/Versions/A/AudioToolbox
0x000000003a010000 	/System/Library/Frameworks/AudioUnit.framework/Versions/A/AudioUnit
0x000000003a010000 	/System/Library/PrivateFrameworks/DataDetectorsCore.framework/Versions/A/DataDetectorsCore
0x000000003a010000 	/System/Library/PrivateFrameworks/DesktopServicesPriv.framework/Versions/A/DesktopServicesPriv
0x000000003a010000 	/System/Library/Frameworks/Carbon.framework/Versions/A/Frameworks/HIToolbox.framework/Versions/A/HIToolbox
0x000000003a010000 	/usr/lib/libicucore.A.dylib
0x000000003a010000 	/System/Library/Frameworks/QuartzCore.framework/Versions/A/QuartzCore
0x000000003a010000 	/System/Library/Frameworks/Carbon.framework/Versions/A/Frameworks/SpeechRecognition.framework/Versions/A/SpeechRecognition
0x000000003a010000 	/usr/lib/libauto.dylib
0x000000003a010000 	/usr/lib/libxml2.2.dylib
0x000000003a010000 	/System/Library/PrivateFrameworks/CoreUI.framework/Versions/A/CoreUI
0x000000003a010000 	/System/Library/Frameworks/CoreAudio.framework/Versions/A/CoreAudio
0x000000003a010000 	/System/Library/Frameworks/DiskArbitration.framework/Versions/A/DiskArbitration
0x000000003a010000 	/usr/lib/liblangid.dylib
0x000000003a010000 	/System/Library/PrivateFrameworks/MultitouchSupport.framework/Versions/A/MultitouchSupport
0x000000003a010000 	/System/Library/Frameworks/IOKit.framework/Versions/A/IOKit
0x000000003a010000 	/usr/lib/libDiagnosticMessagesClient.dylib
0x000000003a010000 	/System/Library/Frameworks/CoreServices.framework/Versions/A/CoreServices
0x000000003a010000 	/System/Library/PrivateFrameworks/PerformanceAnalysis.framework/Versions/A/PerformanceAnalysis
0x000000003a010000 	/System/Library/PrivateFrameworks/GenerationalStorage.framework/Versions/A/GenerationalStorage
0x000000003a010000 	/System/Library/Frameworks/OpenGL.framework/Versions/A/OpenGL
0x000000003a010000 	/System/Library/Frameworks/CoreImage.framework/Versions/A/CoreImage
0x000000003a010000 	/System/Library/Frameworks/CoreText.framework/Versions/A/CoreText
0x000000003a010000 	/System/Library/Frameworks/ImageIO.framework/Versions/A/ImageIO
0x000000003a010000 	/System/Library/PrivateFrameworks/Backup.framework/Versions/A/Backup
0x000000003a010000 	/usr/lib/libarchive.2.dylib
0x000000003a010000 	/System/Library/Frameworks/CFNetwork.framework/Versions/A/CFNetwork
0x000000003a010000 	/System/Library/Frameworks/SystemConfiguration.framework/Versions/A/SystemConfiguration
0x000000003a010000 	/usr/lib/libCRFSuite.dylib
0x000000003a010000 	/usr/lib/libc++.1.dylib
0x000000003a010000 	/usr/lib/libc++abi.dylib
0x000000003a010000 	/usr/lib/system/libcache.dylib
0x000000003a010000 	/usr/lib/system/libcommonCrypto.dylib
0x000000003a010000 	/usr/lib/system/libcompiler_rt.dylib
0x000000003a010000 	/usr/lib/system/libcopyfile.dylib
0x000000003a010000 	/usr/lib/system/libcorecrypto.dylib
0x000000003a010000 	/usr/lib/system/libdispatch.dylib
0x000000003a010000 	/usr/lib/system/libdyld.dylib
0x000000003a010000 	/usr/lib/system/libkeymgr.dylib
0x000000003a010000 	/usr/lib/system/liblaunch.dylib
0x000000003a010000 	/usr/lib/system/libmacho.dylib
0x000000003a010000 	/usr/lib/system/libquarantine.dylib
0x000000003a010000 	/usr/lib/system/libremovefile.dylib
0x000000003a010000 	/usr/lib/system/libsystem_asl.dylib
0x000000003a010000 	/usr/lib/system/libsystem_blocks.dylib
0x000000003a010000 	/usr/lib/system/libsystem_c.dylib
0x000000003a010000 	/usr/lib/system/libsystem_configuration.dylib
0x000000003a010000 	/usr/lib/system/libsystem_coreservices.dylib
0x000000003a010000 	/usr/lib/system/libsystem_coretls.dylib
0x000000003a010000 	/usr/lib/system/libsystem_dnssd.dylib
0x000000003a010000 	/usr/lib/system/libsystem_info.dylib
0x000000003a010000 	/usr/lib/system/libsystem_kernel.dylib
0x000000003a010000 	/usr/lib/system/libsystem_m.dylib
0x000000003a010000 	/usr/lib/system/libsystem_malloc.dylib
0x000000003a010000 	/usr/lib/system/libsystem_network.dylib
0x000000003a010000 	/usr/lib/system/libsystem_networkextension.dylib
0x000000003a010000 	/usr/lib/system/libsystem_notify.dylib
0x000000003a010000 	/usr/lib/system/libsystem_platform.dylib
0x000000003a010000 	/usr/lib/system/libsystem_pthread.dylib
0x000000003a010000 	/usr/lib/system/libsystem_sandbox.dylib
0x000000003a010000 	/usr/lib/system/libsystem_secinit.dylib
0x000000003a010000 	/usr/lib/system/libsystem_symptoms.dylib
0x000000003a010000 	/usr/lib/system/libsystem_trace.dylib
0x000000003a010000 	/usr/lib/system/libunwind.dylib
0x000000003a010000 	/usr/lib/system/libxpc.dylib
0x000000003a010000 	/usr/lib/libbsm.0.dylib
0x000000003a010000 	/usr/lib/system/libkxld.dylib
0x000000003a010000 	/usr/lib/libcoretls.dylib
0x000000003a010000 	/usr/lib/libcoretls_cfhelpers.dylib
0x000000003a010000 	/usr/lib/libOpenScriptingUtil.dylib
0x000000003a010000 	/usr/lib/libpam.2.dylib
0x000000003a010000 	/usr/lib/libsqlite3.dylib
0x000000003a010000 	/usr/lib/libxar.1.dylib
0x000000003a010000 	/usr/lib/libbz2.1.0.dylib
0x000000003a010000 	/usr/lib/liblzma.5.dylib
0x000000003a010000 	/usr/lib/libnetwork.dylib
0x000000003a010000 	/usr/lib/libpcap.A.dylib
0x000000003a010000 	/System/Library/Frameworks/CoreServices.framework/Versions/A/Frameworks/FSEvents.framework/Versions/A/FSEvents
0x000000003a010000 	/System/Library/Frameworks/CoreServices.framework/Versions/A/Frameworks/CarbonCore.framework/Versions/A/CarbonCore
0x000000003a010000 	/System/Library/Frameworks/CoreServices.framework/Versions/A/Frameworks/Metadata.framework/Versions/A/Metadata
0x000000003a010000 	/System/Library/Frameworks/CoreServices.framework/Versions/A/Frameworks/OSServices.framework/Versions/A/OSServices
0x000000003a010000 	/System/Library/Frameworks/CoreServices.framework/Versions/A/Frameworks/SearchKit.framework/Versions/A/SearchKit
0x000000003a010000 	/System/Library/Frameworks/CoreServices.framework/Versions/A/Frameworks/AE.framework/Versions/A/AE
0x000000003a010000 	/System/Library/Frameworks/CoreServices.framework/Versions/A/Frameworks/LaunchServices.framework/Versions/A/LaunchServices
0x000000003a010000 	/System/Library/Frameworks/CoreServices.framework/Versions/A/Frameworks/DictionaryServices.framework/Versions/A/DictionaryServices
0x000000003a010000 	/System/Library/Frameworks/CoreServices.framework/Versions/A/Frameworks/SharedFileList.framework/Versions/A/SharedFileList
0x000000003a010000 	/System/Library/Frameworks/NetFS.framework/Versions/A/NetFS
0x000000003a010000 	/System/Library/PrivateFrameworks/NetAuth.framework/Versions/A/NetAuth
0x000000003a010000 	/System/Library/PrivateFrameworks/login.framework/Versions/A/Frameworks/loginsupport.framework/Versions/A/loginsupport
0x000000003a010000 	/System/Library/PrivateFrameworks/TCC.framework/Versions/A/TCC
0x000000003a010000 	/usr/lib/libmecabra.dylib
0x000000003a010000 	/System/Library/Frameworks/ApplicationServices.framework/Versions/A/Frameworks/ATS.framework/Versions/A/ATS
0x000000003a010000 	/System/Library/Frameworks/ApplicationServices.framework/Versions/A/Frameworks/ColorSync.framework/Versions/A/ColorSync
0x000000003a010000 	/System/Library/Frameworks/ApplicationServices.framework/Versions/A/Frameworks/HIServices.framework/Versions/A/HIServices
0x000000003a010000 	/System/Library/Frameworks/ApplicationServices.framework/Versions/A/Frameworks/LangAnalysis.framework/Versions/A/LangAnalysis
0x000000003a010000 	/System/Library/Frameworks/ApplicationServices.framework/Versions/A/Frameworks/PrintCore.framework/Versions/A/PrintCore
0x000000003a010000 	/System/Library/Frameworks/ApplicationServices.framework/Versions/A/Frameworks/QD.framework/Versions/A/QD
0x000000003a010000 	/System/Library/Frameworks/ApplicationServices.framework/Versions/A/Frameworks/SpeechSynthesis.framework/Versions/A/SpeechSynthesis
0x000000003a010000 	/System/Library/Frameworks/Accelerate.framework/Versions/A/Frameworks/vImage.framework/Versions/A/vImage
0x000000003a010000 	/System/Library/Frameworks/Accelerate.framework/Versions/A/Frameworks/vecLib.framework/Versions/A/vecLib
0x000000003a010000 	/System/Library/Frameworks/Accelerate.framework/Versions/A/Frameworks/vecLib.framework/Versions/A/libvDSP.dylib
0x000000003a010000 	/System/Library/Frameworks/Accelerate.framework/Versions/A/Frameworks/vecLib.framework/Versions/A/libBNNS.dylib
0x000000003a010000 	/System/Library/Frameworks/Accelerate.framework/Versions/A/Frameworks/vecLib.framework/Versions/A/libQuadrature.dylib
0x000000003a010000 	/System/Library/Frameworks/Accelerate.framework/Versions/A/Frameworks/vecLib.framework/Versions/A/libvMisc.dylib
0x000000003a010000 	/System/Library/Frameworks/Accelerate.framework/Versions/A/Frameworks/vecLib.framework/Versions/A/libLAPACK.dylib
0x000000003a010000 	/System/Library/Frameworks/Accelerate.framework/Versions/A/Frameworks/vecLib.framework/Versions/A/libBLAS.dylib
0x000000003a010000 	/System/Library/Frameworks/Accelerate.framework/Versions/A/Frameworks/vecLib.framework/Versions/A/libLinearAlgebra.dylib
0x000000003a010000 	/System/Library/Frameworks/Accelerate.framework/Versions/A/Frameworks/vecLib.framework/Versions/A/libSparseBLAS.dylib
0x000000003a010000 	/System/Library/Frameworks/ApplicationServices.framework/Versions/A/Frameworks/ATS.framework/Versions/A/Resources/libFontParser.dylib
0x000000003a010000 	/System/Library/Frameworks/ApplicationServices.framework/Versions/A/Frameworks/ATS.framework/Versions/A/Resources/libFontRegistry.dylib
0x000000003a010000 	/System/Library/Frameworks/ImageIO.framework/Versions/A/Resources/libJPEG.dylib
0x000000003a010000 	/System/Library/Frameworks/ImageIO.framework/Versions/A/Resources/libTIFF.dylib
0x000000003a010000 	/System/Library/Frameworks/ImageIO.framework/Versions/A/Resources/libPng.dylib
0x000000003a010000 	/System/Library/Frameworks/ImageIO.framework/Versions/A/Resources/libGIF.dylib
0x000000003a010000 	/System/Library/Frameworks/ImageIO.framework/Versions/A/Resources/libJP2.dylib
0x000000003a010000 	/System/Library/Frameworks/ImageIO.framework/Versions/A/Resources/libRadiance.dylib
0x000000003a010000 	/usr/lib/libcompression.dylib
0x000000003a010000 	/System/Library/PrivateFrameworks/AppleJPEG.framework/Versions/A/AppleJPEG
0x000000003a010000 	/usr/lib/libcups.2.dylib
0x000000003a010000 	/System/Library/Frameworks/Kerberos.framework/Versions/A/Kerberos
0x000000003a010000 	/System/Library/Frameworks/GSS.framework/Versions/A/GSS
0x000000003a010000 	/usr/lib/libresolv.9.dylib
0x000000003a010000 	/usr/lib/libiconv.2.dylib
0x000000003a010000 	/System/Library/PrivateFrameworks/Heimdal.framework/Versions/A/Heimdal
0x000000003a010000 	/usr/lib/libheimdal-asn1.dylib
0x000000003a010000 	/System/Library/Frameworks/OpenDirectory.framework/Versions/A/OpenDirectory
0x000000003a010000 	/System/Library/PrivateFrameworks/CommonAuth.framework/Versions/A/CommonAuth
0x000000003a010000 	/System/Library/Frameworks/OpenDirectory.framework/Versions/A/Frameworks/CFOpenDirectory.framework/Versions/A/CFOpenDirectory
0x000000003a010000 	/System/Library/Frameworks/SecurityFoundation.framework/Versions/A/SecurityFoundation
0x000000003a010000 	/System/Library/PrivateFrameworks/LanguageModeling.framework/Versions/A/LanguageModeling
0x000000003a010000 	/usr/lib/libmarisa.dylib
0x000000003a010000 	/usr/lib/libChineseTokenizer.dylib
0x000000003a010000 	/usr/lib/libcmph.dylib
0x000000003a010000 	/System/Library/PrivateFrameworks/CoreEmoji.framework/Versions/A/CoreEmoji
0x000000003a010000 	/System/Library/Frameworks/ServiceManagement.framework/Versions/A/ServiceManagement
0x000000003a010000 	/usr/lib/libxslt.1.dylib
0x000000003a010000 	/System/Library/Frameworks/Carbon.framework/Versions/A/Frameworks/Ink.framework/Versions/A/Ink
0x000000003a010000 	/System/Library/PrivateFrameworks/TextureIO.framework/Versions/A/TextureIO
0x000000003a010000 	/System/Library/Frameworks/Metal.framework/Versions/A/Metal
0x000000003a010000 	/usr/lib/libate.dylib
0x000000003a010000 	/System/Library/PrivateFrameworks/GPUCompiler.framework/libmetal_timestamp.dylib
0x000000003a010000 	/System/Library/Frameworks/OpenGL.framework/Versions/A/Libraries/libCoreFSCache.dylib
0x000000003a010000 	/System/Library/PrivateFrameworks/IOAccelerator.framework/Versions/A/IOAccelerator
0x000000003a010000 	/System/Library/Frameworks/CoreVideo.framework/Versions/A/CoreVideo
0x000000003a010000 	/usr/lib/libFosl_dynamic.dylib
0x000000003a010000 	/System/Library/PrivateFrameworks/MetalPerformanceShaders.framework/Versions/A/MetalPerformanceShaders
0x000000003a010000 	/System/Library/PrivateFrameworks/FaceCore.framework/Versions/A/FaceCore
0x000000003a010000 	/System/Library/Frameworks/OpenCL.framework/Versions/A/OpenCL
0x000000003a010000 	/System/Library/Frameworks/OpenGL.framework/Versions/A/Libraries/libGLU.dylib
0x000000003a010000 	/System/Library/Frameworks/OpenGL.framework/Versions/A/Libraries/libGFXShared.dylib
0x000000003a010000 	/System/Library/Frameworks/OpenGL.framework/Versions/A/Libraries/libGL.dylib
0x000000003a010000 	/System/Library/Frameworks/OpenGL.framework/Versions/A/Libraries/libGLImage.dylib
0x000000003a010000 	/System/Library/Frameworks/OpenGL.framework/Versions/A/Libraries/libCVMSPluginSupport.dylib
0x000000003a010000 	/System/Library/Frameworks/OpenGL.framework/Versions/A/Libraries/libCoreVMClient.dylib
0x000000003a010000 	/System/Library/PrivateFrameworks/CrashReporterSupport.framework/Versions/A/CrashReporterSupport
0x000000003a010000 	/System/Library/PrivateFrameworks/Sharing.framework/Versions/A/Sharing
0x000000003a010000 	/System/Library/PrivateFrameworks/IconServices.framework/Versions/A/IconServices
0x000000003a010000 	/System/Library/PrivateFrameworks/ProtocolBuffer.framework/Versions/A/ProtocolBuffer
0x000000003a010000 	/System/Library/PrivateFrameworks/Apple80211.framework/Versions/A/Apple80211
0x000000003a010000 	/System/Library/Frameworks/CoreWLAN.framework/Versions/A/CoreWLAN
0x000000003a010000 	/System/Library/PrivateFrameworks/CoreUtils.framework/Versions/A/CoreUtils
0x000000003a010000 	/System/Library/Frameworks/IOBluetooth.framework/Versions/A/IOBluetooth
0x000000003a010000 	/System/Library/PrivateFrameworks/CoreWiFi.framework/Versions/A/CoreWiFi
0x000000003a010000 	/System/Library/Frameworks/CoreBluetooth.framework/Versions/A/CoreBluetooth
0x000000003a010000 	/System/Library/Frameworks/CoreDisplay.framework/Versions/A/CoreDisplay
0x000000003a010000 	/System/Library/PrivateFrameworks/IOPresentment.framework/Versions/A/IOPresentment
0x000000003a010000 	/System/Library/PrivateFrameworks/DSExternalDisplay.framework/Versions/A/DSExternalDisplay
0x000000003a010000 	/System/Library/PrivateFrameworks/DebugSymbols.framework/Versions/A/DebugSymbols
0x000000003a010000 	/System/Library/PrivateFrameworks/CoreSymbolication.framework/Versions/A/CoreSymbolication
0x000000003a010000 	/System/Library/PrivateFrameworks/Symbolication.framework/Versions/A/Symbolication
0x000000003a010000 	/System/Library/PrivateFrameworks/AppleFSCompression.framework/Versions/A/AppleFSCompression
0x000000003a010000 	/System/Library/PrivateFrameworks/SpeechRecognitionCore.framework/Versions/A/SpeechRecognitionCore
0x000000003a010000 	/System/Library/PrivateFrameworks/ChunkingLibrary.framework/Versions/A/ChunkingLibrary
0x000000010e708000 	/Library/Java/JavaVirtualMachines/jdk1.8.0_31.jdk/Contents/Home/jre/lib/server/libjvm.dylib
0x000000003a010000 	/usr/lib/libstdc++.6.dylib
0x000000010f627000 	/Library/Java/JavaVirtualMachines/jdk1.8.0_31.jdk/Contents/Home/jre/lib/libverify.dylib
0x000000010f635000 	/Library/Java/JavaVirtualMachines/jdk1.8.0_31.jdk/Contents/Home/jre/lib/libjava.dylib
0x000000010f673000 	/Library/Java/JavaVirtualMachines/jdk1.8.0_31.jdk/Contents/Home/jre/lib/libzip.dylib
0x00000001127ee000 	/System/Library/Frameworks/JavaVM.framework/Frameworks/JavaRuntimeSupport.framework/JavaRuntimeSupport
0x0000000112808000 	/System/Library/Frameworks/JavaVM.framework/Versions/A/Frameworks/JavaNativeFoundation.framework/Versions/A/JavaNativeFoundation
0x000000010f7ef000 	/System/Library/Frameworks/JavaVM.framework/Versions/A/JavaVM
0x000000003a010000 	/System/Library/Frameworks/Carbon.framework/Versions/A/Carbon
0x000000011281d000 	/System/Library/PrivateFrameworks/JavaLaunching.framework/Versions/A/JavaLaunching
0x000000003a010000 	/System/Library/Frameworks/Carbon.framework/Versions/A/Frameworks/CommonPanels.framework/Versions/A/CommonPanels
0x000000003a010000 	/System/Library/Frameworks/Carbon.framework/Versions/A/Frameworks/Help.framework/Versions/A/Help
0x000000003a010000 	/System/Library/Frameworks/Carbon.framework/Versions/A/Frameworks/ImageCapture.framework/Versions/A/ImageCapture
0x000000003a010000 	/System/Library/Frameworks/Carbon.framework/Versions/A/Frameworks/OpenScripting.framework/Versions/A/OpenScripting
0x000000003a010000 	/System/Library/Frameworks/Carbon.framework/Versions/A/Frameworks/Print.framework/Versions/A/Print
0x000000003a010000 	/System/Library/Frameworks/Carbon.framework/Versions/A/Frameworks/SecurityHI.framework/Versions/A/SecurityHI
0x00000001128fb000 	/Library/Java/JavaVirtualMachines/jdk1.8.0_31.jdk/Contents/Home/jre/lib/libprism_es2.dylib
0x0000000112960000 	/System/Library/Frameworks/OpenGL.framework/Resources/GLEngine.bundle/GLEngine
0x000000003a010000 	/System/Library/Frameworks/OpenGL.framework/Versions/A/Libraries/libGLProgrammability.dylib
0x0000000127746000 	/System/Library/Extensions/AppleIntelHD5000GraphicsGLDriver.bundle/Contents/MacOS/AppleIntelHD5000GraphicsGLDriver
0x000000003a010000 	/System/Library/PrivateFrameworks/GPUSupport.framework/Versions/A/Libraries/libGPUSupportMercury.dylib
0x0000000112b4a000 	/System/Library/Frameworks/OpenGL.framework/Resources//GLRendererFloat.bundle/GLRendererFloat
0x000000003a010000 	/System/Library/Frameworks/OpenCL.framework/Versions/A/Libraries/libcldcpuengine.dylib
0x000000003a010000 	/usr/lib/libcrypto.0.9.8.dylib
0x000000003a010000 	/System/Library/PrivateFrameworks/TrustEvaluationAgent.framework/Versions/A/TrustEvaluationAgent
0x0000000128074000 	/Library/Java/JavaVirtualMachines/jdk1.8.0_31.jdk/Contents/Home/jre/lib/libglass.dylib
0x000000003a010000 	/System/Library/PrivateFrameworks/CoreServicesInternal.framework/Versions/A/CoreServicesInternal
0x000000003a010000 	/System/Library/CoreServices/RawCamera.bundle/Contents/MacOS/RawCamera
0x000000003a010000 	/System/Library/Frameworks/Accelerate.framework/Versions/A/Frameworks/vImage.framework/Versions/A/Libraries/libCGInterfaces.dylib
0x000000003a010000 	/System/Library/PrivateFrameworks/FamilyControls.framework/Versions/A/FamilyControls
0x000000003a010000 	/System/Library/PrivateFrameworks/CommerceKit.framework/Versions/A/Frameworks/CommerceCore.framework/Versions/A/CommerceCore
0x000000003a010000 	/System/Library/PrivateFrameworks/SystemAdministration.framework/Versions/A/SystemAdministration
0x000000003a010000 	/System/Library/PrivateFrameworks/AppContainer.framework/Versions/A/AppContainer
0x000000003a010000 	/System/Library/PrivateFrameworks/SecCodeWrapper.framework/Versions/A/SecCodeWrapper
0x000000003a010000 	/System/Library/Frameworks/DirectoryService.framework/Versions/A/DirectoryService
0x000000003a010000 	/System/Library/PrivateFrameworks/DiskImages.framework/Versions/A/DiskImages
0x000000003a010000 	/System/Library/PrivateFrameworks/LoginUIKit.framework/Versions/A/Frameworks/LoginUICore.framework/Versions/A/LoginUICore
0x000000003a010000 	/usr/lib/libCoreStorage.dylib
0x000000003a010000 	/usr/lib/libcsfde.dylib
0x000000003a010000 	/usr/lib/libodfde.dylib
0x000000003a010000 	/System/Library/Frameworks/DiscRecording.framework/Versions/A/DiscRecording
0x000000003a010000 	/usr/lib/libcurl.4.dylib
0x000000003a010000 	/System/Library/PrivateFrameworks/MediaKit.framework/Versions/A/MediaKit
0x000000003a010000 	/System/Library/PrivateFrameworks/ProtectedCloudStorage.framework/Versions/A/ProtectedCloudStorage
0x000000003a010000 	/System/Library/PrivateFrameworks/EFILogin.framework/Versions/A/EFILogin
0x000000003a010000 	/usr/lib/libutil.dylib
0x000000003a010000 	/System/Library/Frameworks/LDAP.framework/Versions/A/LDAP
0x000000003a010000 	/usr/lib/libsasl2.2.dylib
0x000000003a010000 	/System/Library/PrivateFrameworks/CoreDaemon.framework/Versions/B/CoreDaemon
0x000000003a010000 	/System/Library/PrivateFrameworks/AppleSRP.framework/Versions/A/AppleSRP
0x000000003a010000 	/System/Library/PrivateFrameworks/APFS.framework/Versions/A/APFS
0x00000001280e8000 	/Library/Java/JavaVirtualMachines/jdk1.8.0_31.jdk/Contents/Home/jre/lib/libjavafx_font.dylib
0x000000003a010000 	/System/Library/Frameworks/ApplicationServices.framework/Versions/A/Frameworks/ATS.framework/Versions/A/Resources/libTrueTypeScaler.dylib
0x000000012b0f6000 	/Library/Java/JavaVirtualMachines/jdk1.8.0_31.jdk/Contents/Home/jre/lib/libnio.dylib
0x000000012b106000 	/Library/Java/JavaVirtualMachines/jdk1.8.0_31.jdk/Contents/Home/jre/lib/./libnet.dylib
0x000000012f8ce000 	/System/Library/Extensions/AppleIntelHD5000GraphicsMTLDriver.bundle/Contents/MacOS/AppleIntelHD5000GraphicsMTLDriver
0x000000003a010000 	/System/Library/PrivateFrameworks/ViewBridge.framework/Versions/A/ViewBridge
0x000000003a010000 	/System/Library/PrivateFrameworks/XPCService.framework/Versions/A/XPCService
0x000000003a010000 	/System/Library/PrivateFrameworks/AppSandbox.framework/Versions/A/AppSandbox
0x000000003a010000 	/usr/lib/libsandbox.1.dylib
0x000000003a010000 	/usr/lib/libMatch.1.dylib
0x000000012fa69000 	/Library/Java/JavaVirtualMachines/jdk1.8.0_31.jdk/Contents/Home/jre/lib/libprism_common.dylib

VM Arguments:
jvm_args: -Dfile.encoding=UTF-8 
java_command: Main
java_class_path (initial): /Users/rumeyzadincer/git/Mastering-Bilkent/MasteringBilkent/src:/Users/rumeyzadincer/.p2/pool/plugins/org.eclipse.fx.ide.css.jfx8_2.4.0.201605112122.jar
Launcher Type: SUN_STANDARD

Environment Variables:
PATH=/usr/bin:/bin:/usr/sbin:/sbin
SHELL=/bin/bash

Signal Handlers:
SIGSEGV: [libjvm.dylib+0x57a0e7], sa_mask[0]=11111111011111110111111111111111, sa_flags=SA_ONSTACK|SA_RESTART|SA_SIGINFO
SIGBUS: [libjvm.dylib+0x57a0e7], sa_mask[0]=11111111011111110111111111111111, sa_flags=SA_RESTART|SA_SIGINFO
SIGFPE: [libjvm.dylib+0x45af24], sa_mask[0]=11111111011111110111111111111111, sa_flags=SA_RESTART|SA_SIGINFO
SIGPIPE: [libjvm.dylib+0x45af24], sa_mask[0]=11111111011111110111111111111111, sa_flags=SA_RESTART|SA_SIGINFO
SIGXFSZ: [libjvm.dylib+0x45af24], sa_mask[0]=11111111011111110111111111111111, sa_flags=SA_RESTART|SA_SIGINFO
SIGILL: [libjvm.dylib+0x45af24], sa_mask[0]=11111111011111110111111111111111, sa_flags=SA_RESTART|SA_SIGINFO
SIGUSR1: SIG_DFL, sa_mask[0]=00000000000000000000000000000000, sa_flags=none
SIGUSR2: [libjvm.dylib+0x45aa42], sa_mask[0]=00100000000000000000000000000000, sa_flags=SA_RESTART|SA_SIGINFO
SIGHUP: [libjvm.dylib+0x459015], sa_mask[0]=11111111011111110111111111111111, sa_flags=SA_RESTART|SA_SIGINFO
SIGINT: [libjvm.dylib+0x459015], sa_mask[0]=11111111011111110111111111111111, sa_flags=SA_RESTART|SA_SIGINFO
SIGTERM: [libjvm.dylib+0x459015], sa_mask[0]=11111111011111110111111111111111, sa_flags=SA_RESTART|SA_SIGINFO
SIGQUIT: [libjvm.dylib+0x459015], sa_mask[0]=11111111011111110111111111111111, sa_flags=SA_RESTART|SA_SIGINFO


---------------  S Y S T E M  ---------------

OS:Bsduname:Darwin 16.5.0 Darwin Kernel Version 16.5.0: Fri Mar  3 16:52:33 PST 2017; root:xnu-3789.51.2~3/RELEASE_X86_64 x86_64
rlimit: STACK 8192k, CORE 0k, NPROC 709, NOFILE 10240, AS infinity
load average:4.61 3.04 2.30

CPU:total 4 (2 cores per cpu, 2 threads per core) family 6 model 69 stepping 1, cmov, cx8, fxsr, mmx, sse, sse2, sse3, ssse3, sse4.1, sse4.2, popcnt, avx, avx2, aes, clmul, erms, lzcnt, ht, tsc, tscinvbit, bmi1, bmi2

Memory: 4k page, physical 8388608k(431996k free)

/proc/meminfo:


vm_info: Java HotSpot(TM) 64-Bit Server VM (25.31-b07) for bsd-amd64 JRE (1.8.0_31-b13), built on Dec 17 2014 20:45:36 by "java_re" with gcc 4.2.1 (Based on Apple Inc. build 5658) (LLVM build 2336.11.00)

time: Sat Apr 22 22:08:55 2017
elapsed time: 16 seconds (0d 0h 0m 16s)

