#
# A fatal error has been detected by the Java Runtime Environment:
#
#  SIGSEGV (0xb) at pc=0x0000000114a1b3fd, pid=2094, tid=775
#
# JRE version: Java(TM) SE Runtime Environment (8.0_31-b13) (build 1.8.0_31-b13)
# Java VM: Java HotSpot(TM) 64-Bit Server VM (25.31-b07 mixed mode bsd-amd64 compressed oops)
# Problematic frame:
# C  [libglass.dylib+0x163fd]  GlassScreenDidChangeScreenParameters+0x9d
#
# Failed to write core dump. Core dumps have been disabled. To enable core dumping, try "ulimit -c unlimited" before starting Java again
#
# If you would like to submit a bug report, please visit:
#   http://bugreport.java.com/bugreport/crash.jsp
#

---------------  T H R E A D  ---------------

Current thread is native thread

siginfo: si_signo: 11 (SIGSEGV), si_code: 1 (SEGV_MAPERR), si_addr: 0x0000000000000000

Registers:
RAX=0x0000000114a4de40, RBX=0x0000000000000000, RCX=0x0000000000000103, RDX=0x00007fc40d64dcc0
RSP=0x00007fff55b3fb20, RBP=0x00007fff55b3fb30, RSI=0x00007fc40ad04978, RDI=0x0000000000000000
R8 =0x0000000000000040, R9 =0x00007fffcda64040, R10=0xffffffffffffffff, R11=0x0000000000012068
R12=0x0000000000000000, R13=0x00007fc40ad6d900, R14=0x00007fc40af7f0c0, R15=0x0000000000000000
RIP=0x0000000114a1b3fd, EFLAGS=0x0000000000010206, ERR=0x0000000000000004
  TRAPNO=0x000000000000000e

Top of Stack: (sp=0x00007fff55b3fb20)
0x00007fff55b3fb20:   00007fc40ad6d940 00007fc40af7f0c0
0x00007fff55b3fb30:   00007fff55b3fb40 00007fffaf42150c
0x00007fff55b3fb40:   00007fff55b3fbb0 00007fffaf42140b
0x00007fff55b3fb50:   000000010a0dba00 00007fffcda5f060
0x00007fff55b3fb60:   00000000c2000000 00007fffaf421460
0x00007fff55b3fb70:   00007fffca2df680 00007fc40ad6d900
0x00007fff55b3fb80:   00007fc40af7f0c0 00007fff55b40378
0x00007fff55b3fb90:   00007fffc427b040 00007fff55b3fc80
0x00007fff55b3fba0:   00007fc40ad6d900 00007fffadb26078
0x00007fff55b3fbb0:   00007fff55b3fbf0 00007fffaf421172
0x00007fff55b3fbc0:   00007fff55b401c0 0000000000000000
0x00007fff55b3fbd0:   00007fffc427b040 00007fff55b3fc80
0x00007fff55b3fbe0:   00007fff55b40378 00007fffadb26078
0x00007fff55b3fbf0:   00007fff55b40310 00007fffaf3de5a3
0x00007fff55b3fc00:   00007fff55b3fc20 00007fffaf3a08f0
0x00007fff55b3fc10:   00007fc40ad5f620 000000000000000d
0x00007fff55b3fc20:   00007fc40af10a90 00007fffca2e0cb0
0x00007fff55b3fc30:   0000000000000000 00007fc40b8eb048
0x00007fff55b3fc40:   00007fc40af10a01 00007fc40ac558f0
0x00007fff55b3fc50:   00007fffca4130e0 0000000000000000
0x00007fff55b3fc60:   00007fc40ad6d9f0 0000000000000000
0x00007fff55b3fc70:   0000000000000000 00007fffca31f900
0x00007fff55b3fc80:   00007fff55b401c0 0000000000000001
0x00007fff55b3fc90:   0000000000000100 00007fffca320e00
0x00007fff55b3fca0:   00007fff55b400c0 0000000000000000
0x00007fff55b3fcb0:   0000000000000100 00007fffaf3d9200
0x00007fff55b3fcc0:   000000000000000d 00007fc40ad5f620
0x00007fff55b3fcd0:   00007fc40ad5f620 00007fffca320e80
0x00007fff55b3fce0:   00007fc40ad03440 0000000000000001
0x00007fff55b3fcf0:   00007fff55b40380 00007fffaf3d8d69
0x00007fff55b3fd00:   00007fffca412da0 00007fc40af76da1
0x00007fff55b3fd10:   0000000000000001 0000000000000000 

Instructions: (pc=0x0000000114a1b3fd)
0x0000000114a1b3dd:   89 df 4c 89 f1 41 ff 90 68 04 00 00 48 8d 05 58
0x0000000114a1b3ed:   29 03 00 48 8b 30 48 8d 05 46 2a 03 00 48 8b 10
0x0000000114a1b3fd:   48 8b 0b 30 c0 48 89 df ff 91 68 04 00 00 48 8b
0x0000000114a1b40d:   03 48 89 df ff 50 78 48 85 c0 74 36 49 89 c6 48 

Register to memory mapping:

RAX=0x0000000114a4de40: jScreenNotifySettingsChanged+0 in /Library/Java/JavaVirtualMachines/jdk1.8.0_31.jdk/Contents/Home/jre/lib/libglass.dylib at 0x0000000114a05000
RBX=0x0000000000000000 is an unknown value
RCX=0x0000000000000103 is an unknown value
RDX=0x00007fc40d64dcc0 is an unknown value
RSP=0x00007fff55b3fb20 is an unknown value
RBP=0x00007fff55b3fb30 is an unknown value
RSI=0x00007fc40ad04978 is a global jni handle
RDI=0x0000000000000000 is an unknown value
R8 =0x0000000000000040 is an unknown value
R9 =0x00007fffcda64040: __sFX+0x1c0 in /usr/lib/system/libsystem_c.dylib at 0x00007fffc4ba3000
R10=0xffffffffffffffff is an unknown value
R11=0x0000000000012068 is an unknown value
R12=0x0000000000000000 is an unknown value
R13=0x00007fc40ad6d900 is an unknown value
R14=0x00007fc40af7f0c0 is an unknown value
R15=0x0000000000000000 is an unknown value


Stack: [0x00007fff55343000,0x00007fff55b43000],  sp=0x00007fff55b3fb20,  free space=8178k
Native frames: (J=compiled Java code, j=interpreted, Vv=VM code, C=native code)
C  [libglass.dylib+0x163fd]  GlassScreenDidChangeScreenParameters+0x9d
C  [CoreFoundation+0x9d50c]  __CFNOTIFICATIONCENTER_IS_CALLING_OUT_TO_AN_OBSERVER__+0xc
C  [CoreFoundation+0x9d40b]  _CFXRegistrationPost+0x1ab
C  [CoreFoundation+0x9d172]  ___CFXNotificationPost_block_invoke+0x32
C  [CoreFoundation+0x5a5a3]  -[_CFXNotificationRegistrar find:object:observer:enumerator:]+0x723
C  [CoreFoundation+0x595dc]  _CFXNotificationPost+0x25c
C  [Foundation+0x6997]  -[NSNotificationCenter postNotificationName:object:userInfo:]+0x42
C  [AppKit+0x3f0e8a]  -[NSApplication _reactToScreenInvalidationImmediately:]+0x18f
C  [AppKit+0x3f0cc7]  __44-[NSApplication _reactToScreenInvalidation:]_block_invoke+0x3b
C  [CoreFoundation+0xa721c]  __CFRUNLOOP_IS_CALLING_OUT_TO_A_BLOCK__+0xc
C  [CoreFoundation+0x88034]  __CFRunLoopDoBlocks+0x164
C  [CoreFoundation+0x87b76]  __CFRunLoopRun+0x756
C  [CoreFoundation+0x871c4]  CFRunLoopRunSpecific+0x1a4
C  [java+0x56cc]  CreateExecutionEnvironment+0x367
C  [java+0x165c]  JLI_Launch+0x7a0
C  [java+0x768a]  main+0x65
C  [java+0xeb4]  start+0x34


---------------  P R O C E S S  ---------------

VM state:at safepoint (normal execution)

VM Mutex/Monitor currently owned by a thread:  ([mutex/lock_event])
[0x00007fc40af01c80] Threads_lock - owner thread: 0x00007fc40b000800
[0x00007fc40af02180] Heap_lock - owner thread: 0x00007fc40b0ad000

Heap:
 PSYoungGen      total 38400K, used 25791K [0x0000000795580000, 0x000000079a080000, 0x00000007c0000000)
  eden space 33280K, 62% used [0x0000000795580000,0x00000007969b7ec8,0x0000000797600000)
  from space 5120K, 99% used [0x0000000797600000,0x0000000797af8010,0x0000000797b00000)
  to   space 5120K, 0% used [0x0000000799b80000,0x0000000799b80000,0x000000079a080000)
 ParOldGen       total 87552K, used 6266K [0x0000000740000000, 0x0000000745580000, 0x0000000795580000)
  object space 87552K, 7% used [0x0000000740000000,0x000000074061ebe0,0x0000000745580000)
 Metaspace       used 15927K, capacity 16810K, committed 16896K, reserved 1062912K
  class space    used 2353K, capacity 2521K, committed 2560K, reserved 1048576K

Card table byte_map: [0x000000010bcdf000,0x000000010c0e0000] byte_map_base: 0x00000001082df000

Marking Bits: (ParMarkBitMap*) 0x000000010b29e410
 Begin Bits: [0x000000010c38b000, 0x000000010e38b000)
 End Bits:   [0x000000010e38b000, 0x000000011038b000)

Polling page: 0x000000010a17b000

CodeCache: size=245760Kb used=6734Kb max_used=6736Kb free=239025Kb
 bounds [0x000000011597e000, 0x000000011601e000, 0x000000012497e000]
 total_blobs=2862 nmethods=2220 adapters=555
 compilation: enabled

Compilation events (10 events):
Event: 240.833 Thread 0x00007fc40c830800 2216       3       com.sun.glass.ui.GestureSupport$GestureState::isIdle (16 bytes)
Event: 240.833 Thread 0x00007fc40c830800 nmethod 2216 0x0000000116005dd0 code [0x0000000116005f40, 0x0000000116006110]
Event: 422.773 Thread 0x00007fc40c830800 2217       3       sun.invoke.util.BytecodeDescriptor::unparseMethod (68 bytes)
Event: 422.776 Thread 0x00007fc40c830800 nmethod 2217 0x0000000116012450 code [0x00000001160126a0, 0x0000000116013578]
Event: 422.776 Thread 0x00007fc40c830800 2218       3       java.util.concurrent.locks.AbstractQueuedSynchronizer::enq (58 bytes)
Event: 422.777 Thread 0x00007fc40c830800 nmethod 2218 0x00000001160054d0 code [0x0000000116005660, 0x0000000116005bb0]
Event: 422.777 Thread 0x00007fc40c830800 2219       3       java.util.concurrent.locks.AbstractQueuedSynchronizer::compareAndSetTail (13 bytes)
Event: 422.777 Thread 0x00007fc40c830800 nmethod 2219 0x0000000116005190 code [0x00000001160052e0, 0x0000000116005470]
Event: 422.788 Thread 0x00007fc40c830800 2220       3       java.util.concurrent.locks.LockSupport::unpark (12 bytes)
Event: 422.788 Thread 0x00007fc40c830800 nmethod 2220 0x0000000116012010 code [0x0000000116012180, 0x00000001160123a8]

GC Heap History (2 events):
Event: 1.622 GC heap before
{Heap before GC invocations=1 (full 0):
 PSYoungGen      total 38400K, used 33280K [0x0000000795580000, 0x0000000798000000, 0x00000007c0000000)
  eden space 33280K, 100% used [0x0000000795580000,0x0000000797600000,0x0000000797600000)
  from space 5120K, 0% used [0x0000000797b00000,0x0000000797b00000,0x0000000798000000)
  to   space 5120K, 0% used [0x0000000797600000,0x0000000797600000,0x0000000797b00000)
 ParOldGen       total 87552K, used 0K [0x0000000740000000, 0x0000000745580000, 0x0000000795580000)
  object space 87552K, 0% used [0x0000000740000000,0x0000000740000000,0x0000000745580000)
 Metaspace       used 13869K, capacity 14368K, committed 14592K, reserved 1060864K
  class space    used 2062K, capacity 2193K, committed 2304K, reserved 1048576K
Event: 1.639 GC heap after
Heap after GC invocations=1 (full 0):
 PSYoungGen      total 38400K, used 5088K [0x0000000795580000, 0x000000079a080000, 0x00000007c0000000)
  eden space 33280K, 0% used [0x0000000795580000,0x0000000795580000,0x0000000797600000)
  from space 5120K, 99% used [0x0000000797600000,0x0000000797af8010,0x0000000797b00000)
  to   space 5120K, 0% used [0x0000000799b80000,0x0000000799b80000,0x000000079a080000)
 ParOldGen       total 87552K, used 6266K [0x0000000740000000, 0x0000000745580000, 0x0000000795580000)
  object space 87552K, 7% used [0x0000000740000000,0x000000074061ebe0,0x0000000745580000)
 Metaspace       used 13869K, capacity 14368K, committed 14592K, reserved 1060864K
  class space    used 2062K, capacity 2193K, committed 2304K, reserved 1048576K
}

Deoptimization events (10 events):
Event: 2.757 Thread 0x00007fc40b8ea800 Uncommon trap: reason=class_check action=maybe_recompile pc=0x0000000115e2ad64 method=com.sun.javafx.css.StyleMap.getCascadingStyles()Ljava/util/Map; @ 77
Event: 5.617 Thread 0x00007fc40b8ea800 Uncommon trap: reason=array_check action=maybe_recompile pc=0x0000000115ef2264 method=com.sun.javafx.css.SimpleSelector.applies(Ljavafx/css/Styleable;[Ljava/util/Set;I)Z @ 37
Event: 5.617 Thread 0x00007fc40b8ea800 Uncommon trap: reason=array_check action=maybe_recompile pc=0x0000000115ef2264 method=com.sun.javafx.css.SimpleSelector.applies(Ljavafx/css/Styleable;[Ljava/util/Set;I)Z @ 37
Event: 5.617 Thread 0x00007fc40b8ea800 Uncommon trap: reason=array_check action=maybe_recompile pc=0x0000000115ef2264 method=com.sun.javafx.css.SimpleSelector.applies(Ljavafx/css/Styleable;[Ljava/util/Set;I)Z @ 37
Event: 5.617 Thread 0x00007fc40b8ea800 Uncommon trap: reason=array_check action=maybe_recompile pc=0x0000000115ef2264 method=com.sun.javafx.css.SimpleSelector.applies(Ljavafx/css/Styleable;[Ljava/util/Set;I)Z @ 37
Event: 5.623 Thread 0x00007fc40b8ea800 Uncommon trap: reason=array_check action=maybe_recompile pc=0x0000000115efbbc4 method=com.sun.javafx.css.SimpleSelector.applies(Ljavafx/css/Styleable;[Ljava/util/Set;I)Z @ 37
Event: 5.653 Thread 0x00007fc40b8ea800 Uncommon trap: reason=class_check action=maybe_recompile pc=0x0000000115e2ad64 method=com.sun.javafx.css.StyleMap.getCascadingStyles()Ljava/util/Map; @ 77
Event: 5.653 Thread 0x00007fc40b8ea800 Uncommon trap: reason=class_check action=maybe_recompile pc=0x0000000115e2ad64 method=com.sun.javafx.css.StyleMap.getCascadingStyles()Ljava/util/Map; @ 77
Event: 5.656 Thread 0x00007fc40b8ea800 Uncommon trap: reason=class_check action=maybe_recompile pc=0x0000000115e2ad64 method=com.sun.javafx.css.StyleMap.getCascadingStyles()Ljava/util/Map; @ 77
Event: 422.986 Thread 0x00007fc40b105800 Uncommon trap: reason=unreached action=reinterpret pc=0x0000000115ff43e4 method=java.lang.ThreadLocal.get()Ljava/lang/Object; @ 11

Internal exceptions (10 events):
Event: 0.518 Thread 0x00007fc40b8ea800 Exception <a 'java/lang/NullPointerException'> (0x00000007961dc808) thrown at [/Users/java_re/workspace/8-2-build-macosx-x86_64/jdk8u31/2394/hotspot/src/share/vm/prims/jvm.cpp, line 1316]
Event: 1.175 Thread 0x00007fc40b8ea800 Exception <a 'java/security/PrivilegedActionException'> (0x0000000796b23338) thrown at [/Users/java_re/workspace/8-2-build-macosx-x86_64/jdk8u31/2394/hotspot/src/share/vm/prims/jvm.cpp, line 1312]
Event: 1.177 Thread 0x00007fc40b8ea800 Exception <a 'java/security/PrivilegedActionException'> (0x0000000796b386e0) thrown at [/Users/java_re/workspace/8-2-build-macosx-x86_64/jdk8u31/2394/hotspot/src/share/vm/prims/jvm.cpp, line 1312]
Event: 1.179 Thread 0x00007fc40b8ea800 Exception <a 'java/security/PrivilegedActionException'> (0x0000000796b582d0) thrown at [/Users/java_re/workspace/8-2-build-macosx-x86_64/jdk8u31/2394/hotspot/src/share/vm/prims/jvm.cpp, line 1312]
Event: 1.300 Thread 0x00007fc40b8ea800 Exception <a 'java/security/PrivilegedActionException'> (0x0000000796e92888) thrown at [/Users/java_re/workspace/8-2-build-macosx-x86_64/jdk8u31/2394/hotspot/src/share/vm/prims/jvm.cpp, line 1312]
Event: 1.301 Thread 0x00007fc40b8ea800 Exception <a 'java/security/PrivilegedActionException'> (0x0000000796ea8ae0) thrown at [/Users/java_re/workspace/8-2-build-macosx-x86_64/jdk8u31/2394/hotspot/src/share/vm/prims/jvm.cpp, line 1312]
Event: 1.303 Thread 0x00007fc40b8ea800 Exception <a 'java/security/PrivilegedActionException'> (0x0000000796ec31a8) thrown at [/Users/java_re/workspace/8-2-build-macosx-x86_64/jdk8u31/2394/hotspot/src/share/vm/prims/jvm.cpp, line 1312]
Event: 2.596 Thread 0x00007fc40b8ea800 Exception <a 'java/security/PrivilegedActionException'> (0x0000000795748c48) thrown at [/Users/java_re/workspace/8-2-build-macosx-x86_64/jdk8u31/2394/hotspot/src/share/vm/prims/jvm.cpp, line 1312]
Event: 6.231 Thread 0x00007fc40b8ea800 Exception <a 'java/lang/NullPointerException'> (0x0000000795ea8ef8) thrown at [/Users/java_re/workspace/8-2-build-macosx-x86_64/jdk8u31/2394/hotspot/src/share/vm/prims/jvm.cpp, line 1316]
Event: 422.986 Thread 0x00007fc40b105800 Implicit null exception at 0x0000000115ff4308 to 0x0000000115ff43d1

Events (10 events):
Event: 422.986 loading class java/util/IdentityHashMap$IdentityHashMapIterator done
Event: 422.986 loading class java/util/IdentityHashMap$KeyIterator done
Event: 422.986 Thread 0x00007fc40b105800 Thread added: 0x00007fc40b105800
Event: 422.986 loading class com/sun/javafx/font/PrismFontFile
Event: 422.986 loading class com/sun/javafx/font/PrismFontFile done
Event: 422.986 Thread 0x00007fc40b105800 Uncommon trap: trap_request=0xffffffad fr.pc=0x0000000115ff43e4
Event: 422.986 Thread 0x00007fc40b105800 DEOPT PACKING pc=0x0000000115ff43e4 sp=0x000070000146e3e0
Event: 422.986 Thread 0x00007fc40b105800 DEOPT UNPACKING pc=0x0000000115982f69 sp=0x000070000146e3a8 mode 2
Event: 422.987 Thread 0x00007fc40b105800 Thread exited: 0x00007fc40b105800
Event: 422.988 Thread 0x00007fc40b0ad000 Thread exited: 0x00007fc40b0ad000


Dynamic libraries:
0x000000003a010000 	/System/Library/Frameworks/Cocoa.framework/Versions/A/Cocoa
0x000000003a010000 	/System/Library/Frameworks/Security.framework/Versions/A/Security
0x000000003a010000 	/System/Library/Frameworks/ApplicationServices.framework/Versions/A/ApplicationServices
0x000000003a010000 	/usr/lib/libz.1.dylib
0x000000003a010000 	/usr/lib/libSystem.B.dylib
0x000000003a010000 	/usr/lib/libobjc.A.dylib
0x000000003a010000 	/System/Library/Frameworks/CoreFoundation.framework/Versions/A/CoreFoundation
0x000000003a010000 	/System/Library/Frameworks/Foundation.framework/Versions/C/Foundation
0x000000003a010000 	/System/Library/Frameworks/AppKit.framework/Versions/C/AppKit
0x000000003a010000 	/System/Library/Frameworks/CoreData.framework/Versions/A/CoreData
0x000000003a010000 	/System/Library/PrivateFrameworks/RemoteViewServices.framework/Versions/A/RemoteViewServices
0x000000003a010000 	/System/Library/PrivateFrameworks/UIFoundation.framework/Versions/A/UIFoundation
0x000000003a010000 	/System/Library/PrivateFrameworks/DFRFoundation.framework/Versions/A/DFRFoundation
0x000000003a010000 	/usr/lib/libenergytrace.dylib
0x000000003a010000 	/System/Library/PrivateFrameworks/SkyLight.framework/Versions/A/SkyLight
0x000000003a010000 	/System/Library/Frameworks/CoreGraphics.framework/Versions/A/CoreGraphics
0x000000003a010000 	/usr/lib/libScreenReader.dylib
0x000000003a010000 	/System/Library/Frameworks/Accelerate.framework/Versions/A/Accelerate
0x000000003a010000 	/System/Library/Frameworks/IOSurface.framework/Versions/A/IOSurface
0x000000003a010000 	/System/Library/Frameworks/AudioToolbox.framework/Versions/A/AudioToolbox
0x000000003a010000 	/System/Library/Frameworks/AudioUnit.framework/Versions/A/AudioUnit
0x000000003a010000 	/System/Library/PrivateFrameworks/DataDetectorsCore.framework/Versions/A/DataDetectorsCore
0x000000003a010000 	/System/Library/PrivateFrameworks/DesktopServicesPriv.framework/Versions/A/DesktopServicesPriv
0x000000003a010000 	/System/Library/Frameworks/Carbon.framework/Versions/A/Frameworks/HIToolbox.framework/Versions/A/HIToolbox
0x000000003a010000 	/usr/lib/libicucore.A.dylib
0x000000003a010000 	/System/Library/Frameworks/QuartzCore.framework/Versions/A/QuartzCore
0x000000003a010000 	/System/Library/Frameworks/Carbon.framework/Versions/A/Frameworks/SpeechRecognition.framework/Versions/A/SpeechRecognition
0x000000003a010000 	/usr/lib/libauto.dylib
0x000000003a010000 	/usr/lib/libxml2.2.dylib
0x000000003a010000 	/System/Library/PrivateFrameworks/CoreUI.framework/Versions/A/CoreUI
0x000000003a010000 	/System/Library/Frameworks/CoreAudio.framework/Versions/A/CoreAudio
0x000000003a010000 	/System/Library/Frameworks/DiskArbitration.framework/Versions/A/DiskArbitration
0x000000003a010000 	/usr/lib/liblangid.dylib
0x000000003a010000 	/System/Library/PrivateFrameworks/MultitouchSupport.framework/Versions/A/MultitouchSupport
0x000000003a010000 	/System/Library/Frameworks/IOKit.framework/Versions/A/IOKit
0x000000003a010000 	/usr/lib/libDiagnosticMessagesClient.dylib
0x000000003a010000 	/System/Library/Frameworks/CoreServices.framework/Versions/A/CoreServices
0x000000003a010000 	/System/Library/PrivateFrameworks/PerformanceAnalysis.framework/Versions/A/PerformanceAnalysis
0x000000003a010000 	/System/Library/PrivateFrameworks/GenerationalStorage.framework/Versions/A/GenerationalStorage
0x000000003a010000 	/System/Library/Frameworks/OpenGL.framework/Versions/A/OpenGL
0x000000003a010000 	/System/Library/Frameworks/CoreImage.framework/Versions/A/CoreImage
0x000000003a010000 	/System/Library/Frameworks/CoreText.framework/Versions/A/CoreText
0x000000003a010000 	/System/Library/Frameworks/ImageIO.framework/Versions/A/ImageIO
0x000000003a010000 	/System/Library/PrivateFrameworks/Backup.framework/Versions/A/Backup
0x000000003a010000 	/usr/lib/libarchive.2.dylib
0x000000003a010000 	/System/Library/Frameworks/CFNetwork.framework/Versions/A/CFNetwork
0x000000003a010000 	/System/Library/Frameworks/SystemConfiguration.framework/Versions/A/SystemConfiguration
0x000000003a010000 	/usr/lib/libCRFSuite.dylib
0x000000003a010000 	/usr/lib/libc++.1.dylib
0x000000003a010000 	/usr/lib/libc++abi.dylib
0x000000003a010000 	/usr/lib/system/libcache.dylib
0x000000003a010000 	/usr/lib/system/libcommonCrypto.dylib
0x000000003a010000 	/usr/lib/system/libcompiler_rt.dylib
0x000000003a010000 	/usr/lib/system/libcopyfile.dylib
0x000000003a010000 	/usr/lib/system/libcorecrypto.dylib
0x000000003a010000 	/usr/lib/system/libdispatch.dylib
0x000000003a010000 	/usr/lib/system/libdyld.dylib
0x000000003a010000 	/usr/lib/system/libkeymgr.dylib
0x000000003a010000 	/usr/lib/system/liblaunch.dylib
0x000000003a010000 	/usr/lib/system/libmacho.dylib
0x000000003a010000 	/usr/lib/system/libquarantine.dylib
0x000000003a010000 	/usr/lib/system/libremovefile.dylib
0x000000003a010000 	/usr/lib/system/libsystem_asl.dylib
0x000000003a010000 	/usr/lib/system/libsystem_blocks.dylib
0x000000003a010000 	/usr/lib/system/libsystem_c.dylib
0x000000003a010000 	/usr/lib/system/libsystem_configuration.dylib
0x000000003a010000 	/usr/lib/system/libsystem_coreservices.dylib
0x000000003a010000 	/usr/lib/system/libsystem_coretls.dylib
0x000000003a010000 	/usr/lib/system/libsystem_dnssd.dylib
0x000000003a010000 	/usr/lib/system/libsystem_info.dylib
0x000000003a010000 	/usr/lib/system/libsystem_kernel.dylib
0x000000003a010000 	/usr/lib/system/libsystem_m.dylib
0x000000003a010000 	/usr/lib/system/libsystem_malloc.dylib
0x000000003a010000 	/usr/lib/system/libsystem_network.dylib
0x000000003a010000 	/usr/lib/system/libsystem_networkextension.dylib
0x000000003a010000 	/usr/lib/system/libsystem_notify.dylib
0x000000003a010000 	/usr/lib/system/libsystem_platform.dylib
0x000000003a010000 	/usr/lib/system/libsystem_pthread.dylib
0x000000003a010000 	/usr/lib/system/libsystem_sandbox.dylib
0x000000003a010000 	/usr/lib/system/libsystem_secinit.dylib
0x000000003a010000 	/usr/lib/system/libsystem_symptoms.dylib
0x000000003a010000 	/usr/lib/system/libsystem_trace.dylib
0x000000003a010000 	/usr/lib/system/libunwind.dylib
0x000000003a010000 	/usr/lib/system/libxpc.dylib
0x000000003a010000 	/usr/lib/libbsm.0.dylib
0x000000003a010000 	/usr/lib/system/libkxld.dylib
0x000000003a010000 	/usr/lib/libcoretls.dylib
0x000000003a010000 	/usr/lib/libcoretls_cfhelpers.dylib
0x000000003a010000 	/usr/lib/libOpenScriptingUtil.dylib
0x000000003a010000 	/usr/lib/libpam.2.dylib
0x000000003a010000 	/usr/lib/libsqlite3.dylib
0x000000003a010000 	/usr/lib/libxar.1.dylib
0x000000003a010000 	/usr/lib/libbz2.1.0.dylib
0x000000003a010000 	/usr/lib/liblzma.5.dylib
0x000000003a010000 	/usr/lib/libnetwork.dylib
0x000000003a010000 	/usr/lib/libpcap.A.dylib
0x000000003a010000 	/System/Library/Frameworks/CoreServices.framework/Versions/A/Frameworks/FSEvents.framework/Versions/A/FSEvents
0x000000003a010000 	/System/Library/Frameworks/CoreServices.framework/Versions/A/Frameworks/CarbonCore.framework/Versions/A/CarbonCore
0x000000003a010000 	/System/Library/Frameworks/CoreServices.framework/Versions/A/Frameworks/Metadata.framework/Versions/A/Metadata
0x000000003a010000 	/System/Library/Frameworks/CoreServices.framework/Versions/A/Frameworks/OSServices.framework/Versions/A/OSServices
0x000000003a010000 	/System/Library/Frameworks/CoreServices.framework/Versions/A/Frameworks/SearchKit.framework/Versions/A/SearchKit
0x000000003a010000 	/System/Library/Frameworks/CoreServices.framework/Versions/A/Frameworks/AE.framework/Versions/A/AE
0x000000003a010000 	/System/Library/Frameworks/CoreServices.framework/Versions/A/Frameworks/LaunchServices.framework/Versions/A/LaunchServices
0x000000003a010000 	/System/Library/Frameworks/CoreServices.framework/Versions/A/Frameworks/DictionaryServices.framework/Versions/A/DictionaryServices
0x000000003a010000 	/System/Library/Frameworks/CoreServices.framework/Versions/A/Frameworks/SharedFileList.framework/Versions/A/SharedFileList
0x000000003a010000 	/System/Library/Frameworks/NetFS.framework/Versions/A/NetFS
0x000000003a010000 	/System/Library/PrivateFrameworks/NetAuth.framework/Versions/A/NetAuth
0x000000003a010000 	/System/Library/PrivateFrameworks/login.framework/Versions/A/Frameworks/loginsupport.framework/Versions/A/loginsupport
0x000000003a010000 	/System/Library/PrivateFrameworks/TCC.framework/Versions/A/TCC
0x000000003a010000 	/usr/lib/libmecabra.dylib
0x000000003a010000 	/System/Library/Frameworks/ApplicationServices.framework/Versions/A/Frameworks/ATS.framework/Versions/A/ATS
0x000000003a010000 	/System/Library/Frameworks/ApplicationServices.framework/Versions/A/Frameworks/ColorSync.framework/Versions/A/ColorSync
0x000000003a010000 	/System/Library/Frameworks/ApplicationServices.framework/Versions/A/Frameworks/HIServices.framework/Versions/A/HIServices
0x000000003a010000 	/System/Library/Frameworks/ApplicationServices.framework/Versions/A/Frameworks/LangAnalysis.framework/Versions/A/LangAnalysis
0x000000003a010000 	/System/Library/Frameworks/ApplicationServices.framework/Versions/A/Frameworks/PrintCore.framework/Versions/A/PrintCore
0x000000003a010000 	/System/Library/Frameworks/ApplicationServices.framework/Versions/A/Frameworks/QD.framework/Versions/A/QD
0x000000003a010000 	/System/Library/Frameworks/ApplicationServices.framework/Versions/A/Frameworks/SpeechSynthesis.framework/Versions/A/SpeechSynthesis
0x000000003a010000 	/System/Library/Frameworks/Accelerate.framework/Versions/A/Frameworks/vImage.framework/Versions/A/vImage
0x000000003a010000 	/System/Library/Frameworks/Accelerate.framework/Versions/A/Frameworks/vecLib.framework/Versions/A/vecLib
0x000000003a010000 	/System/Library/Frameworks/Accelerate.framework/Versions/A/Frameworks/vecLib.framework/Versions/A/libvDSP.dylib
0x000000003a010000 	/System/Library/Frameworks/Accelerate.framework/Versions/A/Frameworks/vecLib.framework/Versions/A/libBNNS.dylib
0x000000003a010000 	/System/Library/Frameworks/Accelerate.framework/Versions/A/Frameworks/vecLib.framework/Versions/A/libQuadrature.dylib
0x000000003a010000 	/System/Library/Frameworks/Accelerate.framework/Versions/A/Frameworks/vecLib.framework/Versions/A/libvMisc.dylib
0x000000003a010000 	/System/Library/Frameworks/Accelerate.framework/Versions/A/Frameworks/vecLib.framework/Versions/A/libLAPACK.dylib
0x000000003a010000 	/System/Library/Frameworks/Accelerate.framework/Versions/A/Frameworks/vecLib.framework/Versions/A/libBLAS.dylib
0x000000003a010000 	/System/Library/Frameworks/Accelerate.framework/Versions/A/Frameworks/vecLib.framework/Versions/A/libLinearAlgebra.dylib
0x000000003a010000 	/System/Library/Frameworks/Accelerate.framework/Versions/A/Frameworks/vecLib.framework/Versions/A/libSparseBLAS.dylib
0x000000003a010000 	/System/Library/Frameworks/ApplicationServices.framework/Versions/A/Frameworks/ATS.framework/Versions/A/Resources/libFontParser.dylib
0x000000003a010000 	/System/Library/Frameworks/ApplicationServices.framework/Versions/A/Frameworks/ATS.framework/Versions/A/Resources/libFontRegistry.dylib
0x000000003a010000 	/System/Library/Frameworks/ImageIO.framework/Versions/A/Resources/libJPEG.dylib
0x000000003a010000 	/System/Library/Frameworks/ImageIO.framework/Versions/A/Resources/libTIFF.dylib
0x000000003a010000 	/System/Library/Frameworks/ImageIO.framework/Versions/A/Resources/libPng.dylib
0x000000003a010000 	/System/Library/Frameworks/ImageIO.framework/Versions/A/Resources/libGIF.dylib
0x000000003a010000 	/System/Library/Frameworks/ImageIO.framework/Versions/A/Resources/libJP2.dylib
0x000000003a010000 	/System/Library/Frameworks/ImageIO.framework/Versions/A/Resources/libRadiance.dylib
0x000000003a010000 	/usr/lib/libcompression.dylib
0x000000003a010000 	/System/Library/PrivateFrameworks/AppleJPEG.framework/Versions/A/AppleJPEG
0x000000003a010000 	/usr/lib/libcups.2.dylib
0x000000003a010000 	/System/Library/Frameworks/Kerberos.framework/Versions/A/Kerberos
0x000000003a010000 	/System/Library/Frameworks/GSS.framework/Versions/A/GSS
0x000000003a010000 	/usr/lib/libresolv.9.dylib
0x000000003a010000 	/usr/lib/libiconv.2.dylib
0x000000003a010000 	/System/Library/PrivateFrameworks/Heimdal.framework/Versions/A/Heimdal
0x000000003a010000 	/usr/lib/libheimdal-asn1.dylib
0x000000003a010000 	/System/Library/Frameworks/OpenDirectory.framework/Versions/A/OpenDirectory
0x000000003a010000 	/System/Library/PrivateFrameworks/CommonAuth.framework/Versions/A/CommonAuth
0x000000003a010000 	/System/Library/Frameworks/OpenDirectory.framework/Versions/A/Frameworks/CFOpenDirectory.framework/Versions/A/CFOpenDirectory
0x000000003a010000 	/System/Library/Frameworks/SecurityFoundation.framework/Versions/A/SecurityFoundation
0x000000003a010000 	/System/Library/PrivateFrameworks/LanguageModeling.framework/Versions/A/LanguageModeling
0x000000003a010000 	/usr/lib/libmarisa.dylib
0x000000003a010000 	/usr/lib/libChineseTokenizer.dylib
0x000000003a010000 	/usr/lib/libcmph.dylib
0x000000003a010000 	/System/Library/PrivateFrameworks/CoreEmoji.framework/Versions/A/CoreEmoji
0x000000003a010000 	/System/Library/Frameworks/ServiceManagement.framework/Versions/A/ServiceManagement
0x000000003a010000 	/usr/lib/libxslt.1.dylib
0x000000003a010000 	/System/Library/Frameworks/Carbon.framework/Versions/A/Frameworks/Ink.framework/Versions/A/Ink
0x000000003a010000 	/System/Library/PrivateFrameworks/TextureIO.framework/Versions/A/TextureIO
0x000000003a010000 	/System/Library/Frameworks/Metal.framework/Versions/A/Metal
0x000000003a010000 	/usr/lib/libate.dylib
0x000000003a010000 	/System/Library/PrivateFrameworks/GPUCompiler.framework/libmetal_timestamp.dylib
0x000000003a010000 	/System/Library/Frameworks/OpenGL.framework/Versions/A/Libraries/libCoreFSCache.dylib
0x000000003a010000 	/System/Library/PrivateFrameworks/IOAccelerator.framework/Versions/A/IOAccelerator
0x000000003a010000 	/System/Library/Frameworks/CoreVideo.framework/Versions/A/CoreVideo
0x000000003a010000 	/usr/lib/libFosl_dynamic.dylib
0x000000003a010000 	/System/Library/PrivateFrameworks/MetalPerformanceShaders.framework/Versions/A/MetalPerformanceShaders
0x000000003a010000 	/System/Library/PrivateFrameworks/FaceCore.framework/Versions/A/FaceCore
0x000000003a010000 	/System/Library/Frameworks/OpenCL.framework/Versions/A/OpenCL
0x000000003a010000 	/System/Library/Frameworks/OpenGL.framework/Versions/A/Libraries/libGLU.dylib
0x000000003a010000 	/System/Library/Frameworks/OpenGL.framework/Versions/A/Libraries/libGFXShared.dylib
0x000000003a010000 	/System/Library/Frameworks/OpenGL.framework/Versions/A/Libraries/libGL.dylib
0x000000003a010000 	/System/Library/Frameworks/OpenGL.framework/Versions/A/Libraries/libGLImage.dylib
0x000000003a010000 	/System/Library/Frameworks/OpenGL.framework/Versions/A/Libraries/libCVMSPluginSupport.dylib
0x000000003a010000 	/System/Library/Frameworks/OpenGL.framework/Versions/A/Libraries/libCoreVMClient.dylib
0x000000003a010000 	/System/Library/PrivateFrameworks/CrashReporterSupport.framework/Versions/A/CrashReporterSupport
0x000000003a010000 	/System/Library/PrivateFrameworks/Sharing.framework/Versions/A/Sharing
0x000000003a010000 	/System/Library/PrivateFrameworks/IconServices.framework/Versions/A/IconServices
0x000000003a010000 	/System/Library/PrivateFrameworks/ProtocolBuffer.framework/Versions/A/ProtocolBuffer
0x000000003a010000 	/System/Library/PrivateFrameworks/Apple80211.framework/Versions/A/Apple80211
0x000000003a010000 	/System/Library/Frameworks/CoreWLAN.framework/Versions/A/CoreWLAN
0x000000003a010000 	/System/Library/PrivateFrameworks/CoreUtils.framework/Versions/A/CoreUtils
0x000000003a010000 	/System/Library/Frameworks/IOBluetooth.framework/Versions/A/IOBluetooth
0x000000003a010000 	/System/Library/PrivateFrameworks/CoreWiFi.framework/Versions/A/CoreWiFi
0x000000003a010000 	/System/Library/Frameworks/CoreBluetooth.framework/Versions/A/CoreBluetooth
0x000000003a010000 	/System/Library/Frameworks/CoreDisplay.framework/Versions/A/CoreDisplay
0x000000003a010000 	/System/Library/PrivateFrameworks/IOPresentment.framework/Versions/A/IOPresentment
0x000000003a010000 	/System/Library/PrivateFrameworks/DSExternalDisplay.framework/Versions/A/DSExternalDisplay
0x000000003a010000 	/System/Library/PrivateFrameworks/DebugSymbols.framework/Versions/A/DebugSymbols
0x000000003a010000 	/System/Library/PrivateFrameworks/CoreSymbolication.framework/Versions/A/CoreSymbolication
0x000000003a010000 	/System/Library/PrivateFrameworks/Symbolication.framework/Versions/A/Symbolication
0x000000003a010000 	/System/Library/PrivateFrameworks/AppleFSCompression.framework/Versions/A/AppleFSCompression
0x000000003a010000 	/System/Library/PrivateFrameworks/SpeechRecognitionCore.framework/Versions/A/SpeechRecognitionCore
0x000000003a010000 	/System/Library/PrivateFrameworks/ChunkingLibrary.framework/Versions/A/ChunkingLibrary
0x000000010aa00000 	/Library/Java/JavaVirtualMachines/jdk1.8.0_31.jdk/Contents/Home/jre/lib/server/libjvm.dylib
0x000000003a010000 	/usr/lib/libstdc++.6.dylib
0x000000010a139000 	/Library/Java/JavaVirtualMachines/jdk1.8.0_31.jdk/Contents/Home/jre/lib/libverify.dylib
0x000000010a147000 	/Library/Java/JavaVirtualMachines/jdk1.8.0_31.jdk/Contents/Home/jre/lib/libjava.dylib
0x000000010a185000 	/Library/Java/JavaVirtualMachines/jdk1.8.0_31.jdk/Contents/Home/jre/lib/libzip.dylib
0x000000011220f000 	/System/Library/Frameworks/JavaVM.framework/Frameworks/JavaRuntimeSupport.framework/JavaRuntimeSupport
0x0000000112229000 	/System/Library/Frameworks/JavaVM.framework/Versions/A/Frameworks/JavaNativeFoundation.framework/Versions/A/JavaNativeFoundation
0x000000011223e000 	/System/Library/Frameworks/JavaVM.framework/Versions/A/JavaVM
0x000000003a010000 	/System/Library/Frameworks/Carbon.framework/Versions/A/Carbon
0x000000011224b000 	/System/Library/PrivateFrameworks/JavaLaunching.framework/Versions/A/JavaLaunching
0x000000003a010000 	/System/Library/Frameworks/Carbon.framework/Versions/A/Frameworks/CommonPanels.framework/Versions/A/CommonPanels
0x000000003a010000 	/System/Library/Frameworks/Carbon.framework/Versions/A/Frameworks/Help.framework/Versions/A/Help
0x000000003a010000 	/System/Library/Frameworks/Carbon.framework/Versions/A/Frameworks/ImageCapture.framework/Versions/A/ImageCapture
0x000000003a010000 	/System/Library/Frameworks/Carbon.framework/Versions/A/Frameworks/OpenScripting.framework/Versions/A/OpenScripting
0x000000003a010000 	/System/Library/Frameworks/Carbon.framework/Versions/A/Frameworks/Print.framework/Versions/A/Print
0x000000003a010000 	/System/Library/Frameworks/Carbon.framework/Versions/A/Frameworks/SecurityHI.framework/Versions/A/SecurityHI
0x0000000113be6000 	/Library/Java/JavaVirtualMachines/jdk1.8.0_31.jdk/Contents/Home/jre/lib/libprism_es2.dylib
0x0000000113c4a000 	/System/Library/Frameworks/OpenGL.framework/Resources/GLEngine.bundle/GLEngine
0x000000003a010000 	/System/Library/Frameworks/OpenGL.framework/Versions/A/Libraries/libGLProgrammability.dylib
0x0000000113e2f000 	/System/Library/Extensions/AppleIntelHD5000GraphicsGLDriver.bundle/Contents/MacOS/AppleIntelHD5000GraphicsGLDriver
0x000000003a010000 	/System/Library/PrivateFrameworks/GPUSupport.framework/Versions/A/Libraries/libGPUSupportMercury.dylib
0x00000001145a2000 	/System/Library/Frameworks/OpenGL.framework/Resources//GLRendererFloat.bundle/GLRendererFloat
0x000000003a010000 	/System/Library/Frameworks/OpenCL.framework/Versions/A/Libraries/libcldcpuengine.dylib
0x000000003a010000 	/usr/lib/libcrypto.0.9.8.dylib
0x000000003a010000 	/System/Library/PrivateFrameworks/TrustEvaluationAgent.framework/Versions/A/TrustEvaluationAgent
0x0000000114a05000 	/Library/Java/JavaVirtualMachines/jdk1.8.0_31.jdk/Contents/Home/jre/lib/libglass.dylib
0x000000003a010000 	/System/Library/PrivateFrameworks/CoreServicesInternal.framework/Versions/A/CoreServicesInternal
0x000000003a010000 	/System/Library/CoreServices/RawCamera.bundle/Contents/MacOS/RawCamera
0x000000003a010000 	/System/Library/Frameworks/Accelerate.framework/Versions/A/Frameworks/vImage.framework/Versions/A/Libraries/libCGInterfaces.dylib
0x000000003a010000 	/System/Library/PrivateFrameworks/FamilyControls.framework/Versions/A/FamilyControls
0x000000003a010000 	/System/Library/PrivateFrameworks/CommerceKit.framework/Versions/A/Frameworks/CommerceCore.framework/Versions/A/CommerceCore
0x000000003a010000 	/System/Library/PrivateFrameworks/SystemAdministration.framework/Versions/A/SystemAdministration
0x000000003a010000 	/System/Library/PrivateFrameworks/AppContainer.framework/Versions/A/AppContainer
0x000000003a010000 	/System/Library/PrivateFrameworks/SecCodeWrapper.framework/Versions/A/SecCodeWrapper
0x000000003a010000 	/System/Library/Frameworks/DirectoryService.framework/Versions/A/DirectoryService
0x000000003a010000 	/System/Library/PrivateFrameworks/DiskImages.framework/Versions/A/DiskImages
0x000000003a010000 	/System/Library/PrivateFrameworks/LoginUIKit.framework/Versions/A/Frameworks/LoginUICore.framework/Versions/A/LoginUICore
0x000000003a010000 	/usr/lib/libCoreStorage.dylib
0x000000003a010000 	/usr/lib/libcsfde.dylib
0x000000003a010000 	/usr/lib/libodfde.dylib
0x000000003a010000 	/System/Library/Frameworks/DiscRecording.framework/Versions/A/DiscRecording
0x000000003a010000 	/usr/lib/libcurl.4.dylib
0x000000003a010000 	/System/Library/PrivateFrameworks/MediaKit.framework/Versions/A/MediaKit
0x000000003a010000 	/System/Library/PrivateFrameworks/ProtectedCloudStorage.framework/Versions/A/ProtectedCloudStorage
0x000000003a010000 	/System/Library/PrivateFrameworks/EFILogin.framework/Versions/A/EFILogin
0x000000003a010000 	/usr/lib/libutil.dylib
0x000000003a010000 	/System/Library/Frameworks/LDAP.framework/Versions/A/LDAP
0x000000003a010000 	/usr/lib/libsasl2.2.dylib
0x000000003a010000 	/System/Library/PrivateFrameworks/CoreDaemon.framework/Versions/B/CoreDaemon
0x000000003a010000 	/System/Library/PrivateFrameworks/AppleSRP.framework/Versions/A/AppleSRP
0x000000003a010000 	/System/Library/PrivateFrameworks/APFS.framework/Versions/A/APFS
0x0000000114fa6000 	/Library/Java/JavaVirtualMachines/jdk1.8.0_31.jdk/Contents/Home/jre/lib/libjavafx_font.dylib
0x000000003a010000 	/System/Library/Frameworks/ApplicationServices.framework/Versions/A/Frameworks/ATS.framework/Versions/A/Resources/libTrueTypeScaler.dylib
0x0000000126c10000 	/Library/Java/JavaVirtualMachines/jdk1.8.0_31.jdk/Contents/Home/jre/lib/libnio.dylib
0x0000000126c20000 	/Library/Java/JavaVirtualMachines/jdk1.8.0_31.jdk/Contents/Home/jre/lib/./libnet.dylib
0x000000012c1ce000 	/System/Library/Extensions/AppleIntelHD5000GraphicsMTLDriver.bundle/Contents/MacOS/AppleIntelHD5000GraphicsMTLDriver
0x000000012b2fb000 	/Library/Java/JavaVirtualMachines/jdk1.8.0_31.jdk/Contents/Home/jre/lib/libprism_common.dylib
0x000000003a010000 	/System/Library/PrivateFrameworks/ViewBridge.framework/Versions/A/ViewBridge
0x000000003a010000 	/System/Library/PrivateFrameworks/XPCService.framework/Versions/A/XPCService
0x000000003a010000 	/System/Library/PrivateFrameworks/AppSandbox.framework/Versions/A/AppSandbox
0x000000003a010000 	/usr/lib/libsandbox.1.dylib
0x000000003a010000 	/usr/lib/libMatch.1.dylib

VM Arguments:
jvm_args: -Dfile.encoding=UTF-8 
java_command: Main
java_class_path (initial): /Users/rumeyzadincer/git/Mastering-Bilkent/MasteringBilkent/src:/Users/rumeyzadincer/.p2/pool/plugins/org.eclipse.fx.ide.css.jfx8_2.4.0.201605112122.jar
Launcher Type: SUN_STANDARD

Environment Variables:
PATH=/usr/bin:/bin:/usr/sbin:/sbin
SHELL=/bin/bash

Signal Handlers:
SIGSEGV: [libjvm.dylib+0x57a0e7], sa_mask[0]=11111111011111110111111111111111, sa_flags=SA_ONSTACK|SA_RESTART|SA_SIGINFO
SIGBUS: [libjvm.dylib+0x57a0e7], sa_mask[0]=11111111011111110111111111111111, sa_flags=SA_RESTART|SA_SIGINFO
SIGFPE: [libjvm.dylib+0x45af24], sa_mask[0]=11111111011111110111111111111111, sa_flags=SA_RESTART|SA_SIGINFO
SIGPIPE: [libjvm.dylib+0x45af24], sa_mask[0]=11111111011111110111111111111111, sa_flags=SA_RESTART|SA_SIGINFO
SIGXFSZ: [libjvm.dylib+0x45af24], sa_mask[0]=11111111011111110111111111111111, sa_flags=SA_RESTART|SA_SIGINFO
SIGILL: [libjvm.dylib+0x45af24], sa_mask[0]=11111111011111110111111111111111, sa_flags=SA_RESTART|SA_SIGINFO
SIGUSR1: SIG_DFL, sa_mask[0]=00000000000000000000000000000000, sa_flags=none
SIGUSR2: [libjvm.dylib+0x45aa42], sa_mask[0]=00100000000000000000000000000000, sa_flags=SA_RESTART|SA_SIGINFO
SIGHUP: [libjvm.dylib+0x459015], sa_mask[0]=11111111011111110111111111111111, sa_flags=SA_RESTART|SA_SIGINFO
SIGINT: [libjvm.dylib+0x459015], sa_mask[0]=11111111011111110111111111111111, sa_flags=SA_RESTART|SA_SIGINFO
SIGTERM: [libjvm.dylib+0x459015], sa_mask[0]=11111111011111110111111111111111, sa_flags=SA_RESTART|SA_SIGINFO
SIGQUIT: [libjvm.dylib+0x459015], sa_mask[0]=11111111011111110111111111111111, sa_flags=SA_RESTART|SA_SIGINFO


---------------  S Y S T E M  ---------------

OS:Bsduname:Darwin 16.5.0 Darwin Kernel Version 16.5.0: Fri Mar  3 16:52:33 PST 2017; root:xnu-3789.51.2~3/RELEASE_X86_64 x86_64
rlimit: STACK 8192k, CORE 0k, NPROC 709, NOFILE 10240, AS infinity
load average:3.67 2.78 2.27

CPU:total 4 (2 cores per cpu, 2 threads per core) family 6 model 69 stepping 1, cmov, cx8, fxsr, mmx, sse, sse2, sse3, ssse3, sse4.1, sse4.2, popcnt, avx, avx2, aes, clmul, erms, lzcnt, ht, tsc, tscinvbit, bmi1, bmi2

Memory: 4k page, physical 8388608k(1005968k free)

/proc/meminfo:


vm_info: Java HotSpot(TM) 64-Bit Server VM (25.31-b07) for bsd-amd64 JRE (1.8.0_31-b13), built on Dec 17 2014 20:45:36 by "java_re" with gcc 4.2.1 (Based on Apple Inc. build 5658) (LLVM build 2336.11.00)

time: Sat Apr 22 20:38:13 2017
elapsed time: 423 seconds (0d 0h 7m 3s)

