#
# A fatal error has been detected by the Java Runtime Environment:
#
#  SIGSEGV (0xb) at pc=0x00000001291463fd, pid=29069, tid=775
#
# JRE version: Java(TM) SE Runtime Environment (8.0_31-b13) (build 1.8.0_31-b13)
# Java VM: Java HotSpot(TM) 64-Bit Server VM (25.31-b07 mixed mode bsd-amd64 compressed oops)
# Problematic frame:
# C  [libglass.dylib+0x163fd]  GlassScreenDidChangeScreenParameters+0x9d
#
# Failed to write core dump. Core dumps have been disabled. To enable core dumping, try "ulimit -c unlimited" before starting Java again
#
# If you would like to submit a bug report, please visit:
#   http://bugreport.java.com/bugreport/crash.jsp
#

---------------  T H R E A D  ---------------

Current thread is native thread

siginfo: si_signo: 11 (SIGSEGV), si_code: 1 (SEGV_MAPERR), si_addr: 0x0000000000000000

Registers:
RAX=0x0000000129178e40, RBX=0x0000000000000000, RCX=0x0000000000000103, RDX=0x00007faa554e8900
RSP=0x00007fff5049fb20, RBP=0x00007fff5049fb30, RSI=0x00007faa5540c058, RDI=0x0000000000000000
R8 =0x0000000000000040, R9 =0x00007fffbe3b2040, R10=0xffffffffffffffff, R11=0x0000000000012068
R12=0x0000000000000000, R13=0x00007faa55479e80, R14=0x00007faa554fa9e0, R15=0x0000000000000000
RIP=0x00000001291463fd, EFLAGS=0x0000000000010206, ERR=0x0000000000000004
  TRAPNO=0x000000000000000e

Top of Stack: (sp=0x00007fff5049fb20)
0x00007fff5049fb20:   00007faa55479ec0 00007faa554fa9e0
0x00007fff5049fb30:   00007fff5049fb40 00007fff9fd6f50c
0x00007fff5049fb40:   00007fff5049fbb0 00007fff9fd6f40b
0x00007fff5049fb50:   000000010f77ba00 00007fffbe3ad060
0x00007fff5049fb60:   00000000c2000000 00007fff9fd6f460
0x00007fff5049fb70:   00007fffbac2d680 00007faa55479e80
0x00007fff5049fb80:   00007faa554fa9e0 00007fff504a0378
0x00007fff5049fb90:   00007fffb4bc9040 00007fff5049fc80
0x00007fff5049fba0:   00007faa55479e80 00007fff9e474078
0x00007fff5049fbb0:   00007fff5049fbf0 00007fff9fd6f172
0x00007fff5049fbc0:   00007fff504a01c0 0000000000000000
0x00007fff5049fbd0:   00007fffb4bc9040 00007fff5049fc80
0x00007fff5049fbe0:   00007fff504a0378 00007fff9e474078
0x00007fff5049fbf0:   00007fff504a0310 00007fff9fd2c5a3
0x00007fff5049fc00:   00007fff5049fc20 00007fff9fcee8f0
0x00007fff5049fc10:   00007faa555248d0 000000000000000d
0x00007fff5049fc20:   00007faa55412800 00007fffbac2ecb0
0x00007fff5049fc30:   0000000000000000 00007faa570c2048
0x00007fff5049fc40:   00007faa55412801 00007faa55458970
0x00007fff5049fc50:   00007fffbad610e0 0000000000000000
0x00007fff5049fc60:   00007faa55479f70 0000000000000000
0x00007fff5049fc70:   0000000000000000 00007fffbac6d900
0x00007fff5049fc80:   00007fff504a01c0 0000000000000001
0x00007fff5049fc90:   0000000000000100 00007fffbac6ee00
0x00007fff5049fca0:   00007fff504a00c0 0000000000000000
0x00007fff5049fcb0:   0000000000000100 00007fff9fd27200
0x00007fff5049fcc0:   000000000000000d 00007faa555248d0
0x00007fff5049fcd0:   00007faa555248d0 00007fffbac6ee80
0x00007fff5049fce0:   00007faa55607f20 0000000000000001
0x00007fff5049fcf0:   00007fff504a0380 00007fff9fd26d69
0x00007fff5049fd00:   00007fffbad60da0 00007faa5cb9b251
0x00007fff5049fd10:   0000000000000001 0000000000000000 

Instructions: (pc=0x00000001291463fd)
0x00000001291463dd:   89 df 4c 89 f1 41 ff 90 68 04 00 00 48 8d 05 58
0x00000001291463ed:   29 03 00 48 8b 30 48 8d 05 46 2a 03 00 48 8b 10
0x00000001291463fd:   48 8b 0b 30 c0 48 89 df ff 91 68 04 00 00 48 8b
0x000000012914640d:   03 48 89 df ff 50 78 48 85 c0 74 36 49 89 c6 48 

Register to memory mapping:

RAX=0x0000000129178e40: jScreenNotifySettingsChanged+0 in /Library/Java/JavaVirtualMachines/jdk1.8.0_31.jdk/Contents/Home/jre/lib/libglass.dylib at 0x0000000129130000
RBX=0x0000000000000000 is an unknown value
RCX=0x0000000000000103 is an unknown value
RDX=0x00007faa554e8900 is an unknown value
RSP=0x00007fff5049fb20 is an unknown value
RBP=0x00007fff5049fb30 is an unknown value
RSI=0x00007faa5540c058 is a global jni handle
RDI=0x0000000000000000 is an unknown value
R8 =0x0000000000000040 is an unknown value
R9 =0x00007fffbe3b2040: __sFX+0x1c0 in /usr/lib/system/libsystem_c.dylib at 0x00007fffb54f1000
R10=0xffffffffffffffff is an unknown value
R11=0x0000000000012068 is an unknown value
R12=0x0000000000000000 is an unknown value
R13=0x00007faa55479e80 is an unknown value
R14=0x00007faa554fa9e0 is an unknown value
R15=0x0000000000000000 is an unknown value


Stack: [0x00007fff4fca3000,0x00007fff504a3000],  sp=0x00007fff5049fb20,  free space=8178k
Native frames: (J=compiled Java code, j=interpreted, Vv=VM code, C=native code)
C  [libglass.dylib+0x163fd]  GlassScreenDidChangeScreenParameters+0x9d
C  [CoreFoundation+0x9d50c]  __CFNOTIFICATIONCENTER_IS_CALLING_OUT_TO_AN_OBSERVER__+0xc
C  [CoreFoundation+0x9d40b]  _CFXRegistrationPost+0x1ab
C  [CoreFoundation+0x9d172]  ___CFXNotificationPost_block_invoke+0x32
C  [CoreFoundation+0x5a5a3]  -[_CFXNotificationRegistrar find:object:observer:enumerator:]+0x723
C  [CoreFoundation+0x595dc]  _CFXNotificationPost+0x25c
C  [Foundation+0x6997]  -[NSNotificationCenter postNotificationName:object:userInfo:]+0x42
C  [AppKit+0x3f0e8a]  -[NSApplication _reactToScreenInvalidationImmediately:]+0x18f
C  [AppKit+0x3f0cc7]  __44-[NSApplication _reactToScreenInvalidation:]_block_invoke+0x3b
C  [CoreFoundation+0xa721c]  __CFRUNLOOP_IS_CALLING_OUT_TO_A_BLOCK__+0xc
C  [CoreFoundation+0x88034]  __CFRunLoopDoBlocks+0x164
C  [CoreFoundation+0x87b76]  __CFRunLoopRun+0x756
C  [CoreFoundation+0x871c4]  CFRunLoopRunSpecific+0x1a4
C  [java+0x56cc]  CreateExecutionEnvironment+0x367
C  [java+0x165c]  JLI_Launch+0x7a0
C  [java+0x768a]  main+0x65
C  [java+0xeb4]  start+0x34


---------------  P R O C E S S  ---------------

VM state:at safepoint (normal execution)

VM Mutex/Monitor currently owned by a thread:  ([mutex/lock_event])
[0x00007faa554081c0] Threads_lock - owner thread: 0x00007faa56022800
[0x00007faa554086c0] Heap_lock - owner thread: 0x00007faa57002000

Heap:
 PSYoungGen      total 38400K, used 26102K [0x0000000795580000, 0x0000000798000000, 0x00000007c0000000)
  eden space 33280K, 63% used [0x0000000795580000,0x0000000796a00a60,0x0000000797600000)
  from space 5120K, 99% used [0x0000000797600000,0x0000000797afd030,0x0000000797b00000)
  to   space 5120K, 0% used [0x0000000797b00000,0x0000000797b00000,0x0000000798000000)
 ParOldGen       total 87552K, used 2546K [0x0000000740000000, 0x0000000745580000, 0x0000000795580000)
  object space 87552K, 2% used [0x0000000740000000,0x000000074027cb80,0x0000000745580000)
 Metaspace       used 15792K, capacity 16752K, committed 16896K, reserved 1062912K
  class space    used 2353K, capacity 2524K, committed 2560K, reserved 1048576K

Card table byte_map: [0x0000000111313000,0x0000000111714000] byte_map_base: 0x000000010d913000

Marking Bits: (ParMarkBitMap*) 0x000000011089e410
 Begin Bits: [0x00000001229a4000, 0x00000001249a4000)
 End Bits:   [0x00000001249a4000, 0x00000001269a4000)

Polling page: 0x000000010f7e7000

CodeCache: size=245760Kb used=5934Kb max_used=5945Kb free=239825Kb
 bounds [0x00000001139a4000, 0x0000000113f84000, 0x00000001229a4000]
 total_blobs=2579 nmethods=1937 adapters=555
 compilation: enabled

Compilation events (10 events):
Event: 523.855 Thread 0x00007faa5582d000 1934       3       javafx.collections.ListChangeBuilder::finalizeSubChange (44 bytes)
Event: 523.857 Thread 0x00007faa5582d000 nmethod 1934 0x0000000113f62d90 code [0x0000000113f62f80, 0x0000000113f63958]
Event: 872.879 Thread 0x00007faa5582d000 1935       3       javafx.collections.ListChangeBuilder::findSubChange (84 bytes)
Event: 872.880 Thread 0x00007faa5582d000 nmethod 1935 0x0000000113f70010 code [0x0000000113f701c0, 0x0000000113f70738]
Event: 872.880 Thread 0x00007faa5582d000 1936       3       javafx.collections.ListChangeBuilder$SubChange::<init> (32 bytes)
Event: 872.880 Thread 0x00007faa5582d000 nmethod 1936 0x0000000113f62950 code [0x0000000113f62ac0, 0x0000000113f62cb0]
Event: 892.679 Thread 0x00007faa5582d000 1937       3       javafx.collections.ObservableListBase::fireChange (9 bytes)
Event: 892.680 Thread 0x00007faa5582d000 nmethod 1937 0x0000000113f6f990 code [0x0000000113f6fb20, 0x0000000113f6fe98]
Event: 940.644 Thread 0x00007faa5582c800 1938       4       javafx.scene.input.MouseEvent::getEventType (5 bytes)
Event: 940.644 Thread 0x00007faa5582c800 nmethod 1938 0x0000000113f65e50 code [0x0000000113f65fa0, 0x0000000113f66018]

GC Heap History (2 events):
Event: 1.668 GC heap before
{Heap before GC invocations=1 (full 0):
 PSYoungGen      total 38400K, used 33280K [0x0000000795580000, 0x0000000798000000, 0x00000007c0000000)
  eden space 33280K, 100% used [0x0000000795580000,0x0000000797600000,0x0000000797600000)
  from space 5120K, 0% used [0x0000000797b00000,0x0000000797b00000,0x0000000798000000)
  to   space 5120K, 0% used [0x0000000797600000,0x0000000797600000,0x0000000797b00000)
 ParOldGen       total 87552K, used 0K [0x0000000740000000, 0x0000000745580000, 0x0000000795580000)
  object space 87552K, 0% used [0x0000000740000000,0x0000000740000000,0x0000000745580000)
 Metaspace       used 13893K, capacity 14432K, committed 14592K, reserved 1060864K
  class space    used 2065K, capacity 2198K, committed 2304K, reserved 1048576K
Event: 1.680 GC heap after
Heap after GC invocations=1 (full 0):
 PSYoungGen      total 38400K, used 5108K [0x0000000795580000, 0x0000000798000000, 0x00000007c0000000)
  eden space 33280K, 0% used [0x0000000795580000,0x0000000795580000,0x0000000797600000)
  from space 5120K, 99% used [0x0000000797600000,0x0000000797afd030,0x0000000797b00000)
  to   space 5120K, 0% used [0x0000000797b00000,0x0000000797b00000,0x0000000798000000)
 ParOldGen       total 87552K, used 2546K [0x0000000740000000, 0x0000000745580000, 0x0000000795580000)
  object space 87552K, 2% used [0x0000000740000000,0x000000074027cb80,0x0000000745580000)
 Metaspace       used 13893K, capacity 14432K, committed 14592K, reserved 1060864K
  class space    used 2065K, capacity 2198K, committed 2304K, reserved 1048576K
}

Deoptimization events (10 events):
Event: 3.131 Thread 0x00007faa570bf000 Uncommon trap: reason=class_check action=maybe_recompile pc=0x0000000113e277b8 method=javafx.scene.CssStyleHelper.getStyle(Ljavafx/css/Styleable;Ljava/lang/String;Lcom/sun/javafx/css/StyleMap;Ljava/util/Set;)Lcom/sun/javafx/css/CascadingStyle; @ 140
Event: 3.132 Thread 0x00007faa570bf000 Uncommon trap: reason=class_check action=maybe_recompile pc=0x0000000113e277b8 method=javafx.scene.CssStyleHelper.getStyle(Ljavafx/css/Styleable;Ljava/lang/String;Lcom/sun/javafx/css/StyleMap;Ljava/util/Set;)Lcom/sun/javafx/css/CascadingStyle; @ 140
Event: 3.132 Thread 0x00007faa570bf000 Uncommon trap: reason=class_check action=maybe_recompile pc=0x0000000113e277b8 method=javafx.scene.CssStyleHelper.getStyle(Ljavafx/css/Styleable;Ljava/lang/String;Lcom/sun/javafx/css/StyleMap;Ljava/util/Set;)Lcom/sun/javafx/css/CascadingStyle; @ 140
Event: 3.169 Thread 0x00007faa570bf000 Uncommon trap: reason=class_check action=maybe_recompile pc=0x0000000113e4a0e4 method=com.sun.javafx.css.StyleMap.getCascadingStyles()Ljava/util/Map; @ 77
Event: 3.169 Thread 0x00007faa570bf000 Uncommon trap: reason=class_check action=maybe_recompile pc=0x0000000113e4a0e4 method=com.sun.javafx.css.StyleMap.getCascadingStyles()Ljava/util/Map; @ 77
Event: 3.175 Thread 0x00007faa570bf000 Uncommon trap: reason=class_check action=maybe_recompile pc=0x0000000113e4a0e4 method=com.sun.javafx.css.StyleMap.getCascadingStyles()Ljava/util/Map; @ 77
Event: 3.175 Thread 0x00007faa570bf000 Uncommon trap: reason=class_check action=maybe_recompile pc=0x0000000113e4a0e4 method=com.sun.javafx.css.StyleMap.getCascadingStyles()Ljava/util/Map; @ 77
Event: 940.686 Thread 0x00007faa570bf000 Uncommon trap: reason=unreached action=reinterpret pc=0x0000000113f68638 method=com.sun.glass.ui.mac.MacTouchInputSupport.notifyNextTouchEvent(Lcom/sun/glass/ui/View;IJIIII)V @ 86
Event: 940.686 Thread 0x00007faa570bf000 Uncommon trap: reason=unreached action=reinterpret pc=0x0000000113f66964 method=com.sun.glass.ui.TouchInputSupport.notifyBeginTouchEvent(Lcom/sun/glass/ui/View;IZI)V @ 12
Event: 940.686 Thread 0x00007faa570bf000 Uncommon trap: reason=unreached action=reinterpret pc=0x0000000113f6af40 method=com.sun.glass.ui.TouchInputSupport.notifyNextTouchEvent(Lcom/sun/glass/ui/View;IJIIII)V @ 110

Internal exceptions (10 events):
Event: 0.558 Thread 0x00007faa570bf000 Exception <a 'java/lang/NullPointerException'> (0x00000007961d74d8) thrown at [/Users/java_re/workspace/8-2-build-macosx-x86_64/jdk8u31/2394/hotspot/src/share/vm/interpreter/linkResolver.cpp, line 1178]
Event: 0.558 Thread 0x00007faa570bf000 Exception <a 'java/lang/NullPointerException'> (0x00000007961d74d8) thrown at [/Users/java_re/workspace/8-2-build-macosx-x86_64/jdk8u31/2394/hotspot/src/share/vm/prims/jvm.cpp, line 1316]
Event: 1.264 Thread 0x00007faa570bf000 Exception <a 'java/security/PrivilegedActionException'> (0x0000000796b29e10) thrown at [/Users/java_re/workspace/8-2-build-macosx-x86_64/jdk8u31/2394/hotspot/src/share/vm/prims/jvm.cpp, line 1312]
Event: 1.265 Thread 0x00007faa570bf000 Exception <a 'java/security/PrivilegedActionException'> (0x0000000796b3f1b8) thrown at [/Users/java_re/workspace/8-2-build-macosx-x86_64/jdk8u31/2394/hotspot/src/share/vm/prims/jvm.cpp, line 1312]
Event: 1.267 Thread 0x00007faa570bf000 Exception <a 'java/security/PrivilegedActionException'> (0x0000000796b5eda8) thrown at [/Users/java_re/workspace/8-2-build-macosx-x86_64/jdk8u31/2394/hotspot/src/share/vm/prims/jvm.cpp, line 1312]
Event: 1.380 Thread 0x00007faa570bf000 Exception <a 'java/security/PrivilegedActionException'> (0x0000000796e974d0) thrown at [/Users/java_re/workspace/8-2-build-macosx-x86_64/jdk8u31/2394/hotspot/src/share/vm/prims/jvm.cpp, line 1312]
Event: 1.381 Thread 0x00007faa570bf000 Exception <a 'java/security/PrivilegedActionException'> (0x0000000796ead728) thrown at [/Users/java_re/workspace/8-2-build-macosx-x86_64/jdk8u31/2394/hotspot/src/share/vm/prims/jvm.cpp, line 1312]
Event: 1.383 Thread 0x00007faa570bf000 Exception <a 'java/security/PrivilegedActionException'> (0x0000000796ec7df0) thrown at [/Users/java_re/workspace/8-2-build-macosx-x86_64/jdk8u31/2394/hotspot/src/share/vm/prims/jvm.cpp, line 1312]
Event: 3.016 Thread 0x00007faa570bf000 Exception <a 'java/security/PrivilegedActionException'> (0x000000079575b698) thrown at [/Users/java_re/workspace/8-2-build-macosx-x86_64/jdk8u31/2394/hotspot/src/share/vm/prims/jvm.cpp, line 1312]
Event: 940.686 Thread 0x00007faa570bf000 Implicit null exception at 0x0000000113f6aa11 to 0x0000000113f6af31

Events (10 events):
Event: 940.842 loading class java/util/IdentityHashMap$KeySet done
Event: 940.842 loading class java/util/IdentityHashMap$KeyIterator
Event: 940.842 loading class java/util/IdentityHashMap$IdentityHashMapIterator
Event: 940.842 loading class java/util/IdentityHashMap$IdentityHashMapIterator done
Event: 940.842 loading class java/util/IdentityHashMap$KeyIterator done
Event: 940.842 Thread 0x00007faa570bf000 Thread added: 0x00007faa570bf000
Event: 940.843 loading class com/sun/javafx/font/PrismFontFile
Event: 940.843 loading class com/sun/javafx/font/PrismFontFile done
Event: 940.844 Thread 0x00007faa570bf000 Thread exited: 0x00007faa570bf000
Event: 940.844 Thread 0x00007faa57002000 Thread exited: 0x00007faa57002000


Dynamic libraries:
0x000000002a95e000 	/System/Library/Frameworks/Cocoa.framework/Versions/A/Cocoa
0x000000002a95e000 	/System/Library/Frameworks/Security.framework/Versions/A/Security
0x000000002a95e000 	/System/Library/Frameworks/ApplicationServices.framework/Versions/A/ApplicationServices
0x000000002a95e000 	/usr/lib/libz.1.dylib
0x000000002a95e000 	/usr/lib/libSystem.B.dylib
0x000000002a95e000 	/usr/lib/libobjc.A.dylib
0x000000002a95e000 	/System/Library/Frameworks/CoreFoundation.framework/Versions/A/CoreFoundation
0x000000002a95e000 	/System/Library/Frameworks/Foundation.framework/Versions/C/Foundation
0x000000002a95e000 	/System/Library/Frameworks/AppKit.framework/Versions/C/AppKit
0x000000002a95e000 	/System/Library/Frameworks/CoreData.framework/Versions/A/CoreData
0x000000002a95e000 	/System/Library/PrivateFrameworks/RemoteViewServices.framework/Versions/A/RemoteViewServices
0x000000002a95e000 	/System/Library/PrivateFrameworks/UIFoundation.framework/Versions/A/UIFoundation
0x000000002a95e000 	/System/Library/PrivateFrameworks/DFRFoundation.framework/Versions/A/DFRFoundation
0x000000002a95e000 	/usr/lib/libenergytrace.dylib
0x000000002a95e000 	/System/Library/PrivateFrameworks/SkyLight.framework/Versions/A/SkyLight
0x000000002a95e000 	/System/Library/Frameworks/CoreGraphics.framework/Versions/A/CoreGraphics
0x000000002a95e000 	/usr/lib/libScreenReader.dylib
0x000000002a95e000 	/System/Library/Frameworks/Accelerate.framework/Versions/A/Accelerate
0x000000002a95e000 	/System/Library/Frameworks/IOSurface.framework/Versions/A/IOSurface
0x000000002a95e000 	/System/Library/Frameworks/AudioToolbox.framework/Versions/A/AudioToolbox
0x000000002a95e000 	/System/Library/Frameworks/AudioUnit.framework/Versions/A/AudioUnit
0x000000002a95e000 	/System/Library/PrivateFrameworks/DataDetectorsCore.framework/Versions/A/DataDetectorsCore
0x000000002a95e000 	/System/Library/PrivateFrameworks/DesktopServicesPriv.framework/Versions/A/DesktopServicesPriv
0x000000002a95e000 	/System/Library/Frameworks/Carbon.framework/Versions/A/Frameworks/HIToolbox.framework/Versions/A/HIToolbox
0x000000002a95e000 	/usr/lib/libicucore.A.dylib
0x000000002a95e000 	/System/Library/Frameworks/QuartzCore.framework/Versions/A/QuartzCore
0x000000002a95e000 	/System/Library/Frameworks/Carbon.framework/Versions/A/Frameworks/SpeechRecognition.framework/Versions/A/SpeechRecognition
0x000000002a95e000 	/usr/lib/libauto.dylib
0x000000002a95e000 	/usr/lib/libxml2.2.dylib
0x000000002a95e000 	/System/Library/PrivateFrameworks/CoreUI.framework/Versions/A/CoreUI
0x000000002a95e000 	/System/Library/Frameworks/CoreAudio.framework/Versions/A/CoreAudio
0x000000002a95e000 	/System/Library/Frameworks/DiskArbitration.framework/Versions/A/DiskArbitration
0x000000002a95e000 	/usr/lib/liblangid.dylib
0x000000002a95e000 	/System/Library/PrivateFrameworks/MultitouchSupport.framework/Versions/A/MultitouchSupport
0x000000002a95e000 	/System/Library/Frameworks/IOKit.framework/Versions/A/IOKit
0x000000002a95e000 	/usr/lib/libDiagnosticMessagesClient.dylib
0x000000002a95e000 	/System/Library/Frameworks/CoreServices.framework/Versions/A/CoreServices
0x000000002a95e000 	/System/Library/PrivateFrameworks/PerformanceAnalysis.framework/Versions/A/PerformanceAnalysis
0x000000002a95e000 	/System/Library/PrivateFrameworks/GenerationalStorage.framework/Versions/A/GenerationalStorage
0x000000002a95e000 	/System/Library/Frameworks/OpenGL.framework/Versions/A/OpenGL
0x000000002a95e000 	/System/Library/Frameworks/CoreImage.framework/Versions/A/CoreImage
0x000000002a95e000 	/System/Library/Frameworks/CoreText.framework/Versions/A/CoreText
0x000000002a95e000 	/System/Library/Frameworks/ImageIO.framework/Versions/A/ImageIO
0x000000002a95e000 	/System/Library/PrivateFrameworks/Backup.framework/Versions/A/Backup
0x000000002a95e000 	/usr/lib/libarchive.2.dylib
0x000000002a95e000 	/System/Library/Frameworks/CFNetwork.framework/Versions/A/CFNetwork
0x000000002a95e000 	/System/Library/Frameworks/SystemConfiguration.framework/Versions/A/SystemConfiguration
0x000000002a95e000 	/usr/lib/libCRFSuite.dylib
0x000000002a95e000 	/usr/lib/libc++.1.dylib
0x000000002a95e000 	/usr/lib/libc++abi.dylib
0x000000002a95e000 	/usr/lib/system/libcache.dylib
0x000000002a95e000 	/usr/lib/system/libcommonCrypto.dylib
0x000000002a95e000 	/usr/lib/system/libcompiler_rt.dylib
0x000000002a95e000 	/usr/lib/system/libcopyfile.dylib
0x000000002a95e000 	/usr/lib/system/libcorecrypto.dylib
0x000000002a95e000 	/usr/lib/system/libdispatch.dylib
0x000000002a95e000 	/usr/lib/system/libdyld.dylib
0x000000002a95e000 	/usr/lib/system/libkeymgr.dylib
0x000000002a95e000 	/usr/lib/system/liblaunch.dylib
0x000000002a95e000 	/usr/lib/system/libmacho.dylib
0x000000002a95e000 	/usr/lib/system/libquarantine.dylib
0x000000002a95e000 	/usr/lib/system/libremovefile.dylib
0x000000002a95e000 	/usr/lib/system/libsystem_asl.dylib
0x000000002a95e000 	/usr/lib/system/libsystem_blocks.dylib
0x000000002a95e000 	/usr/lib/system/libsystem_c.dylib
0x000000002a95e000 	/usr/lib/system/libsystem_configuration.dylib
0x000000002a95e000 	/usr/lib/system/libsystem_coreservices.dylib
0x000000002a95e000 	/usr/lib/system/libsystem_coretls.dylib
0x000000002a95e000 	/usr/lib/system/libsystem_dnssd.dylib
0x000000002a95e000 	/usr/lib/system/libsystem_info.dylib
0x000000002a95e000 	/usr/lib/system/libsystem_kernel.dylib
0x000000002a95e000 	/usr/lib/system/libsystem_m.dylib
0x000000002a95e000 	/usr/lib/system/libsystem_malloc.dylib
0x000000002a95e000 	/usr/lib/system/libsystem_network.dylib
0x000000002a95e000 	/usr/lib/system/libsystem_networkextension.dylib
0x000000002a95e000 	/usr/lib/system/libsystem_notify.dylib
0x000000002a95e000 	/usr/lib/system/libsystem_platform.dylib
0x000000002a95e000 	/usr/lib/system/libsystem_pthread.dylib
0x000000002a95e000 	/usr/lib/system/libsystem_sandbox.dylib
0x000000002a95e000 	/usr/lib/system/libsystem_secinit.dylib
0x000000002a95e000 	/usr/lib/system/libsystem_symptoms.dylib
0x000000002a95e000 	/usr/lib/system/libsystem_trace.dylib
0x000000002a95e000 	/usr/lib/system/libunwind.dylib
0x000000002a95e000 	/usr/lib/system/libxpc.dylib
0x000000002a95e000 	/usr/lib/libbsm.0.dylib
0x000000002a95e000 	/usr/lib/system/libkxld.dylib
0x000000002a95e000 	/usr/lib/libcoretls.dylib
0x000000002a95e000 	/usr/lib/libcoretls_cfhelpers.dylib
0x000000002a95e000 	/usr/lib/libOpenScriptingUtil.dylib
0x000000002a95e000 	/usr/lib/libpam.2.dylib
0x000000002a95e000 	/usr/lib/libsqlite3.dylib
0x000000002a95e000 	/usr/lib/libxar.1.dylib
0x000000002a95e000 	/usr/lib/libbz2.1.0.dylib
0x000000002a95e000 	/usr/lib/liblzma.5.dylib
0x000000002a95e000 	/usr/lib/libnetwork.dylib
0x000000002a95e000 	/usr/lib/libpcap.A.dylib
0x000000002a95e000 	/System/Library/Frameworks/CoreServices.framework/Versions/A/Frameworks/FSEvents.framework/Versions/A/FSEvents
0x000000002a95e000 	/System/Library/Frameworks/CoreServices.framework/Versions/A/Frameworks/CarbonCore.framework/Versions/A/CarbonCore
0x000000002a95e000 	/System/Library/Frameworks/CoreServices.framework/Versions/A/Frameworks/Metadata.framework/Versions/A/Metadata
0x000000002a95e000 	/System/Library/Frameworks/CoreServices.framework/Versions/A/Frameworks/OSServices.framework/Versions/A/OSServices
0x000000002a95e000 	/System/Library/Frameworks/CoreServices.framework/Versions/A/Frameworks/SearchKit.framework/Versions/A/SearchKit
0x000000002a95e000 	/System/Library/Frameworks/CoreServices.framework/Versions/A/Frameworks/AE.framework/Versions/A/AE
0x000000002a95e000 	/System/Library/Frameworks/CoreServices.framework/Versions/A/Frameworks/LaunchServices.framework/Versions/A/LaunchServices
0x000000002a95e000 	/System/Library/Frameworks/CoreServices.framework/Versions/A/Frameworks/DictionaryServices.framework/Versions/A/DictionaryServices
0x000000002a95e000 	/System/Library/Frameworks/CoreServices.framework/Versions/A/Frameworks/SharedFileList.framework/Versions/A/SharedFileList
0x000000002a95e000 	/System/Library/Frameworks/NetFS.framework/Versions/A/NetFS
0x000000002a95e000 	/System/Library/PrivateFrameworks/NetAuth.framework/Versions/A/NetAuth
0x000000002a95e000 	/System/Library/PrivateFrameworks/login.framework/Versions/A/Frameworks/loginsupport.framework/Versions/A/loginsupport
0x000000002a95e000 	/System/Library/PrivateFrameworks/TCC.framework/Versions/A/TCC
0x000000002a95e000 	/usr/lib/libmecabra.dylib
0x000000002a95e000 	/System/Library/Frameworks/ApplicationServices.framework/Versions/A/Frameworks/ATS.framework/Versions/A/ATS
0x000000002a95e000 	/System/Library/Frameworks/ApplicationServices.framework/Versions/A/Frameworks/ColorSync.framework/Versions/A/ColorSync
0x000000002a95e000 	/System/Library/Frameworks/ApplicationServices.framework/Versions/A/Frameworks/HIServices.framework/Versions/A/HIServices
0x000000002a95e000 	/System/Library/Frameworks/ApplicationServices.framework/Versions/A/Frameworks/LangAnalysis.framework/Versions/A/LangAnalysis
0x000000002a95e000 	/System/Library/Frameworks/ApplicationServices.framework/Versions/A/Frameworks/PrintCore.framework/Versions/A/PrintCore
0x000000002a95e000 	/System/Library/Frameworks/ApplicationServices.framework/Versions/A/Frameworks/QD.framework/Versions/A/QD
0x000000002a95e000 	/System/Library/Frameworks/ApplicationServices.framework/Versions/A/Frameworks/SpeechSynthesis.framework/Versions/A/SpeechSynthesis
0x000000002a95e000 	/System/Library/Frameworks/Accelerate.framework/Versions/A/Frameworks/vImage.framework/Versions/A/vImage
0x000000002a95e000 	/System/Library/Frameworks/Accelerate.framework/Versions/A/Frameworks/vecLib.framework/Versions/A/vecLib
0x000000002a95e000 	/System/Library/Frameworks/Accelerate.framework/Versions/A/Frameworks/vecLib.framework/Versions/A/libvDSP.dylib
0x000000002a95e000 	/System/Library/Frameworks/Accelerate.framework/Versions/A/Frameworks/vecLib.framework/Versions/A/libBNNS.dylib
0x000000002a95e000 	/System/Library/Frameworks/Accelerate.framework/Versions/A/Frameworks/vecLib.framework/Versions/A/libQuadrature.dylib
0x000000002a95e000 	/System/Library/Frameworks/Accelerate.framework/Versions/A/Frameworks/vecLib.framework/Versions/A/libvMisc.dylib
0x000000002a95e000 	/System/Library/Frameworks/Accelerate.framework/Versions/A/Frameworks/vecLib.framework/Versions/A/libLAPACK.dylib
0x000000002a95e000 	/System/Library/Frameworks/Accelerate.framework/Versions/A/Frameworks/vecLib.framework/Versions/A/libBLAS.dylib
0x000000002a95e000 	/System/Library/Frameworks/Accelerate.framework/Versions/A/Frameworks/vecLib.framework/Versions/A/libLinearAlgebra.dylib
0x000000002a95e000 	/System/Library/Frameworks/Accelerate.framework/Versions/A/Frameworks/vecLib.framework/Versions/A/libSparseBLAS.dylib
0x000000002a95e000 	/System/Library/Frameworks/ApplicationServices.framework/Versions/A/Frameworks/ATS.framework/Versions/A/Resources/libFontParser.dylib
0x000000002a95e000 	/System/Library/Frameworks/ApplicationServices.framework/Versions/A/Frameworks/ATS.framework/Versions/A/Resources/libFontRegistry.dylib
0x000000002a95e000 	/System/Library/Frameworks/ImageIO.framework/Versions/A/Resources/libJPEG.dylib
0x000000002a95e000 	/System/Library/Frameworks/ImageIO.framework/Versions/A/Resources/libTIFF.dylib
0x000000002a95e000 	/System/Library/Frameworks/ImageIO.framework/Versions/A/Resources/libPng.dylib
0x000000002a95e000 	/System/Library/Frameworks/ImageIO.framework/Versions/A/Resources/libGIF.dylib
0x000000002a95e000 	/System/Library/Frameworks/ImageIO.framework/Versions/A/Resources/libJP2.dylib
0x000000002a95e000 	/System/Library/Frameworks/ImageIO.framework/Versions/A/Resources/libRadiance.dylib
0x000000002a95e000 	/usr/lib/libcompression.dylib
0x000000002a95e000 	/System/Library/PrivateFrameworks/AppleJPEG.framework/Versions/A/AppleJPEG
0x000000002a95e000 	/usr/lib/libcups.2.dylib
0x000000002a95e000 	/System/Library/Frameworks/Kerberos.framework/Versions/A/Kerberos
0x000000002a95e000 	/System/Library/Frameworks/GSS.framework/Versions/A/GSS
0x000000002a95e000 	/usr/lib/libresolv.9.dylib
0x000000002a95e000 	/usr/lib/libiconv.2.dylib
0x000000002a95e000 	/System/Library/PrivateFrameworks/Heimdal.framework/Versions/A/Heimdal
0x000000002a95e000 	/usr/lib/libheimdal-asn1.dylib
0x000000002a95e000 	/System/Library/Frameworks/OpenDirectory.framework/Versions/A/OpenDirectory
0x000000002a95e000 	/System/Library/PrivateFrameworks/CommonAuth.framework/Versions/A/CommonAuth
0x000000002a95e000 	/System/Library/Frameworks/OpenDirectory.framework/Versions/A/Frameworks/CFOpenDirectory.framework/Versions/A/CFOpenDirectory
0x000000002a95e000 	/System/Library/Frameworks/SecurityFoundation.framework/Versions/A/SecurityFoundation
0x000000002a95e000 	/System/Library/PrivateFrameworks/LanguageModeling.framework/Versions/A/LanguageModeling
0x000000002a95e000 	/usr/lib/libmarisa.dylib
0x000000002a95e000 	/usr/lib/libChineseTokenizer.dylib
0x000000002a95e000 	/usr/lib/libcmph.dylib
0x000000002a95e000 	/System/Library/PrivateFrameworks/CoreEmoji.framework/Versions/A/CoreEmoji
0x000000002a95e000 	/System/Library/Frameworks/ServiceManagement.framework/Versions/A/ServiceManagement
0x000000002a95e000 	/usr/lib/libxslt.1.dylib
0x000000002a95e000 	/System/Library/Frameworks/Carbon.framework/Versions/A/Frameworks/Ink.framework/Versions/A/Ink
0x000000002a95e000 	/System/Library/PrivateFrameworks/TextureIO.framework/Versions/A/TextureIO
0x000000002a95e000 	/System/Library/Frameworks/Metal.framework/Versions/A/Metal
0x000000002a95e000 	/usr/lib/libate.dylib
0x000000002a95e000 	/System/Library/PrivateFrameworks/GPUCompiler.framework/libmetal_timestamp.dylib
0x000000002a95e000 	/System/Library/Frameworks/OpenGL.framework/Versions/A/Libraries/libCoreFSCache.dylib
0x000000002a95e000 	/System/Library/PrivateFrameworks/IOAccelerator.framework/Versions/A/IOAccelerator
0x000000002a95e000 	/System/Library/Frameworks/CoreVideo.framework/Versions/A/CoreVideo
0x000000002a95e000 	/usr/lib/libFosl_dynamic.dylib
0x000000002a95e000 	/System/Library/PrivateFrameworks/MetalPerformanceShaders.framework/Versions/A/MetalPerformanceShaders
0x000000002a95e000 	/System/Library/PrivateFrameworks/FaceCore.framework/Versions/A/FaceCore
0x000000002a95e000 	/System/Library/Frameworks/OpenCL.framework/Versions/A/OpenCL
0x000000002a95e000 	/System/Library/Frameworks/OpenGL.framework/Versions/A/Libraries/libGLU.dylib
0x000000002a95e000 	/System/Library/Frameworks/OpenGL.framework/Versions/A/Libraries/libGFXShared.dylib
0x000000002a95e000 	/System/Library/Frameworks/OpenGL.framework/Versions/A/Libraries/libGL.dylib
0x000000002a95e000 	/System/Library/Frameworks/OpenGL.framework/Versions/A/Libraries/libGLImage.dylib
0x000000002a95e000 	/System/Library/Frameworks/OpenGL.framework/Versions/A/Libraries/libCVMSPluginSupport.dylib
0x000000002a95e000 	/System/Library/Frameworks/OpenGL.framework/Versions/A/Libraries/libCoreVMClient.dylib
0x000000002a95e000 	/System/Library/PrivateFrameworks/CrashReporterSupport.framework/Versions/A/CrashReporterSupport
0x000000002a95e000 	/System/Library/PrivateFrameworks/Sharing.framework/Versions/A/Sharing
0x000000002a95e000 	/System/Library/PrivateFrameworks/IconServices.framework/Versions/A/IconServices
0x000000002a95e000 	/System/Library/PrivateFrameworks/ProtocolBuffer.framework/Versions/A/ProtocolBuffer
0x000000002a95e000 	/System/Library/PrivateFrameworks/Apple80211.framework/Versions/A/Apple80211
0x000000002a95e000 	/System/Library/Frameworks/CoreWLAN.framework/Versions/A/CoreWLAN
0x000000002a95e000 	/System/Library/PrivateFrameworks/CoreUtils.framework/Versions/A/CoreUtils
0x000000002a95e000 	/System/Library/Frameworks/IOBluetooth.framework/Versions/A/IOBluetooth
0x000000002a95e000 	/System/Library/PrivateFrameworks/CoreWiFi.framework/Versions/A/CoreWiFi
0x000000002a95e000 	/System/Library/Frameworks/CoreBluetooth.framework/Versions/A/CoreBluetooth
0x000000002a95e000 	/System/Library/Frameworks/CoreDisplay.framework/Versions/A/CoreDisplay
0x000000002a95e000 	/System/Library/PrivateFrameworks/IOPresentment.framework/Versions/A/IOPresentment
0x000000002a95e000 	/System/Library/PrivateFrameworks/DSExternalDisplay.framework/Versions/A/DSExternalDisplay
0x000000002a95e000 	/System/Library/PrivateFrameworks/DebugSymbols.framework/Versions/A/DebugSymbols
0x000000002a95e000 	/System/Library/PrivateFrameworks/CoreSymbolication.framework/Versions/A/CoreSymbolication
0x000000002a95e000 	/System/Library/PrivateFrameworks/Symbolication.framework/Versions/A/Symbolication
0x000000002a95e000 	/System/Library/PrivateFrameworks/AppleFSCompression.framework/Versions/A/AppleFSCompression
0x000000002a95e000 	/System/Library/PrivateFrameworks/SpeechRecognitionCore.framework/Versions/A/SpeechRecognitionCore
0x000000002a95e000 	/System/Library/PrivateFrameworks/ChunkingLibrary.framework/Versions/A/ChunkingLibrary
0x0000000110000000 	/Library/Java/JavaVirtualMachines/jdk1.8.0_31.jdk/Contents/Home/jre/lib/server/libjvm.dylib
0x000000002a95e000 	/usr/lib/libstdc++.6.dylib
0x000000010f7d9000 	/Library/Java/JavaVirtualMachines/jdk1.8.0_31.jdk/Contents/Home/jre/lib/libverify.dylib
0x0000000110f1f000 	/Library/Java/JavaVirtualMachines/jdk1.8.0_31.jdk/Contents/Home/jre/lib/libjava.dylib
0x000000010f7f1000 	/Library/Java/JavaVirtualMachines/jdk1.8.0_31.jdk/Contents/Home/jre/lib/libzip.dylib
0x00000001138b3000 	/System/Library/Frameworks/JavaVM.framework/Frameworks/JavaRuntimeSupport.framework/JavaRuntimeSupport
0x00000001138cd000 	/System/Library/Frameworks/JavaVM.framework/Versions/A/Frameworks/JavaNativeFoundation.framework/Versions/A/JavaNativeFoundation
0x00000001138e2000 	/System/Library/Frameworks/JavaVM.framework/Versions/A/JavaVM
0x000000002a95e000 	/System/Library/Frameworks/Carbon.framework/Versions/A/Carbon
0x00000001138ef000 	/System/Library/PrivateFrameworks/JavaLaunching.framework/Versions/A/JavaLaunching
0x000000002a95e000 	/System/Library/Frameworks/Carbon.framework/Versions/A/Frameworks/CommonPanels.framework/Versions/A/CommonPanels
0x000000002a95e000 	/System/Library/Frameworks/Carbon.framework/Versions/A/Frameworks/Help.framework/Versions/A/Help
0x000000002a95e000 	/System/Library/Frameworks/Carbon.framework/Versions/A/Frameworks/ImageCapture.framework/Versions/A/ImageCapture
0x000000002a95e000 	/System/Library/Frameworks/Carbon.framework/Versions/A/Frameworks/OpenScripting.framework/Versions/A/OpenScripting
0x000000002a95e000 	/System/Library/Frameworks/Carbon.framework/Versions/A/Frameworks/Print.framework/Versions/A/Print
0x000000002a95e000 	/System/Library/Frameworks/Carbon.framework/Versions/A/Frameworks/SecurityHI.framework/Versions/A/SecurityHI
0x0000000113901000 	/Library/Java/JavaVirtualMachines/jdk1.8.0_31.jdk/Contents/Home/jre/lib/libprism_es2.dylib
0x0000000128375000 	/System/Library/Frameworks/OpenGL.framework/Resources/GLEngine.bundle/GLEngine
0x000000002a95e000 	/System/Library/Frameworks/OpenGL.framework/Versions/A/Libraries/libGLProgrammability.dylib
0x000000012855a000 	/System/Library/Extensions/AppleIntelHD5000GraphicsGLDriver.bundle/Contents/MacOS/AppleIntelHD5000GraphicsGLDriver
0x000000002a95e000 	/System/Library/PrivateFrameworks/GPUSupport.framework/Versions/A/Libraries/libGPUSupportMercury.dylib
0x0000000128ccd000 	/System/Library/Frameworks/OpenGL.framework/Resources//GLRendererFloat.bundle/GLRendererFloat
0x000000002a95e000 	/System/Library/Frameworks/OpenCL.framework/Versions/A/Libraries/libcldcpuengine.dylib
0x000000002a95e000 	/usr/lib/libcrypto.0.9.8.dylib
0x000000002a95e000 	/System/Library/PrivateFrameworks/TrustEvaluationAgent.framework/Versions/A/TrustEvaluationAgent
0x0000000129130000 	/Library/Java/JavaVirtualMachines/jdk1.8.0_31.jdk/Contents/Home/jre/lib/libglass.dylib
0x000000002a95e000 	/System/Library/PrivateFrameworks/CoreServicesInternal.framework/Versions/A/CoreServicesInternal
0x000000002a95e000 	/System/Library/CoreServices/RawCamera.bundle/Contents/MacOS/RawCamera
0x000000002a95e000 	/System/Library/Frameworks/Accelerate.framework/Versions/A/Frameworks/vImage.framework/Versions/A/Libraries/libCGInterfaces.dylib
0x000000002a95e000 	/System/Library/PrivateFrameworks/FamilyControls.framework/Versions/A/FamilyControls
0x000000002a95e000 	/System/Library/PrivateFrameworks/CommerceKit.framework/Versions/A/Frameworks/CommerceCore.framework/Versions/A/CommerceCore
0x000000002a95e000 	/System/Library/PrivateFrameworks/SystemAdministration.framework/Versions/A/SystemAdministration
0x000000002a95e000 	/System/Library/PrivateFrameworks/AppContainer.framework/Versions/A/AppContainer
0x000000002a95e000 	/System/Library/PrivateFrameworks/SecCodeWrapper.framework/Versions/A/SecCodeWrapper
0x000000002a95e000 	/System/Library/Frameworks/DirectoryService.framework/Versions/A/DirectoryService
0x000000002a95e000 	/System/Library/PrivateFrameworks/DiskImages.framework/Versions/A/DiskImages
0x000000002a95e000 	/System/Library/PrivateFrameworks/LoginUIKit.framework/Versions/A/Frameworks/LoginUICore.framework/Versions/A/LoginUICore
0x000000002a95e000 	/usr/lib/libCoreStorage.dylib
0x000000002a95e000 	/usr/lib/libcsfde.dylib
0x000000002a95e000 	/usr/lib/libodfde.dylib
0x000000002a95e000 	/System/Library/Frameworks/DiscRecording.framework/Versions/A/DiscRecording
0x000000002a95e000 	/usr/lib/libcurl.4.dylib
0x000000002a95e000 	/System/Library/PrivateFrameworks/MediaKit.framework/Versions/A/MediaKit
0x000000002a95e000 	/System/Library/PrivateFrameworks/ProtectedCloudStorage.framework/Versions/A/ProtectedCloudStorage
0x000000002a95e000 	/System/Library/PrivateFrameworks/EFILogin.framework/Versions/A/EFILogin
0x000000002a95e000 	/usr/lib/libutil.dylib
0x000000002a95e000 	/System/Library/Frameworks/LDAP.framework/Versions/A/LDAP
0x000000002a95e000 	/usr/lib/libsasl2.2.dylib
0x000000002a95e000 	/System/Library/PrivateFrameworks/CoreDaemon.framework/Versions/B/CoreDaemon
0x000000002a95e000 	/System/Library/PrivateFrameworks/AppleSRP.framework/Versions/A/AppleSRP
0x000000002a95e000 	/System/Library/PrivateFrameworks/APFS.framework/Versions/A/APFS
0x00000001296ba000 	/Library/Java/JavaVirtualMachines/jdk1.8.0_31.jdk/Contents/Home/jre/lib/libjavafx_font.dylib
0x000000002a95e000 	/System/Library/Frameworks/ApplicationServices.framework/Versions/A/Frameworks/ATS.framework/Versions/A/Resources/libTrueTypeScaler.dylib
0x000000012c290000 	/Library/Java/JavaVirtualMachines/jdk1.8.0_31.jdk/Contents/Home/jre/lib/libnio.dylib
0x000000012c2a0000 	/Library/Java/JavaVirtualMachines/jdk1.8.0_31.jdk/Contents/Home/jre/lib/./libnet.dylib
0x00000001309b1000 	/System/Library/Extensions/AppleIntelHD5000GraphicsMTLDriver.bundle/Contents/MacOS/AppleIntelHD5000GraphicsMTLDriver
0x0000000130985000 	/Library/Java/JavaVirtualMachines/jdk1.8.0_31.jdk/Contents/Home/jre/lib/libprism_common.dylib
0x000000002a95e000 	/System/Library/PrivateFrameworks/ViewBridge.framework/Versions/A/ViewBridge
0x000000002a95e000 	/System/Library/PrivateFrameworks/XPCService.framework/Versions/A/XPCService
0x000000002a95e000 	/System/Library/PrivateFrameworks/AppSandbox.framework/Versions/A/AppSandbox
0x000000002a95e000 	/usr/lib/libsandbox.1.dylib
0x000000002a95e000 	/usr/lib/libMatch.1.dylib

VM Arguments:
jvm_args: -Dfile.encoding=UTF-8 
java_command: GUI.Main
java_class_path (initial): /Users/rumeyzadincer/git/Mastering-Bilkent/MasteringBilkent/src:/Users/rumeyzadincer/.p2/pool/plugins/org.eclipse.fx.ide.css.jfx8_2.4.0.201605112122.jar
Launcher Type: SUN_STANDARD

Environment Variables:
PATH=/usr/bin:/bin:/usr/sbin:/sbin
SHELL=/bin/bash

Signal Handlers:
SIGSEGV: [libjvm.dylib+0x57a0e7], sa_mask[0]=11111111011111110111111111111111, sa_flags=SA_ONSTACK|SA_RESTART|SA_SIGINFO
SIGBUS: [libjvm.dylib+0x57a0e7], sa_mask[0]=11111111011111110111111111111111, sa_flags=SA_RESTART|SA_SIGINFO
SIGFPE: [libjvm.dylib+0x45af24], sa_mask[0]=11111111011111110111111111111111, sa_flags=SA_RESTART|SA_SIGINFO
SIGPIPE: [libjvm.dylib+0x45af24], sa_mask[0]=11111111011111110111111111111111, sa_flags=SA_RESTART|SA_SIGINFO
SIGXFSZ: [libjvm.dylib+0x45af24], sa_mask[0]=11111111011111110111111111111111, sa_flags=SA_RESTART|SA_SIGINFO
SIGILL: [libjvm.dylib+0x45af24], sa_mask[0]=11111111011111110111111111111111, sa_flags=SA_RESTART|SA_SIGINFO
SIGUSR1: SIG_DFL, sa_mask[0]=00000000000000000000000000000000, sa_flags=none
SIGUSR2: [libjvm.dylib+0x45aa42], sa_mask[0]=00100000000000000000000000000000, sa_flags=SA_RESTART|SA_SIGINFO
SIGHUP: [libjvm.dylib+0x459015], sa_mask[0]=11111111011111110111111111111111, sa_flags=SA_RESTART|SA_SIGINFO
SIGINT: [libjvm.dylib+0x459015], sa_mask[0]=11111111011111110111111111111111, sa_flags=SA_RESTART|SA_SIGINFO
