#
# A fatal error has been detected by the Java Runtime Environment:
#
#  SIGSEGV (0xb) at pc=0x00000001247c03fd, pid=66409, tid=775
#
# JRE version: Java(TM) SE Runtime Environment (8.0_31-b13) (build 1.8.0_31-b13)
# Java VM: Java HotSpot(TM) 64-Bit Server VM (25.31-b07 mixed mode bsd-amd64 compressed oops)
# Problematic frame:
# C  [libglass.dylib+0x163fd]  GlassScreenDidChangeScreenParameters+0x9d
#
# Failed to write core dump. Core dumps have been disabled. To enable core dumping, try "ulimit -c unlimited" before starting Java again
#
# If you would like to submit a bug report, please visit:
#   http://bugreport.java.com/bugreport/crash.jsp
#

---------------  T H R E A D  ---------------

Current thread is native thread

siginfo: si_signo: 11 (SIGSEGV), si_code: 1 (SEGV_MAPERR), si_addr: 0x0000000000000000

Registers:
RAX=0x00000001247f2e40, RBX=0x0000000000000000, RCX=0x0000000000000103, RDX=0x00007fd697d9daa0
RSP=0x00007fff54e25b00, RBP=0x00007fff54e25b10, RSI=0x00007fd695703ba8, RDI=0x0000000000000000
R8 =0x0000000000000040, R9 =0x00007fffbe3b2040, R10=0xffffffffffffffff, R11=0x0000000000012068
R12=0x0000000000000000, R13=0x00007fd69552b030, R14=0x00007fd697bb3230, R15=0x0000000000000000
RIP=0x00000001247c03fd, EFLAGS=0x0000000000010206, ERR=0x0000000000000004
  TRAPNO=0x000000000000000e

Top of Stack: (sp=0x00007fff54e25b00)
0x00007fff54e25b00:   00007fd6955278d0 00007fd697bb3230
0x00007fff54e25b10:   00007fff54e25b20 00007fff9fd6f50c
0x00007fff54e25b20:   00007fff54e25b90 00007fff9fd6f40b
0x00007fff54e25b30:   000000010adf2000 00007fffbe3ad060
0x00007fff54e25b40:   00000000c2000000 00007fff9fd6f460
0x00007fff54e25b50:   00007fffbac2d680 00007fd69552b030
0x00007fff54e25b60:   00007fd697bb3230 00007fff54e26358
0x00007fff54e25b70:   00007fffb4bc9040 00007fff54e25c60
0x00007fff54e25b80:   00007fd69552b030 00007fff9e474078
0x00007fff54e25b90:   00007fff54e25bd0 00007fff9fd6f172
0x00007fff54e25ba0:   00007fff54e261a0 0000000000000000
0x00007fff54e25bb0:   00007fffb4bc9040 00007fff54e25c60
0x00007fff54e25bc0:   00007fff54e26358 00007fff9e474078
0x00007fff54e25bd0:   00007fff54e262f0 00007fff9fd2c5a3
0x00007fff54e25be0:   00007fff54e25c00 00007fff9fcee8f0
0x00007fff54e25bf0:   00007fd695413d60 00007fff54e26240
0x00007fff54e25c00:   00007fd69561b5c0 00007fffbac2ecb0
0x00007fff54e25c10:   0000000000000000 00007fd696159950
0x00007fff54e25c20:   00007fd69561b501 00007fd69574a470
0x00007fff54e25c30:   00007fffbad610e0 0000000000000000
0x00007fff54e25c40:   00007fd69552b070 0000000000000000
0x00007fff54e25c50:   0000000000000000 00007fffbac6d900
0x00007fff54e25c60:   00007fff54e261a0 0000000000000001
0x00007fff54e25c70:   0000000000000100 00007fff54e25c00
0x00007fff54e25c80:   00007fff54e260a0 0000000000000000
0x00007fff54e25c90:   0000000000000100 00007fffbac6ee00
0x00007fff54e25ca0:   00007fff54e26240 0000000000000001
0x00007fff54e25cb0:   00007fff54e25cf0 00007fff9fd2724c
0x00007fff54e25cc0:   000000000000000d 00007fd695413d60
0x00007fff54e25cd0:   00007fd695413d60 00007fffbac6ee80
0x00007fff54e25ce0:   00007fd69560bd10 0000000000000001
0x00007fff54e25cf0:   00007fff54e26370 00007fff9fd26d69 

Instructions: (pc=0x00000001247c03fd)
0x00000001247c03dd:   89 df 4c 89 f1 41 ff 90 68 04 00 00 48 8d 05 58
0x00000001247c03ed:   29 03 00 48 8b 30 48 8d 05 46 2a 03 00 48 8b 10
0x00000001247c03fd:   48 8b 0b 30 c0 48 89 df ff 91 68 04 00 00 48 8b
0x00000001247c040d:   03 48 89 df ff 50 78 48 85 c0 74 36 49 89 c6 48 

Register to memory mapping:

RAX=0x00000001247f2e40: jScreenNotifySettingsChanged+0 in /Library/Java/JavaVirtualMachines/jdk1.8.0_31.jdk/Contents/Home/jre/lib/libglass.dylib at 0x00000001247aa000
RBX=0x0000000000000000 is an unknown value
RCX=0x0000000000000103 is an unknown value
RDX=0x00007fd697d9daa0 is an unknown value
RSP=0x00007fff54e25b00 is an unknown value
RBP=0x00007fff54e25b10 is an unknown value
RSI=0x00007fd695703ba8 is a global jni handle
RDI=0x0000000000000000 is an unknown value
R8 =0x0000000000000040 is an unknown value
R9 =0x00007fffbe3b2040: __sFX+0x1c0 in /usr/lib/system/libsystem_c.dylib at 0x00007fffb54f1000
R10=0xffffffffffffffff is an unknown value
R11=0x0000000000012068 is an unknown value
R12=0x0000000000000000 is an unknown value
R13=0x00007fd69552b030 is an unknown value
R14=0x00007fd697bb3230 is an unknown value
R15=0x0000000000000000 is an unknown value


Stack: [0x00007fff54629000,0x00007fff54e29000],  sp=0x00007fff54e25b00,  free space=8178k
Native frames: (J=compiled Java code, j=interpreted, Vv=VM code, C=native code)
C  [libglass.dylib+0x163fd]  GlassScreenDidChangeScreenParameters+0x9d
C  [CoreFoundation+0x9d50c]  __CFNOTIFICATIONCENTER_IS_CALLING_OUT_TO_AN_OBSERVER__+0xc
C  [CoreFoundation+0x9d40b]  _CFXRegistrationPost+0x1ab
C  [CoreFoundation+0x9d172]  ___CFXNotificationPost_block_invoke+0x32
C  [CoreFoundation+0x5a5a3]  -[_CFXNotificationRegistrar find:object:observer:enumerator:]+0x723
C  [CoreFoundation+0x595dc]  _CFXNotificationPost+0x25c
C  [Foundation+0x6997]  -[NSNotificationCenter postNotificationName:object:userInfo:]+0x42
C  [AppKit+0x3f0e8a]  -[NSApplication _reactToScreenInvalidationImmediately:]+0x18f
C  [AppKit+0x3f0cc7]  __44-[NSApplication _reactToScreenInvalidation:]_block_invoke+0x3b
C  [CoreFoundation+0xa721c]  __CFRUNLOOP_IS_CALLING_OUT_TO_A_BLOCK__+0xc
C  [CoreFoundation+0x88034]  __CFRunLoopDoBlocks+0x164
C  [CoreFoundation+0x87b76]  __CFRunLoopRun+0x756
C  [CoreFoundation+0x871c4]  CFRunLoopRunSpecific+0x1a4
C  [java+0x56cc]  CreateExecutionEnvironment+0x367
C  [java+0x165c]  JLI_Launch+0x7a0
C  [java+0x768a]  main+0x65
C  [java+0xeb4]  start+0x34


---------------  P R O C E S S  ---------------

VM state:at safepoint (normal execution)

VM Mutex/Monitor currently owned by a thread:  ([mutex/lock_event])
[0x00007fd69560ddb0] Threads_lock - owner thread: 0x00007fd696008000
[0x00007fd69560e2b0] Heap_lock - owner thread: 0x00007fd696a7f000

Heap:
 PSYoungGen      total 38400K, used 21957K [0x0000000795580000, 0x000000079a080000, 0x00000007c0000000)
  eden space 33280K, 50% used [0x0000000795580000,0x00000007965f3748,0x0000000797600000)
  from space 5120K, 99% used [0x0000000797600000,0x0000000797afe010,0x0000000797b00000)
  to   space 5120K, 0% used [0x0000000799b80000,0x0000000799b80000,0x000000079a080000)
 ParOldGen       total 87552K, used 2565K [0x0000000740000000, 0x0000000745580000, 0x0000000795580000)
  object space 87552K, 2% used [0x0000000740000000,0x00000007402815f0,0x0000000745580000)
 Metaspace       used 16578K, capacity 17318K, committed 17536K, reserved 1064960K
  class space    used 2408K, capacity 2562K, committed 2688K, reserved 1048576K

Card table byte_map: [0x000000011bbd3000,0x000000011bfd4000] byte_map_base: 0x00000001181d3000

Marking Bits: (ParMarkBitMap*) 0x000000010b6f1410
 Begin Bits: [0x000000011c27f000, 0x000000011e27f000)
 End Bits:   [0x000000011e27f000, 0x000000012027f000)

Polling page: 0x000000010bdb4000

CodeCache: size=245760Kb used=7773Kb max_used=7785Kb free=237986Kb
 bounds [0x000000010cbd3000, 0x000000010d373000, 0x000000011bbd3000]
 total_blobs=3247 nmethods=2584 adapters=576
 compilation: enabled

Compilation events (10 events):
Event: 242.740 Thread 0x00007fd696827000 2581       3       javafx.scene.CssStyleHelper::getTransitionStates (144 bytes)
Event: 242.742 Thread 0x00007fd696827000 nmethod 2581 0x000000010d36cb50 code [0x000000010d36cde0, 0x000000010d36e188]
Event: 242.743 Thread 0x00007fd696814000 2582       4       com.sun.javafx.css.StyleCacheEntry::get (37 bytes)
Event: 242.784 Thread 0x00007fd696814000 nmethod 2582 0x000000010d370690 code [0x000000010d370820, 0x000000010d370d38]
Event: 242.901 Thread 0x00007fd696827000 2583       3       java.lang.ref.SoftReference::<init> (13 bytes)
Event: 242.903 Thread 0x00007fd696827000 nmethod 2583 0x000000010d363690 code [0x000000010d363800, 0x000000010d363af0]
Event: 242.943 Thread 0x00007fd696826800 2584       4       java.lang.Class::getName (21 bytes)
Event: 242.944 Thread 0x00007fd696826800 nmethod 2584 0x000000010d364b50 code [0x000000010d364ca0, 0x000000010d364d48]
Event: 243.001 Thread 0x00007fd696814000 2585       4       java.util.HashMap$HashIterator::nextNode (100 bytes)
Event: 243.006 Thread 0x00007fd696814000 nmethod 2585 0x000000010d36ad50 code [0x000000010d36aea0, 0x000000010d36b0f8]

GC Heap History (2 events):
Event: 1.530 GC heap before
{Heap before GC invocations=1 (full 0):
 PSYoungGen      total 38400K, used 33280K [0x0000000795580000, 0x0000000798000000, 0x00000007c0000000)
  eden space 33280K, 100% used [0x0000000795580000,0x0000000797600000,0x0000000797600000)
  from space 5120K, 0% used [0x0000000797b00000,0x0000000797b00000,0x0000000798000000)
  to   space 5120K, 0% used [0x0000000797600000,0x0000000797600000,0x0000000797b00000)
 ParOldGen       total 87552K, used 0K [0x0000000740000000, 0x0000000745580000, 0x0000000795580000)
  object space 87552K, 0% used [0x0000000740000000,0x0000000740000000,0x0000000745580000)
 Metaspace       used 13877K, capacity 14436K, committed 14592K, reserved 1060864K
  class space    used 2066K, capacity 2198K, committed 2304K, reserved 1048576K
Event: 1.550 GC heap after
Heap after GC invocations=1 (full 0):
 PSYoungGen      total 38400K, used 5112K [0x0000000795580000, 0x000000079a080000, 0x00000007c0000000)
  eden space 33280K, 0% used [0x0000000795580000,0x0000000795580000,0x0000000797600000)
  from space 5120K, 99% used [0x0000000797600000,0x0000000797afe010,0x0000000797b00000)
  to   space 5120K, 0% used [0x0000000799b80000,0x0000000799b80000,0x000000079a080000)
 ParOldGen       total 87552K, used 2565K [0x0000000740000000, 0x0000000745580000, 0x0000000795580000)
  object space 87552K, 2% used [0x0000000740000000,0x00000007402815f0,0x0000000745580000)
 Metaspace       used 13877K, capacity 14436K, committed 14592K, reserved 1060864K
  class space    used 2066K, capacity 2198K, committed 2304K, reserved 1048576K
}

Deoptimization events (10 events):
Event: 1.118 Thread 0x00007fd69614b800 Uncommon trap: reason=class_check action=maybe_recompile pc=0x000000010ccf72dc method=java.lang.String.equals(Ljava/lang/Object;)Z @ 8
Event: 3.866 Thread 0x00007fd69614b800 Uncommon trap: reason=class_check action=maybe_recompile pc=0x000000010cf49994 method=java.io.FilterInputStream.read()I @ 4
Event: 3.866 Thread 0x00007fd69614b800 Uncommon trap: reason=class_check action=maybe_recompile pc=0x000000010cf49994 method=java.io.FilterInputStream.read()I @ 4
Event: 3.866 Thread 0x00007fd69614b800 Uncommon trap: reason=class_check action=maybe_recompile pc=0x000000010cf49994 method=java.io.FilterInputStream.read()I @ 4
Event: 3.866 Thread 0x00007fd69614b800 Uncommon trap: reason=class_check action=maybe_recompile pc=0x000000010cf49994 method=java.io.FilterInputStream.read()I @ 4
Event: 6.511 Thread 0x00007fd69614b800 Uncommon trap: reason=class_check action=maybe_recompile pc=0x000000010d1638e0 method=javafx.scene.Node.updateLocalToParentTransform()V @ 11
Event: 6.529 Thread 0x00007fd69614b800 Uncommon trap: reason=class_check action=maybe_recompile pc=0x000000010d1638e0 method=javafx.scene.Node.updateLocalToParentTransform()V @ 11
Event: 6.540 Thread 0x00007fd69614b800 Uncommon trap: reason=class_check action=maybe_recompile pc=0x000000010d1638e0 method=javafx.scene.Node.updateLocalToParentTransform()V @ 11
Event: 6.540 Thread 0x00007fd69614b800 Uncommon trap: reason=class_check action=maybe_recompile pc=0x000000010d1638e0 method=javafx.scene.Node.updateLocalToParentTransform()V @ 11
Event: 243.008 Thread 0x00007fd696c61000 Uncommon trap: reason=unreached action=reinterpret pc=0x000000010d22d4e4 method=java.lang.ThreadLocal.get()Ljava/lang/Object; @ 11

Internal exceptions (10 events):
Event: 1.170 Thread 0x00007fd69614b800 Exception <a 'java/security/PrivilegedActionException'> (0x0000000796ecb930) thrown at [/Users/java_re/workspace/8-2-build-macosx-x86_64/jdk8u31/2394/hotspot/src/share/vm/prims/jvm.cpp, line 1312]
Event: 3.135 Thread 0x00007fd69614b800 Exception <a 'java/security/PrivilegedActionException'> (0x000000079575fb00) thrown at [/Users/java_re/workspace/8-2-build-macosx-x86_64/jdk8u31/2394/hotspot/src/share/vm/prims/jvm.cpp, line 1312]
Event: 3.135 Thread 0x00007fd69614b800 Exception <a 'java/security/PrivilegedActionException'> (0x00000007957611f8) thrown at [/Users/java_re/workspace/8-2-build-macosx-x86_64/jdk8u31/2394/hotspot/src/share/vm/prims/jvm.cpp, line 1312]
Event: 3.136 Thread 0x00007fd69614b800 Exception <a 'java/security/PrivilegedActionException'> (0x0000000795763ee0) thrown at [/Users/java_re/workspace/8-2-build-macosx-x86_64/jdk8u31/2394/hotspot/src/share/vm/prims/jvm.cpp, line 1312]
Event: 3.136 Thread 0x00007fd69614b800 Exception <a 'java/security/PrivilegedActionException'> (0x0000000795765658) thrown at [/Users/java_re/workspace/8-2-build-macosx-x86_64/jdk8u31/2394/hotspot/src/share/vm/prims/jvm.cpp, line 1312]
Event: 3.840 Thread 0x00007fd69614b800 Exception <a 'java/security/PrivilegedActionException'> (0x00000007957b9298) thrown at [/Users/java_re/workspace/8-2-build-macosx-x86_64/jdk8u31/2394/hotspot/src/share/vm/prims/jvm.cpp, line 1312]
Event: 3.852 Thread 0x00007fd69614b800 Exception <a 'java/io/FileNotFoundException'> (0x000000079581e398) thrown at [/Users/java_re/workspace/8-2-build-macosx-x86_64/jdk8u31/2394/hotspot/src/share/vm/prims/jni.cpp, line 716]
Event: 5.328 Thread 0x00007fd69614b800 Exception <a 'java/security/PrivilegedActionException'> (0x0000000795ab5348) thrown at [/Users/java_re/workspace/8-2-build-macosx-x86_64/jdk8u31/2394/hotspot/src/share/vm/prims/jvm.cpp, line 1312]
Event: 5.336 Thread 0x00007fd69614b800 Exception <a 'java/io/FileNotFoundException'> (0x0000000795ae0860) thrown at [/Users/java_re/workspace/8-2-build-macosx-x86_64/jdk8u31/2394/hotspot/src/share/vm/prims/jni.cpp, line 716]
Event: 243.008 Thread 0x00007fd696c61000 Implicit null exception at 0x000000010d22d408 to 0x000000010d22d4d1

Events (10 events):
Event: 243.005 loading class java/util/IdentityHashMap$IdentityHashMapIterator done
Event: 243.005 loading class java/util/IdentityHashMap$KeyIterator done
Event: 243.006 Thread 0x00007fd696c61000 Thread added: 0x00007fd696c61000
Event: 243.006 loading class com/sun/javafx/font/PrismFontFile
Event: 243.006 loading class com/sun/javafx/font/PrismFontFile done
Event: 243.008 Thread 0x00007fd696c61000 Uncommon trap: trap_request=0xffffffad fr.pc=0x000000010d22d4e4
Event: 243.008 Thread 0x00007fd696c61000 DEOPT PACKING pc=0x000000010d22d4e4 sp=0x000070000e4db3e0
Event: 243.008 Thread 0x00007fd696c61000 DEOPT UNPACKING pc=0x000000010cbd7f69 sp=0x000070000e4db3a8 mode 2
Event: 243.009 Thread 0x00007fd696c61000 Thread exited: 0x00007fd696c61000
Event: 243.010 Thread 0x00007fd696a7f000 Thread exited: 0x00007fd696a7f000


Dynamic libraries:
0x000000002a95e000 	/System/Library/Frameworks/Cocoa.framework/Versions/A/Cocoa
0x000000002a95e000 	/System/Library/Frameworks/Security.framework/Versions/A/Security
0x000000002a95e000 	/System/Library/Frameworks/ApplicationServices.framework/Versions/A/ApplicationServices
0x000000002a95e000 	/usr/lib/libz.1.dylib
0x000000002a95e000 	/usr/lib/libSystem.B.dylib
0x000000002a95e000 	/usr/lib/libobjc.A.dylib
0x000000002a95e000 	/System/Library/Frameworks/CoreFoundation.framework/Versions/A/CoreFoundation
0x000000002a95e000 	/System/Library/Frameworks/Foundation.framework/Versions/C/Foundation
0x000000002a95e000 	/System/Library/Frameworks/AppKit.framework/Versions/C/AppKit
0x000000002a95e000 	/System/Library/Frameworks/CoreData.framework/Versions/A/CoreData
0x000000002a95e000 	/System/Library/PrivateFrameworks/RemoteViewServices.framework/Versions/A/RemoteViewServices
0x000000002a95e000 	/System/Library/PrivateFrameworks/UIFoundation.framework/Versions/A/UIFoundation
0x000000002a95e000 	/System/Library/PrivateFrameworks/DFRFoundation.framework/Versions/A/DFRFoundation
0x000000002a95e000 	/usr/lib/libenergytrace.dylib
0x000000002a95e000 	/System/Library/PrivateFrameworks/SkyLight.framework/Versions/A/SkyLight
0x000000002a95e000 	/System/Library/Frameworks/CoreGraphics.framework/Versions/A/CoreGraphics
0x000000002a95e000 	/usr/lib/libScreenReader.dylib
0x000000002a95e000 	/System/Library/Frameworks/Accelerate.framework/Versions/A/Accelerate
0x000000002a95e000 	/System/Library/Frameworks/IOSurface.framework/Versions/A/IOSurface
0x000000002a95e000 	/System/Library/Frameworks/AudioToolbox.framework/Versions/A/AudioToolbox
0x000000002a95e000 	/System/Library/Frameworks/AudioUnit.framework/Versions/A/AudioUnit
0x000000002a95e000 	/System/Library/PrivateFrameworks/DataDetectorsCore.framework/Versions/A/DataDetectorsCore
0x000000002a95e000 	/System/Library/PrivateFrameworks/DesktopServicesPriv.framework/Versions/A/DesktopServicesPriv
0x000000002a95e000 	/System/Library/Frameworks/Carbon.framework/Versions/A/Frameworks/HIToolbox.framework/Versions/A/HIToolbox
0x000000002a95e000 	/usr/lib/libicucore.A.dylib
0x000000002a95e000 	/System/Library/Frameworks/QuartzCore.framework/Versions/A/QuartzCore
0x000000002a95e000 	/System/Library/Frameworks/Carbon.framework/Versions/A/Frameworks/SpeechRecognition.framework/Versions/A/SpeechRecognition
0x000000002a95e000 	/usr/lib/libauto.dylib
0x000000002a95e000 	/usr/lib/libxml2.2.dylib
0x000000002a95e000 	/System/Library/PrivateFrameworks/CoreUI.framework/Versions/A/CoreUI
0x000000002a95e000 	/System/Library/Frameworks/CoreAudio.framework/Versions/A/CoreAudio
0x000000002a95e000 	/System/Library/Frameworks/DiskArbitration.framework/Versions/A/DiskArbitration
0x000000002a95e000 	/usr/lib/liblangid.dylib
0x000000002a95e000 	/System/Library/PrivateFrameworks/MultitouchSupport.framework/Versions/A/MultitouchSupport
0x000000002a95e000 	/System/Library/Frameworks/IOKit.framework/Versions/A/IOKit
0x000000002a95e000 	/usr/lib/libDiagnosticMessagesClient.dylib
0x000000002a95e000 	/System/Library/Frameworks/CoreServices.framework/Versions/A/CoreServices
0x000000002a95e000 	/System/Library/PrivateFrameworks/PerformanceAnalysis.framework/Versions/A/PerformanceAnalysis
0x000000002a95e000 	/System/Library/PrivateFrameworks/GenerationalStorage.framework/Versions/A/GenerationalStorage
0x000000002a95e000 	/System/Library/Frameworks/OpenGL.framework/Versions/A/OpenGL
0x000000002a95e000 	/System/Library/Frameworks/CoreImage.framework/Versions/A/CoreImage
0x000000002a95e000 	/System/Library/Frameworks/CoreText.framework/Versions/A/CoreText
0x000000002a95e000 	/System/Library/Frameworks/ImageIO.framework/Versions/A/ImageIO
0x000000002a95e000 	/System/Library/PrivateFrameworks/Backup.framework/Versions/A/Backup
0x000000002a95e000 	/usr/lib/libarchive.2.dylib
0x000000002a95e000 	/System/Library/Frameworks/CFNetwork.framework/Versions/A/CFNetwork
0x000000002a95e000 	/System/Library/Frameworks/SystemConfiguration.framework/Versions/A/SystemConfiguration
0x000000002a95e000 	/usr/lib/libCRFSuite.dylib
0x000000002a95e000 	/usr/lib/libc++.1.dylib
0x000000002a95e000 	/usr/lib/libc++abi.dylib
0x000000002a95e000 	/usr/lib/system/libcache.dylib
0x000000002a95e000 	/usr/lib/system/libcommonCrypto.dylib
0x000000002a95e000 	/usr/lib/system/libcompiler_rt.dylib
0x000000002a95e000 	/usr/lib/system/libcopyfile.dylib
0x000000002a95e000 	/usr/lib/system/libcorecrypto.dylib
0x000000002a95e000 	/usr/lib/system/libdispatch.dylib
0x000000002a95e000 	/usr/lib/system/libdyld.dylib
0x000000002a95e000 	/usr/lib/system/libkeymgr.dylib
0x000000002a95e000 	/usr/lib/system/liblaunch.dylib
0x000000002a95e000 	/usr/lib/system/libmacho.dylib
0x000000002a95e000 	/usr/lib/system/libquarantine.dylib
0x000000002a95e000 	/usr/lib/system/libremovefile.dylib
0x000000002a95e000 	/usr/lib/system/libsystem_asl.dylib
0x000000002a95e000 	/usr/lib/system/libsystem_blocks.dylib
0x000000002a95e000 	/usr/lib/system/libsystem_c.dylib
0x000000002a95e000 	/usr/lib/system/libsystem_configuration.dylib
0x000000002a95e000 	/usr/lib/system/libsystem_coreservices.dylib
0x000000002a95e000 	/usr/lib/system/libsystem_coretls.dylib
0x000000002a95e000 	/usr/lib/system/libsystem_dnssd.dylib
0x000000002a95e000 	/usr/lib/system/libsystem_info.dylib
0x000000002a95e000 	/usr/lib/system/libsystem_kernel.dylib
0x000000002a95e000 	/usr/lib/system/libsystem_m.dylib
0x000000002a95e000 	/usr/lib/system/libsystem_malloc.dylib
0x000000002a95e000 	/usr/lib/system/libsystem_network.dylib
0x000000002a95e000 	/usr/lib/system/libsystem_networkextension.dylib
0x000000002a95e000 	/usr/lib/system/libsystem_notify.dylib
0x000000002a95e000 	/usr/lib/system/libsystem_platform.dylib
0x000000002a95e000 	/usr/lib/system/libsystem_pthread.dylib
0x000000002a95e000 	/usr/lib/system/libsystem_sandbox.dylib
0x000000002a95e000 	/usr/lib/system/libsystem_secinit.dylib
0x000000002a95e000 	/usr/lib/system/libsystem_symptoms.dylib
0x000000002a95e000 	/usr/lib/system/libsystem_trace.dylib
0x000000002a95e000 	/usr/lib/system/libunwind.dylib
0x000000002a95e000 	/usr/lib/system/libxpc.dylib
0x000000002a95e000 	/usr/lib/libbsm.0.dylib
0x000000002a95e000 	/usr/lib/system/libkxld.dylib
0x000000002a95e000 	/usr/lib/libcoretls.dylib
0x000000002a95e000 	/usr/lib/libcoretls_cfhelpers.dylib
0x000000002a95e000 	/usr/lib/libOpenScriptingUtil.dylib
0x000000002a95e000 	/usr/lib/libpam.2.dylib
0x000000002a95e000 	/usr/lib/libsqlite3.dylib
0x000000002a95e000 	/usr/lib/libxar.1.dylib
0x000000002a95e000 	/usr/lib/libbz2.1.0.dylib
0x000000002a95e000 	/usr/lib/liblzma.5.dylib
0x000000002a95e000 	/usr/lib/libnetwork.dylib
0x000000002a95e000 	/usr/lib/libpcap.A.dylib
0x000000002a95e000 	/System/Library/Frameworks/CoreServices.framework/Versions/A/Frameworks/FSEvents.framework/Versions/A/FSEvents
0x000000002a95e000 	/System/Library/Frameworks/CoreServices.framework/Versions/A/Frameworks/CarbonCore.framework/Versions/A/CarbonCore
0x000000002a95e000 	/System/Library/Frameworks/CoreServices.framework/Versions/A/Frameworks/Metadata.framework/Versions/A/Metadata
0x000000002a95e000 	/System/Library/Frameworks/CoreServices.framework/Versions/A/Frameworks/OSServices.framework/Versions/A/OSServices
0x000000002a95e000 	/System/Library/Frameworks/CoreServices.framework/Versions/A/Frameworks/SearchKit.framework/Versions/A/SearchKit
0x000000002a95e000 	/System/Library/Frameworks/CoreServices.framework/Versions/A/Frameworks/AE.framework/Versions/A/AE
0x000000002a95e000 	/System/Library/Frameworks/CoreServices.framework/Versions/A/Frameworks/LaunchServices.framework/Versions/A/LaunchServices
0x000000002a95e000 	/System/Library/Frameworks/CoreServices.framework/Versions/A/Frameworks/DictionaryServices.framework/Versions/A/DictionaryServices
0x000000002a95e000 	/System/Library/Frameworks/CoreServices.framework/Versions/A/Frameworks/SharedFileList.framework/Versions/A/SharedFileList
0x000000002a95e000 	/System/Library/Frameworks/NetFS.framework/Versions/A/NetFS
0x000000002a95e000 	/System/Library/PrivateFrameworks/NetAuth.framework/Versions/A/NetAuth
0x000000002a95e000 	/System/Library/PrivateFrameworks/login.framework/Versions/A/Frameworks/loginsupport.framework/Versions/A/loginsupport
0x000000002a95e000 	/System/Library/PrivateFrameworks/TCC.framework/Versions/A/TCC
0x000000002a95e000 	/usr/lib/libmecabra.dylib
0x000000002a95e000 	/System/Library/Frameworks/ApplicationServices.framework/Versions/A/Frameworks/ATS.framework/Versions/A/ATS
0x000000002a95e000 	/System/Library/Frameworks/ApplicationServices.framework/Versions/A/Frameworks/ColorSync.framework/Versions/A/ColorSync
0x000000002a95e000 	/System/Library/Frameworks/ApplicationServices.framework/Versions/A/Frameworks/HIServices.framework/Versions/A/HIServices
0x000000002a95e000 	/System/Library/Frameworks/ApplicationServices.framework/Versions/A/Frameworks/LangAnalysis.framework/Versions/A/LangAnalysis
0x000000002a95e000 	/System/Library/Frameworks/ApplicationServices.framework/Versions/A/Frameworks/PrintCore.framework/Versions/A/PrintCore
0x000000002a95e000 	/System/Library/Frameworks/ApplicationServices.framework/Versions/A/Frameworks/QD.framework/Versions/A/QD
0x000000002a95e000 	/System/Library/Frameworks/ApplicationServices.framework/Versions/A/Frameworks/SpeechSynthesis.framework/Versions/A/SpeechSynthesis
0x000000002a95e000 	/System/Library/Frameworks/Accelerate.framework/Versions/A/Frameworks/vImage.framework/Versions/A/vImage
0x000000002a95e000 	/System/Library/Frameworks/Accelerate.framework/Versions/A/Frameworks/vecLib.framework/Versions/A/vecLib
0x000000002a95e000 	/System/Library/Frameworks/Accelerate.framework/Versions/A/Frameworks/vecLib.framework/Versions/A/libvDSP.dylib
0x000000002a95e000 	/System/Library/Frameworks/Accelerate.framework/Versions/A/Frameworks/vecLib.framework/Versions/A/libBNNS.dylib
0x000000002a95e000 	/System/Library/Frameworks/Accelerate.framework/Versions/A/Frameworks/vecLib.framework/Versions/A/libQuadrature.dylib
0x000000002a95e000 	/System/Library/Frameworks/Accelerate.framework/Versions/A/Frameworks/vecLib.framework/Versions/A/libvMisc.dylib
0x000000002a95e000 	/System/Library/Frameworks/Accelerate.framework/Versions/A/Frameworks/vecLib.framework/Versions/A/libLAPACK.dylib
0x000000002a95e000 	/System/Library/Frameworks/Accelerate.framework/Versions/A/Frameworks/vecLib.framework/Versions/A/libBLAS.dylib
0x000000002a95e000 	/System/Library/Frameworks/Accelerate.framework/Versions/A/Frameworks/vecLib.framework/Versions/A/libLinearAlgebra.dylib
0x000000002a95e000 	/System/Library/Frameworks/Accelerate.framework/Versions/A/Frameworks/vecLib.framework/Versions/A/libSparseBLAS.dylib
0x000000002a95e000 	/System/Library/Frameworks/ApplicationServices.framework/Versions/A/Frameworks/ATS.framework/Versions/A/Resources/libFontParser.dylib
0x000000002a95e000 	/System/Library/Frameworks/ApplicationServices.framework/Versions/A/Frameworks/ATS.framework/Versions/A/Resources/libFontRegistry.dylib
0x000000002a95e000 	/System/Library/Frameworks/ImageIO.framework/Versions/A/Resources/libJPEG.dylib
0x000000002a95e000 	/System/Library/Frameworks/ImageIO.framework/Versions/A/Resources/libTIFF.dylib
0x000000002a95e000 	/System/Library/Frameworks/ImageIO.framework/Versions/A/Resources/libPng.dylib
0x000000002a95e000 	/System/Library/Frameworks/ImageIO.framework/Versions/A/Resources/libGIF.dylib
0x000000002a95e000 	/System/Library/Frameworks/ImageIO.framework/Versions/A/Resources/libJP2.dylib
0x000000002a95e000 	/System/Library/Frameworks/ImageIO.framework/Versions/A/Resources/libRadiance.dylib
0x000000002a95e000 	/usr/lib/libcompression.dylib
0x000000002a95e000 	/System/Library/PrivateFrameworks/AppleJPEG.framework/Versions/A/AppleJPEG
0x000000002a95e000 	/usr/lib/libcups.2.dylib
0x000000002a95e000 	/System/Library/Frameworks/Kerberos.framework/Versions/A/Kerberos
0x000000002a95e000 	/System/Library/Frameworks/GSS.framework/Versions/A/GSS
0x000000002a95e000 	/usr/lib/libresolv.9.dylib
0x000000002a95e000 	/usr/lib/libiconv.2.dylib
0x000000002a95e000 	/System/Library/PrivateFrameworks/Heimdal.framework/Versions/A/Heimdal
0x000000002a95e000 	/usr/lib/libheimdal-asn1.dylib
0x000000002a95e000 	/System/Library/Frameworks/OpenDirectory.framework/Versions/A/OpenDirectory
0x000000002a95e000 	/System/Library/PrivateFrameworks/CommonAuth.framework/Versions/A/CommonAuth
0x000000002a95e000 	/System/Library/Frameworks/OpenDirectory.framework/Versions/A/Frameworks/CFOpenDirectory.framework/Versions/A/CFOpenDirectory
0x000000002a95e000 	/System/Library/Frameworks/SecurityFoundation.framework/Versions/A/SecurityFoundation
0x000000002a95e000 	/System/Library/PrivateFrameworks/LanguageModeling.framework/Versions/A/LanguageModeling
0x000000002a95e000 	/usr/lib/libmarisa.dylib
0x000000002a95e000 	/usr/lib/libChineseTokenizer.dylib
0x000000002a95e000 	/usr/lib/libcmph.dylib
0x000000002a95e000 	/System/Library/PrivateFrameworks/CoreEmoji.framework/Versions/A/CoreEmoji
0x000000002a95e000 	/System/Library/Frameworks/ServiceManagement.framework/Versions/A/ServiceManagement
0x000000002a95e000 	/usr/lib/libxslt.1.dylib
0x000000002a95e000 	/System/Library/Frameworks/Carbon.framework/Versions/A/Frameworks/Ink.framework/Versions/A/Ink
0x000000002a95e000 	/System/Library/PrivateFrameworks/TextureIO.framework/Versions/A/TextureIO
0x000000002a95e000 	/System/Library/Frameworks/Metal.framework/Versions/A/Metal
0x000000002a95e000 	/usr/lib/libate.dylib
0x000000002a95e000 	/System/Library/PrivateFrameworks/GPUCompiler.framework/libmetal_timestamp.dylib
0x000000002a95e000 	/System/Library/Frameworks/OpenGL.framework/Versions/A/Libraries/libCoreFSCache.dylib
0x000000002a95e000 	/System/Library/PrivateFrameworks/IOAccelerator.framework/Versions/A/IOAccelerator
0x000000002a95e000 	/System/Library/Frameworks/CoreVideo.framework/Versions/A/CoreVideo
0x000000002a95e000 	/usr/lib/libFosl_dynamic.dylib
0x000000002a95e000 	/System/Library/PrivateFrameworks/MetalPerformanceShaders.framework/Versions/A/MetalPerformanceShaders
0x000000002a95e000 	/System/Library/PrivateFrameworks/FaceCore.framework/Versions/A/FaceCore
0x000000002a95e000 	/System/Library/Frameworks/OpenCL.framework/Versions/A/OpenCL
0x000000002a95e000 	/System/Library/Frameworks/OpenGL.framework/Versions/A/Libraries/libGLU.dylib
0x000000002a95e000 	/System/Library/Frameworks/OpenGL.framework/Versions/A/Libraries/libGFXShared.dylib
0x000000002a95e000 	/System/Library/Frameworks/OpenGL.framework/Versions/A/Libraries/libGL.dylib
0x000000002a95e000 	/System/Library/Frameworks/OpenGL.framework/Versions/A/Libraries/libGLImage.dylib
0x000000002a95e000 	/System/Library/Frameworks/OpenGL.framework/Versions/A/Libraries/libCVMSPluginSupport.dylib
0x000000002a95e000 	/System/Library/Frameworks/OpenGL.framework/Versions/A/Libraries/libCoreVMClient.dylib
0x000000002a95e000 	/System/Library/PrivateFrameworks/CrashReporterSupport.framework/Versions/A/CrashReporterSupport
0x000000002a95e000 	/System/Library/PrivateFrameworks/Sharing.framework/Versions/A/Sharing
0x000000002a95e000 	/System/Library/PrivateFrameworks/IconServices.framework/Versions/A/IconServices
0x000000002a95e000 	/System/Library/PrivateFrameworks/ProtocolBuffer.framework/Versions/A/ProtocolBuffer
0x000000002a95e000 	/System/Library/PrivateFrameworks/Apple80211.framework/Versions/A/Apple80211
0x000000002a95e000 	/System/Library/Frameworks/CoreWLAN.framework/Versions/A/CoreWLAN
0x000000002a95e000 	/System/Library/PrivateFrameworks/CoreUtils.framework/Versions/A/CoreUtils
0x000000002a95e000 	/System/Library/Frameworks/IOBluetooth.framework/Versions/A/IOBluetooth
0x000000002a95e000 	/System/Library/PrivateFrameworks/CoreWiFi.framework/Versions/A/CoreWiFi
0x000000002a95e000 	/System/Library/Frameworks/CoreBluetooth.framework/Versions/A/CoreBluetooth
0x000000002a95e000 	/System/Library/Frameworks/CoreDisplay.framework/Versions/A/CoreDisplay
0x000000002a95e000 	/System/Library/PrivateFrameworks/IOPresentment.framework/Versions/A/IOPresentment
0x000000002a95e000 	/System/Library/PrivateFrameworks/DSExternalDisplay.framework/Versions/A/DSExternalDisplay
0x000000002a95e000 	/System/Library/PrivateFrameworks/DebugSymbols.framework/Versions/A/DebugSymbols
0x000000002a95e000 	/System/Library/PrivateFrameworks/CoreSymbolication.framework/Versions/A/CoreSymbolication
0x000000002a95e000 	/System/Library/PrivateFrameworks/Symbolication.framework/Versions/A/Symbolication
0x000000002a95e000 	/System/Library/PrivateFrameworks/AppleFSCompression.framework/Versions/A/AppleFSCompression
0x000000002a95e000 	/System/Library/PrivateFrameworks/SpeechRecognitionCore.framework/Versions/A/SpeechRecognitionCore
0x000000002a95e000 	/System/Library/PrivateFrameworks/ChunkingLibrary.framework/Versions/A/ChunkingLibrary
0x000000010ae53000 	/Library/Java/JavaVirtualMachines/jdk1.8.0_31.jdk/Contents/Home/jre/lib/server/libjvm.dylib
0x000000002a95e000 	/usr/lib/libstdc++.6.dylib
0x000000010bd72000 	/Library/Java/JavaVirtualMachines/jdk1.8.0_31.jdk/Contents/Home/jre/lib/libverify.dylib
0x000000010bd80000 	/Library/Java/JavaVirtualMachines/jdk1.8.0_31.jdk/Contents/Home/jre/lib/libjava.dylib
0x000000010bdbe000 	/Library/Java/JavaVirtualMachines/jdk1.8.0_31.jdk/Contents/Home/jre/lib/libzip.dylib
0x000000010cb2a000 	/System/Library/Frameworks/JavaVM.framework/Frameworks/JavaRuntimeSupport.framework/JavaRuntimeSupport
0x0000000121fe1000 	/System/Library/Frameworks/JavaVM.framework/Versions/A/Frameworks/JavaNativeFoundation.framework/Versions/A/JavaNativeFoundation
0x000000010bdf0000 	/System/Library/Frameworks/JavaVM.framework/Versions/A/JavaVM
0x000000002a95e000 	/System/Library/Frameworks/Carbon.framework/Versions/A/Carbon
0x0000000121ff6000 	/System/Library/PrivateFrameworks/JavaLaunching.framework/Versions/A/JavaLaunching
0x000000002a95e000 	/System/Library/Frameworks/Carbon.framework/Versions/A/Frameworks/CommonPanels.framework/Versions/A/CommonPanels
0x000000002a95e000 	/System/Library/Frameworks/Carbon.framework/Versions/A/Frameworks/Help.framework/Versions/A/Help
0x000000002a95e000 	/System/Library/Frameworks/Carbon.framework/Versions/A/Frameworks/ImageCapture.framework/Versions/A/ImageCapture
0x000000002a95e000 	/System/Library/Frameworks/Carbon.framework/Versions/A/Frameworks/OpenScripting.framework/Versions/A/OpenScripting
0x000000002a95e000 	/System/Library/Frameworks/Carbon.framework/Versions/A/Frameworks/Print.framework/Versions/A/Print
0x000000002a95e000 	/System/Library/Frameworks/Carbon.framework/Versions/A/Frameworks/SecurityHI.framework/Versions/A/SecurityHI
0x000000012398b000 	/Library/Java/JavaVirtualMachines/jdk1.8.0_31.jdk/Contents/Home/jre/lib/libprism_es2.dylib
0x00000001239ef000 	/System/Library/Frameworks/OpenGL.framework/Resources/GLEngine.bundle/GLEngine
0x000000002a95e000 	/System/Library/Frameworks/OpenGL.framework/Versions/A/Libraries/libGLProgrammability.dylib
0x0000000123bd4000 	/System/Library/Extensions/AppleIntelHD5000GraphicsGLDriver.bundle/Contents/MacOS/AppleIntelHD5000GraphicsGLDriver
0x000000002a95e000 	/System/Library/PrivateFrameworks/GPUSupport.framework/Versions/A/Libraries/libGPUSupportMercury.dylib
0x0000000124347000 	/System/Library/Frameworks/OpenGL.framework/Resources//GLRendererFloat.bundle/GLRendererFloat
0x000000002a95e000 	/System/Library/Frameworks/OpenCL.framework/Versions/A/Libraries/libcldcpuengine.dylib
0x000000002a95e000 	/usr/lib/libcrypto.0.9.8.dylib
0x000000002a95e000 	/System/Library/PrivateFrameworks/TrustEvaluationAgent.framework/Versions/A/TrustEvaluationAgent
0x00000001247aa000 	/Library/Java/JavaVirtualMachines/jdk1.8.0_31.jdk/Contents/Home/jre/lib/libglass.dylib
0x000000002a95e000 	/System/Library/PrivateFrameworks/CoreServicesInternal.framework/Versions/A/CoreServicesInternal
0x000000002a95e000 	/System/Library/CoreServices/RawCamera.bundle/Contents/MacOS/RawCamera
0x000000002a95e000 	/System/Library/Frameworks/Accelerate.framework/Versions/A/Frameworks/vImage.framework/Versions/A/Libraries/libCGInterfaces.dylib
0x000000002a95e000 	/System/Library/PrivateFrameworks/FamilyControls.framework/Versions/A/FamilyControls
0x000000002a95e000 	/System/Library/PrivateFrameworks/CommerceKit.framework/Versions/A/Frameworks/CommerceCore.framework/Versions/A/CommerceCore
0x000000002a95e000 	/System/Library/PrivateFrameworks/SystemAdministration.framework/Versions/A/SystemAdministration
0x000000002a95e000 	/System/Library/PrivateFrameworks/AppContainer.framework/Versions/A/AppContainer
0x000000002a95e000 	/System/Library/PrivateFrameworks/SecCodeWrapper.framework/Versions/A/SecCodeWrapper
0x000000002a95e000 	/System/Library/Frameworks/DirectoryService.framework/Versions/A/DirectoryService
0x000000002a95e000 	/System/Library/PrivateFrameworks/DiskImages.framework/Versions/A/DiskImages
0x000000002a95e000 	/System/Library/PrivateFrameworks/LoginUIKit.framework/Versions/A/Frameworks/LoginUICore.framework/Versions/A/LoginUICore
0x000000002a95e000 	/usr/lib/libCoreStorage.dylib
0x000000002a95e000 	/usr/lib/libcsfde.dylib
0x000000002a95e000 	/usr/lib/libodfde.dylib
0x000000002a95e000 	/System/Library/Frameworks/DiscRecording.framework/Versions/A/DiscRecording
0x000000002a95e000 	/usr/lib/libcurl.4.dylib
0x000000002a95e000 	/System/Library/PrivateFrameworks/MediaKit.framework/Versions/A/MediaKit
0x000000002a95e000 	/System/Library/PrivateFrameworks/ProtectedCloudStorage.framework/Versions/A/ProtectedCloudStorage
0x000000002a95e000 	/System/Library/PrivateFrameworks/EFILogin.framework/Versions/A/EFILogin
0x000000002a95e000 	/usr/lib/libutil.dylib
0x000000002a95e000 	/System/Library/Frameworks/LDAP.framework/Versions/A/LDAP
0x000000002a95e000 	/usr/lib/libsasl2.2.dylib
0x000000002a95e000 	/System/Library/PrivateFrameworks/CoreDaemon.framework/Versions/B/CoreDaemon
0x000000002a95e000 	/System/Library/PrivateFrameworks/AppleSRP.framework/Versions/A/AppleSRP
0x000000002a95e000 	/System/Library/PrivateFrameworks/APFS.framework/Versions/A/APFS
0x0000000124d74000 	/Library/Java/JavaVirtualMachines/jdk1.8.0_31.jdk/Contents/Home/jre/lib/libjavafx_font.dylib
0x000000002a95e000 	/System/Library/Frameworks/ApplicationServices.framework/Versions/A/Frameworks/ATS.framework/Versions/A/Resources/libTrueTypeScaler.dylib
0x000000012794c000 	/Library/Java/JavaVirtualMachines/jdk1.8.0_31.jdk/Contents/Home/jre/lib/libnio.dylib
0x000000012795c000 	/Library/Java/JavaVirtualMachines/jdk1.8.0_31.jdk/Contents/Home/jre/lib/./libnet.dylib
0x000000012c069000 	/System/Library/Extensions/AppleIntelHD5000GraphicsMTLDriver.bundle/Contents/MacOS/AppleIntelHD5000GraphicsMTLDriver
0x000000012c058000 	/Library/Java/JavaVirtualMachines/jdk1.8.0_31.jdk/Contents/Home/jre/lib/libprism_common.dylib
0x000000002a95e000 	/System/Library/PrivateFrameworks/ViewBridge.framework/Versions/A/ViewBridge
0x000000002a95e000 	/System/Library/PrivateFrameworks/XPCService.framework/Versions/A/XPCService
0x000000002a95e000 	/System/Library/PrivateFrameworks/AppSandbox.framework/Versions/A/AppSandbox
0x000000002a95e000 	/usr/lib/libsandbox.1.dylib
0x000000002a95e000 	/usr/lib/libMatch.1.dylib

VM Arguments:
jvm_args: -Dfile.encoding=UTF-8 
java_command: GUI.Main
java_class_path (initial): /Users/rumeyzadincer/git/Mastering-Bilkent/MasteringBilkent/src:/Users/rumeyzadincer/.p2/pool/plugins/org.eclipse.fx.ide.css.jfx8_2.4.0.201605112122.jar
Launcher Type: SUN_STANDARD

Environment Variables:
PATH=/usr/bin:/bin:/usr/sbin:/sbin
SHELL=/bin/bash

Signal Handlers:
SIGSEGV: [libjvm.dylib+0x57a0e7], sa_mask[0]=11111111011111110111111111111111, sa_flags=SA_ONSTACK|SA_RESTART|SA_SIGINFO
SIGBUS: [libjvm.dylib+0x57a0e7], sa_mask[0]=11111111011111110111111111111111, sa_flags=SA_RESTART|SA_SIGINFO
SIGFPE: [libjvm.dylib+0x45af24], sa_mask[0]=11111111011111110111111111111111, sa_flags=SA_RESTART|SA_SIGINFO
SIGPIPE: [libjvm.dylib+0x45af24], sa_mask[0]=11111111011111110111111111111111, sa_flags=SA_RESTART|SA_SIGINFO
SIGXFSZ: [libjvm.dylib+0x45af24], sa_mask[0]=11111111011111110111111111111111, sa_flags=SA_RESTART|SA_SIGINFO
SIGILL: [libjvm.dylib+0x45af24], sa_mask[0]=11111111011111110111111111111111, sa_flags=SA_RESTART|SA_SIGINFO
SIGUSR1: SIG_DFL, sa_mask[0]=00000000000000000000000000000000, sa_flags=none
SIGUSR2: [libjvm.dylib+0x45aa42], sa_mask[0]=00100000000000000000000000000000, sa_flags=SA_RESTART|SA_SIGINFO
SIGHUP: [libjvm.dylib+0x459015], sa_mask[0]=11111111011111110111111111111111, sa_flags=SA_RESTART|SA_SIGINFO
SIGINT: [libjvm.dylib+0x459015], sa_mask[0]=11111111011111110111111111111111, sa_flags=SA_RESTART|SA_SIGINFO
SIGTERM: [libjvm.dylib+0x459015], sa_mask[0]=11111111011111110111111111111111, sa_flags=SA_RESTART|SA_SIGINFO
SIGQUIT: [libjvm.dylib+0x459015], sa_mask[0]=11111111011111110111111111111111, sa_flags=SA_RESTART|SA_SIGINFO


---------------  S Y S T E M  ---------------

OS:Bsduname:Darwin 16.5.0 Darwin Kernel Version 16.5.0: Fri Mar  3 16:52:33 PST 2017; root:xnu-3789.51.2~3/RELEASE_X86_64 x86_64
rlimit: STACK 8192k, CORE 0k, NPROC 709, NOFILE 10240, AS infinity
load average:2.54 2.15 1.94

CPU:total 4 (2 cores per cpu, 2 threads per core) family 6 model 69 stepping 1, cmov, cx8, fxsr, mmx, sse, sse2, sse3, ssse3, sse4.1, sse4.2, popcnt, avx, avx2, aes, clmul, erms, lzcnt, ht, tsc, tscinvbit, bmi1, bmi2

Memory: 4k page, physical 8388608k(2892936k free)

/proc/meminfo:


vm_info: Java HotSpot(TM) 64-Bit Server VM (25.31-b07) for bsd-amd64 JRE (1.8.0_31-b13), built on Dec 17 2014 20:45:36 by "java_re" with gcc 4.2.1 (Based on Apple Inc. build 5658) (LLVM build 2336.11.00)

time: Mon May  8 18:40:35 2017
elapsed time: 243 seconds (0d 0h 4m 3s)

